Jun-17 11:14:32.568 [main] DEBUG nextflow.cli.Launcher - $> nextflow run /lustre/smriti.a/samhita/src/rnaseqCounts_pipeline/multiMapStats_call.nf -c /lustre/smriti.a/samhita/src/rnaseqCounts_pipeline/dengue112.config -w /lustre/smriti.a/samhita/src/rnaseqCounts_pipeline/work -with-trace /lustre/smriti.a/samhita/src/rnaseqCounts_pipeline/runStats/dengue112Run_17062025_multiMap/trace.txt -with-timeline /lustre/smriti.a/samhita/src/rnaseqCounts_pipeline/runStats/dengue112Run_17062025_multiMap/timeline.html -with-report /lustre/smriti.a/samhita/src/rnaseqCounts_pipeline/runStats/dengue112Run_17062025_multiMap/report.html --runName dengue112_multiMapStats
Jun-17 11:14:32.709 [main] DEBUG nextflow.cli.CmdRun - N E X T F L O W  ~  version 24.10.5
Jun-17 11:14:32.731 [main] DEBUG nextflow.plugin.PluginsFacade - Setting up plugin manager > mode=prod; embedded=false; plugins-dir=/home/smriti.a/.nextflow/plugins; core-plugins: nf-amazon@2.9.2,nf-azure@1.10.2,nf-cloudcache@0.4.2,nf-codecommit@0.2.2,nf-console@1.1.4,nf-google@1.15.4,nf-tower@1.9.3,nf-wave@1.7.4
Jun-17 11:14:32.755 [main] INFO  o.pf4j.DefaultPluginStatusProvider - Enabled plugins: []
Jun-17 11:14:32.756 [main] INFO  o.pf4j.DefaultPluginStatusProvider - Disabled plugins: []
Jun-17 11:14:32.760 [main] INFO  org.pf4j.DefaultPluginManager - PF4J version 3.12.0 in 'deployment' mode
Jun-17 11:14:32.773 [main] INFO  org.pf4j.AbstractPluginManager - No plugins
Jun-17 11:14:32.802 [main] DEBUG nextflow.config.ConfigBuilder - User config file: /lustre/smriti.a/samhita/src/rnaseqCounts_pipeline/dengue112.config
Jun-17 11:14:32.804 [main] DEBUG nextflow.config.ConfigBuilder - Parsing config file: /lustre/smriti.a/samhita/src/rnaseqCounts_pipeline/dengue112.config
Jun-17 11:14:32.855 [main] DEBUG n.secret.LocalSecretsProvider - Secrets store: /home/smriti.a/.nextflow/secrets/store.json
Jun-17 11:14:32.859 [main] DEBUG nextflow.secret.SecretsLoader - Discovered secrets providers: [nextflow.secret.LocalSecretsProvider@907f2b7] - activable => nextflow.secret.LocalSecretsProvider@907f2b7
Jun-17 11:14:32.873 [main] DEBUG nextflow.config.ConfigBuilder - Applying config profile: `standard`
Jun-17 11:14:33.437 [main] DEBUG nextflow.cli.CmdRun - Applied DSL=2 from script declaration
Jun-17 11:14:33.455 [main] DEBUG nextflow.cli.CmdRun - Launching `/lustre/smriti.a/samhita/src/rnaseqCounts_pipeline/multiMapStats_call.nf` [cheesy_curie] DSL2 - revision: 4286ce38ad
Jun-17 11:14:33.457 [main] DEBUG nextflow.plugin.PluginsFacade - Plugins default=[]
Jun-17 11:14:33.458 [main] DEBUG nextflow.plugin.PluginsFacade - Plugins resolved requirement=[]
Jun-17 11:14:33.528 [main] DEBUG nextflow.Session - Session UUID: 9e9da59f-c1d3-4a44-b1b4-f277eabb20fc
Jun-17 11:14:33.528 [main] DEBUG nextflow.Session - Run name: cheesy_curie
Jun-17 11:14:33.529 [main] DEBUG nextflow.Session - Executor pool size: 40
Jun-17 11:14:33.540 [main] DEBUG nextflow.file.FilePorter - File porter settings maxRetries=3; maxTransfers=50; pollTimeout=null
Jun-17 11:14:33.547 [main] DEBUG nextflow.util.ThreadPoolBuilder - Creating thread pool 'FileTransfer' minSize=10; maxSize=120; workQueue=LinkedBlockingQueue[-1]; allowCoreThreadTimeout=false
Jun-17 11:14:33.576 [main] DEBUG nextflow.cli.CmdRun - 
  Version: 24.10.5 build 5935
  Created: 04-03-2025 17:55 UTC (23:25 IDT)
  System: Linux 3.10.0-1062.el7.x86_64
  Runtime: Groovy 4.0.23 on OpenJDK 64-Bit Server VM 17.0.10+7
  Encoding: UTF-8 (UTF-8)
  Process: 159397@hn1.dc [192.168.28.10]
  CPUs: 40 - Mem: 377.4 GB (136.4 GB) - Swap: 64 GB (57 GB)
Jun-17 11:14:33.623 [main] DEBUG nextflow.Session - Work-dir: /lustre/smriti.a/samhita/src/rnaseqCounts_pipeline/work [lustre]
Jun-17 11:14:33.624 [main] DEBUG nextflow.Session - Script base path does not exist or is not a directory: /lustre/smriti.a/samhita/src/rnaseqCounts_pipeline/bin
Jun-17 11:14:33.635 [main] DEBUG nextflow.executor.ExecutorFactory - Extension executors providers=[]
Jun-17 11:14:33.646 [main] DEBUG nextflow.Session - Observer factory: DefaultObserverFactory
Jun-17 11:14:33.698 [main] DEBUG nextflow.cache.CacheFactory - Using Nextflow cache factory: nextflow.cache.DefaultCacheFactory
Jun-17 11:14:33.709 [main] DEBUG nextflow.util.CustomThreadPool - Creating default thread pool > poolSize: 41; maxThreads: 1000
Jun-17 11:14:33.909 [main] DEBUG nextflow.Session - Session start
Jun-17 11:14:33.915 [main] DEBUG nextflow.trace.TraceFileObserver - Workflow started -- trace file: /lustre/smriti.a/samhita/src/rnaseqCounts_pipeline/runStats/dengue112Run_17062025_multiMap/trace.txt
Jun-17 11:14:34.232 [main] DEBUG nextflow.script.ScriptRunner - > Launching execution
Jun-17 11:14:34.486 [main] DEBUG nextflow.executor.ExecutorFactory - << taskConfig executor: slurm
Jun-17 11:14:34.487 [main] DEBUG nextflow.executor.ExecutorFactory - >> processorType: 'slurm'
Jun-17 11:14:34.498 [main] DEBUG nextflow.executor.Executor - [warm up] executor > slurm
Jun-17 11:14:34.506 [main] DEBUG n.processor.TaskPollingMonitor - Creating task monitor for executor 'slurm' > capacity: 100; pollInterval: 5s; dumpInterval: 5m 
Jun-17 11:14:34.508 [main] DEBUG n.processor.TaskPollingMonitor - >>> barrier register (monitor: slurm)
Jun-17 11:14:34.512 [main] DEBUG n.executor.AbstractGridExecutor - Creating executor 'slurm' > queue-stat-interval: 1m
Jun-17 11:14:34.581 [main] DEBUG nextflow.Session - Workflow process names [dsl2]: MULTI_MAP_STATS
Jun-17 11:14:34.595 [main] WARN  nextflow.Session - There's no process matching config selector: FASTQC*
Jun-17 11:14:34.597 [main] WARN  nextflow.Session - There's no process matching config selector: TRIM
Jun-17 11:14:34.597 [main] WARN  nextflow.Session - There's no process matching config selector: SALMON_MAP
Jun-17 11:14:34.597 [main] WARN  nextflow.Session - There's no process matching config selector: SALMON_ALIGN
Jun-17 11:14:34.597 [main] WARN  nextflow.Session - There's no process matching config selector: STAR_GENCODE
Jun-17 11:14:34.597 [main] WARN  nextflow.Session - There's no process matching config selector: MULTI_QC
Jun-17 11:14:34.597 [main] DEBUG nextflow.Session - Igniting dataflow network (2)
Jun-17 11:14:34.605 [main] DEBUG nextflow.processor.TaskProcessor - Starting process > MULTI_MAP_STATS
Jun-17 11:14:34.605 [PathVisitor-1] DEBUG nextflow.file.PathVisitor - files for syntax: glob; folder: /lustre/smriti.a/samhita/results_dengue_112/; pattern: **/star_gencode/*_Aligned.sortedByCoord.out.bam; options: [:]
Jun-17 11:14:34.606 [main] DEBUG nextflow.script.ScriptRunner - Parsed script files:
  Script_3746690031a41b5f: /lustre/smriti.a/samhita/src/rnaseqCounts_pipeline/multiMapStats_call.nf
  Script_6c05cca1988bb244: /lustre/smriti.a/samhita/src/rnaseqCounts_pipeline/processes/multiMapStats_R.nf
Jun-17 11:14:34.606 [main] DEBUG nextflow.script.ScriptRunner - > Awaiting termination 
Jun-17 11:14:34.606 [main] DEBUG nextflow.Session - Session await
Jun-17 11:14:34.917 [Task submitter] DEBUG nextflow.executor.GridTaskHandler - [SLURM] submitted process MULTI_MAP_STATS (1) > jobId: 30803; workDir: /lustre/smriti.a/samhita/src/rnaseqCounts_pipeline/work/fa/1360278a1372862bcc8ee1ea4f06d1
Jun-17 11:14:34.917 [Task submitter] INFO  nextflow.Session - [fa/136027] Submitted process > MULTI_MAP_STATS (1)
Jun-17 11:14:54.527 [Task monitor] DEBUG n.processor.TaskPollingMonitor - Task completed > TaskHandler[jobId: 30803; id: 1; name: MULTI_MAP_STATS (1); status: COMPLETED; exit: 2; error: -; workDir: /lustre/smriti.a/samhita/src/rnaseqCounts_pipeline/work/fa/1360278a1372862bcc8ee1ea4f06d1 started: 1750139079522; exited: 2025-06-17T05:44:52Z; ]
Jun-17 11:14:54.530 [Task monitor] DEBUG nextflow.util.ThreadPoolBuilder - Creating thread pool 'TaskFinalizer' minSize=10; maxSize=120; workQueue=LinkedBlockingQueue[-1]; allowCoreThreadTimeout=false
Jun-17 11:14:54.597 [TaskFinalizer-1] DEBUG nextflow.processor.TaskProcessor - Handling unexpected condition for
  task: name=MULTI_MAP_STATS (1); work-dir=/lustre/smriti.a/samhita/src/rnaseqCounts_pipeline/work/fa/1360278a1372862bcc8ee1ea4f06d1
  error [nextflow.exception.ProcessFailedException]: Process `MULTI_MAP_STATS (1)` terminated with an error exit status (2)
Jun-17 11:14:54.645 [TaskFinalizer-1] ERROR nextflow.processor.TaskProcessor - Error executing process > 'MULTI_MAP_STATS (1)'

Caused by:
  Process `MULTI_MAP_STATS (1)` terminated with an error exit status (2)


Command executed:

  source /home/smriti.a/anaconda3/etc/profile.d/conda.sh
  conda activate R_m6a_all
  
  Rscript /lustre/smriti.a/samhita/src/multimapAnalysis.r IGIB113002368720_Severe_MALE_Aligned.sortedByCoord.out.bam
  
  conda deactivate

Command exit status:
  2

Command output:
  ++ stat mem=143856 0 113200 948 113200 948 6 0
  ++ stat mem=143861 0 140640 15148 140640 15148 1366 5
  ++ stat SUM=0 0 480240 18248 480240 18248 1386 6
  ++ stat PEAK=0 0 480240 18248 480240 18248 1386 6
  
  ++ stat mem=143848 0 113200 1484 113200 1484 13 1
  ++ stat mem=143855 0 113200 668 113200 668 1 0
  ++ stat mem=143856 0 113200 948 113200 948 6 0
  ++ stat mem=143861 0 143832 16024 143832 16024 1670 5
  ++ stat SUM=0 0 483432 19124 483432 19124 1690 6
  ++ stat PEAK=0 0 483432 19124 483432 19124 1690 6
  
  ++ stat mem=143848 0 113200 1484 113200 1484 14 1
  ++ stat mem=143855 0 113200 668 113200 668 1 0
  ++ stat mem=143856 0 0 0 0 0 0 0
  ++ stat mem=143861 0 0 0 0 0 0 0
  ++ stat SUM=0 0 226400 2152 226400 2152 15 1
  ++ stat PEAK=0 0 483432 19124 483432 19124 1690 6
  
  ++ stat mem=143848 0 113200 1576 113200 1576 49 1
  ++ stat mem=144716 0 117424 1696 117480 1696 85 5
  ++ stat SUM=0 0 230624 3272 230680 3272 134 6
  ++ stat PEAK=0 0 483432 19124 483432 19124 1690 6
  
  ++ stat mem=143848 0 113200 1576 113200 1576 49 1
  ++ stat mem=144716 0 117424 1708 117480 1708 103 5
  ++ stat mem=144898 0 35997148 73792 36062684 74624 9 1
  ++ stat SUM=0 0 36227772 77076 36293364 77908 161 7
  ++ stat PEAK=0 0 36227772 77076 36293364 77908 1690 7
  
  ++ stat mem=143848 0 113200 1576 113200 1576 49 1
  ++ stat mem=144716 0 117556 1728 117556 1728 152 5
  ++ stat mem=145059 0 117556 704 117556 704 2 0
  ++ stat mem=145061 0 68352 496 68352 496 130 2
  ++ stat SUM=0 0 416664 4504 416664 4504 333 8
  ++ stat PEAK=0 0 36227772 77076 36293364 77908 1690 8
  
  ++ stat mem=143848 0 113200 1576 113200 1576 49 1
  ++ stat mem=144716 0 117556 1728 117556 1728 181 5
  ++ stat mem=145228 0 113196 1536 113196 1536 27 3
  ++ stat mem=145234 0 5578552 30296 5619468 33084 201 91
  ++ stat mem=145280 0 110412 1112 110424 1112 18 2
  ++ stat mem=145284 0 113200 1468 113200 1468 1 1
  ++ stat mem=145285 0 9732 1224 9732 1224 24 1
  ++ stat mem=145286 0 8748 700 8748 700 64 2
  ++ stat mem=145287 0 116220 2772 116220 2772 29 1
  ++ stat SUM=0 0 6280816 42412 6321744 45200 594 107
  ++ stat PEAK=0 0 36227772 77076 36293364 77908 1690 107
  
  Fatal error: cannot open file '/lustre/smriti.a/samhita/src/multimapAnalysis.r': No such file or directory

Command error:
  ++ . /home/smriti.a/anaconda3/envs/R_m6a_all/etc/conda/deactivate.d/libglib_deactivate.sh
  +++ export GSETTINGS_SCHEMA_DIR=
  +++ GSETTINGS_SCHEMA_DIR=
  +++ unset GSETTINGS_SCHEMA_DIR_CONDA_BACKUP
  +++ '[' -z ']'
  +++ unset GSETTINGS_SCHEMA_DIR
  ++ . /home/smriti.a/anaconda3/envs/R_m6a_all/etc/conda/deactivate.d/deactivate-r-base.sh
  +++ [[ ! -z '' ]]
  +++ unset RSTUDIO_WHICH_R
  ++ PS1='(R_m6a_all) '
  ++ export PATH=/lustre/smriti.a/samhita/tools_softwares/subread-2.0.6-Linux-x86_64/bin:/lustre/smriti.a/samhita/tools_softwares/nextflow:/lustre/smriti.a/samhita/tools_softwares/salmon-1.10.1/install/bin:/lustre/apps/FastQC:/home/smriti.a/perl5/bin:/opt/xcat/bin:/opt/xcat/sbin:/opt/xcat/share/xcat/tools:/lustre/apps/go/bin:/lustre/apps/singularity/3.7.4/bin:/opt/slurm/bin:/home/smriti.a/.vscode-server/bin/8b3775030ed1a69b13e4f4c628c612102e30a681/bin/remote-cli:/lustre/smriti.a/samhita/tools_softwares/subread-2.0.6-Linux-x86_64/bin:/lustre/smriti.a/samhita/tools_softwares/nextflow:/lustre/smriti.a/samhita/tools_softwares/salmon-1.10.1/install/bin:/lustre/apps/FastQC:/home/smriti.a/perl5/bin:/lustre/apps/gcc-8.4/bin:/opt/xcat/bin:/opt/xcat/sbin:/opt/xcat/share/xcat/tools:/lustre/apps/go/bin:/lustre/apps/singularity/3.7.4/bin:/opt/slurm/bin:/lustre/smriti.a/samhita/tools_softwares/subread-2.0.6-Linux-x86_64/bin:/lustre/smriti.a/samhita/tools_softwares/nextflow:/home/smriti.a/.sdkman/candidates/java/current/bin:/lustre/smriti.a/samhita/tools_softwares/salmon-1.10.1/install/bin:/lustre/apps/FastQC:/home/smriti.a/perl5/bin:/home/smriti.a/anaconda3/envs/R_m6a_all/bin:/home/smriti.a/anaconda3/condabin:/opt/xcat/bin:/opt/xcat/sbin:/opt/xcat/share/xcat/tools:/lustre/apps/go/bin:/lustre/apps/singularity/3.7.4/bin:/opt/slurm/bin:/usr/local/bin:/usr/bin:/opt/ibutils/bin:/home/smriti/fieldbioinformatics/ont-guppy/bin:/usr/local/sbin:/usr/sbin:/home/smriti/fieldbioinformatics/ont-guppy/bin:/home/smriti.a/.local/bin:/home/smriti.a/bin:/home/smriti/fieldbioinformatics/ont-guppy/bin
  ++ PATH=/lustre/smriti.a/samhita/tools_softwares/subread-2.0.6-Linux-x86_64/bin:/lustre/smriti.a/samhita/tools_softwares/nextflow:/lustre/smriti.a/samhita/tools_softwares/salmon-1.10.1/install/bin:/lustre/apps/FastQC:/home/smriti.a/perl5/bin:/opt/xcat/bin:/opt/xcat/sbin:/opt/xcat/share/xcat/tools:/lustre/apps/go/bin:/lustre/apps/singularity/3.7.4/bin:/opt/slurm/bin:/home/smriti.a/.vscode-server/bin/8b3775030ed1a69b13e4f4c628c612102e30a681/bin/remote-cli:/lustre/smriti.a/samhita/tools_softwares/subread-2.0.6-Linux-x86_64/bin:/lustre/smriti.a/samhita/tools_softwares/nextflow:/lustre/smriti.a/samhita/tools_softwares/salmon-1.10.1/install/bin:/lustre/apps/FastQC:/home/smriti.a/perl5/bin:/lustre/apps/gcc-8.4/bin:/opt/xcat/bin:/opt/xcat/sbin:/opt/xcat/share/xcat/tools:/lustre/apps/go/bin:/lustre/apps/singularity/3.7.4/bin:/opt/slurm/bin:/lustre/smriti.a/samhita/tools_softwares/subread-2.0.6-Linux-x86_64/bin:/lustre/smriti.a/samhita/tools_softwares/nextflow:/home/smriti.a/.sdkman/candidates/java/current/bin:/lustre/smriti.a/samhita/tools_softwares/salmon-1.10.1/install/bin:/lustre/apps/FastQC:/home/smriti.a/perl5/bin:/home/smriti.a/anaconda3/envs/R_m6a_all/bin:/home/smriti.a/anaconda3/condabin:/opt/xcat/bin:/opt/xcat/sbin:/opt/xcat/share/xcat/tools:/lustre/apps/go/bin:/lustre/apps/singularity/3.7.4/bin:/opt/slurm/bin:/usr/local/bin:/usr/bin:/opt/ibutils/bin:/home/smriti/fieldbioinformatics/ont-guppy/bin:/usr/local/sbin:/usr/sbin:/home/smriti/fieldbioinformatics/ont-guppy/bin:/home/smriti.a/.local/bin:/home/smriti.a/bin:/home/smriti/fieldbioinformatics/ont-guppy/bin
  ++ export CONDA_SHLVL=2
  ++ CONDA_SHLVL=2
  ++ export 'CONDA_PROMPT_MODIFIER=(R_m6a_all) '
  ++ CONDA_PROMPT_MODIFIER='(R_m6a_all) '
  ++ . /home/smriti.a/anaconda3/envs/R_m6a_all/etc/conda/activate.d/activate-r-base.sh
  +++ R CMD javareconf
  +++ [[ ! -z '' ]]
  +++ export RSTUDIO_WHICH_R=/home/smriti.a/anaconda3/envs/R_m6a_all/bin/R
  +++ RSTUDIO_WHICH_R=/home/smriti.a/anaconda3/envs/R_m6a_all/bin/R
  ++ . /home/smriti.a/anaconda3/envs/R_m6a_all/etc/conda/activate.d/libglib_activate.sh
  +++ export GSETTINGS_SCHEMA_DIR_CONDA_BACKUP=
  +++ GSETTINGS_SCHEMA_DIR_CONDA_BACKUP=
  +++ export GSETTINGS_SCHEMA_DIR=/home/smriti.a/anaconda3/envs/R_m6a_all/share/glib-2.0/schemas
  +++ GSETTINGS_SCHEMA_DIR=/home/smriti.a/anaconda3/envs/R_m6a_all/share/glib-2.0/schemas
  ++ . /home/smriti.a/anaconda3/envs/R_m6a_all/etc/conda/activate.d/libxml2_activate.sh
  +++ test -n ''
  +++ xml_catalog_files_libxml2=
  +++ XML_CATALOG_FILES=
  +++ conda_catalog_files=
  +++ ifs_libxml2=' 	
  '
  +++ IFS=' '
  +++ rem=/home/smriti.a/anaconda3/envs/R_m6a_all
  +++ for pre in '${rem}'
  +++ test '' = /home/smriti.a/anaconda3/envs/R_m6a_all
  +++ conda_catalog_files=/home/smriti.a/anaconda3/envs/R_m6a_all
  +++ rem=
  +++ IFS=' 	
  '
  +++ conda_catalog_files='file:///home/smriti.a/anaconda3/envs/R_m6a_all/etc/xml/catalog file:///etc/xml/catalog'
  +++ export 'XML_CATALOG_FILES=file:///home/smriti.a/anaconda3/envs/R_m6a_all/etc/xml/catalog file:///etc/xml/catalog'
  +++ XML_CATALOG_FILES='file:///home/smriti.a/anaconda3/envs/R_m6a_all/etc/xml/catalog file:///etc/xml/catalog'
  +++ unset conda_catalog_files ifs_libxml2 rem
  + __conda_hashr
  + '[' -n '' ']'
  + '[' -n '' ']'
  + hash -r
  + Rscript /lustre/smriti.a/samhita/src/multimapAnalysis.r IGIB113002368720_Severe_MALE_Aligned.sortedByCoord.out.bam

Work dir:
  /lustre/smriti.a/samhita/src/rnaseqCounts_pipeline/work/fa/1360278a1372862bcc8ee1ea4f06d1

Tip: you can replicate the issue by changing to the process work dir and entering the command `bash .command.run`
Jun-17 11:14:54.652 [main] DEBUG nextflow.Session - Session await > all processes finished
Jun-17 11:14:54.659 [TaskFinalizer-1] DEBUG nextflow.Session - Session aborted -- Cause: Process `MULTI_MAP_STATS (1)` terminated with an error exit status (2)
Jun-17 11:14:54.673 [TaskFinalizer-1] DEBUG nextflow.Session - The following nodes are still active:
  [operator] map

Jun-17 11:14:54.682 [TaskFinalizer-1] DEBUG nextflow.Session - 
Thread[Actor Thread 17,5,main]
  java.base@17.0.10/jdk.internal.misc.Unsafe.park(Native Method)
  java.base@17.0.10/java.util.concurrent.locks.LockSupport.park(LockSupport.java:341)
  java.base@17.0.10/java.util.concurrent.SynchronousQueue$TransferStack$SNode.block(SynchronousQueue.java:288)
  java.base@17.0.10/java.util.concurrent.ForkJoinPool.unmanagedBlock(ForkJoinPool.java:3465)
  java.base@17.0.10/java.util.concurrent.ForkJoinPool.managedBlock(ForkJoinPool.java:3436)
  java.base@17.0.10/java.util.concurrent.SynchronousQueue$TransferStack.transfer(SynchronousQueue.java:397)
  java.base@17.0.10/java.util.concurrent.SynchronousQueue.take(SynchronousQueue.java:886)
  java.base@17.0.10/java.util.concurrent.ThreadPoolExecutor.getTask(ThreadPoolExecutor.java:1062)
  java.base@17.0.10/java.util.concurrent.ThreadPoolExecutor.runWorker(ThreadPoolExecutor.java:1122)
  java.base@17.0.10/java.util.concurrent.ThreadPoolExecutor$Worker.run(ThreadPoolExecutor.java:635)
  java.base@17.0.10/java.lang.Thread.run(Thread.java:840)

Thread[Actor Thread 23,5,main]
  java.base@17.0.10/jdk.internal.misc.Unsafe.park(Native Method)
  java.base@17.0.10/java.util.concurrent.locks.LockSupport.park(LockSupport.java:341)
  java.base@17.0.10/java.util.concurrent.SynchronousQueue$TransferStack$SNode.block(SynchronousQueue.java:288)
  java.base@17.0.10/java.util.concurrent.ForkJoinPool.unmanagedBlock(ForkJoinPool.java:3465)
  java.base@17.0.10/java.util.concurrent.ForkJoinPool.managedBlock(ForkJoinPool.java:3436)
  java.base@17.0.10/java.util.concurrent.SynchronousQueue$TransferStack.transfer(SynchronousQueue.java:397)
  java.base@17.0.10/java.util.concurrent.SynchronousQueue.take(SynchronousQueue.java:886)
  java.base@17.0.10/java.util.concurrent.ThreadPoolExecutor.getTask(ThreadPoolExecutor.java:1062)
  java.base@17.0.10/java.util.concurrent.ThreadPoolExecutor.runWorker(ThreadPoolExecutor.java:1122)
  java.base@17.0.10/java.util.concurrent.ThreadPoolExecutor$Worker.run(ThreadPoolExecutor.java:635)
  java.base@17.0.10/java.lang.Thread.run(Thread.java:840)

Thread[Signal Dispatcher,9,system]

Thread[Actor Thread 11,5,main]
  java.base@17.0.10/jdk.internal.misc.Unsafe.park(Native Method)
  java.base@17.0.10/java.util.concurrent.locks.LockSupport.park(LockSupport.java:341)
  java.base@17.0.10/java.util.concurrent.SynchronousQueue$TransferStack$SNode.block(SynchronousQueue.java:288)
  java.base@17.0.10/java.util.concurrent.ForkJoinPool.unmanagedBlock(ForkJoinPool.java:3465)
  java.base@17.0.10/java.util.concurrent.ForkJoinPool.managedBlock(ForkJoinPool.java:3436)
  java.base@17.0.10/java.util.concurrent.SynchronousQueue$TransferStack.transfer(SynchronousQueue.java:397)
  java.base@17.0.10/java.util.concurrent.SynchronousQueue.take(SynchronousQueue.java:886)
  java.base@17.0.10/java.util.concurrent.ThreadPoolExecutor.getTask(ThreadPoolExecutor.java:1062)
  java.base@17.0.10/java.util.concurrent.ThreadPoolExecutor.runWorker(ThreadPoolExecutor.java:1122)
  java.base@17.0.10/java.util.concurrent.ThreadPoolExecutor$Worker.run(ThreadPoolExecutor.java:635)
  java.base@17.0.10/java.lang.Thread.run(Thread.java:840)

Thread[Actor Thread 30,5,main]
  java.base@17.0.10/jdk.internal.misc.Unsafe.park(Native Method)
  java.base@17.0.10/java.util.concurrent.locks.LockSupport.park(LockSupport.java:341)
  java.base@17.0.10/java.util.concurrent.SynchronousQueue$TransferStack$SNode.block(SynchronousQueue.java:288)
  java.base@17.0.10/java.util.concurrent.ForkJoinPool.unmanagedBlock(ForkJoinPool.java:3465)
  java.base@17.0.10/java.util.concurrent.ForkJoinPool.managedBlock(ForkJoinPool.java:3436)
  java.base@17.0.10/java.util.concurrent.SynchronousQueue$TransferStack.transfer(SynchronousQueue.java:397)
  java.base@17.0.10/java.util.concurrent.SynchronousQueue.take(SynchronousQueue.java:886)
  java.base@17.0.10/java.util.concurrent.ThreadPoolExecutor.getTask(ThreadPoolExecutor.java:1062)
  java.base@17.0.10/java.util.concurrent.ThreadPoolExecutor.runWorker(ThreadPoolExecutor.java:1122)
  java.base@17.0.10/java.util.concurrent.ThreadPoolExecutor$Worker.run(ThreadPoolExecutor.java:635)
  java.base@17.0.10/java.lang.Thread.run(Thread.java:840)

Thread[Actor Thread 3,5,main]
  java.base@17.0.10/jdk.internal.misc.Unsafe.park(Native Method)
  java.base@17.0.10/java.util.concurrent.locks.LockSupport.park(LockSupport.java:341)
  java.base@17.0.10/java.util.concurrent.SynchronousQueue$TransferStack$SNode.block(SynchronousQueue.java:288)
  java.base@17.0.10/java.util.concurrent.ForkJoinPool.unmanagedBlock(ForkJoinPool.java:3465)
  java.base@17.0.10/java.util.concurrent.ForkJoinPool.managedBlock(ForkJoinPool.java:3436)
  java.base@17.0.10/java.util.concurrent.SynchronousQueue$TransferStack.transfer(SynchronousQueue.java:397)
  java.base@17.0.10/java.util.concurrent.SynchronousQueue.take(SynchronousQueue.java:886)
  java.base@17.0.10/java.util.concurrent.ThreadPoolExecutor.getTask(ThreadPoolExecutor.java:1062)
  java.base@17.0.10/java.util.concurrent.ThreadPoolExecutor.runWorker(ThreadPoolExecutor.java:1122)
  java.base@17.0.10/java.util.concurrent.ThreadPoolExecutor$Worker.run(ThreadPoolExecutor.java:635)
  java.base@17.0.10/java.lang.Thread.run(Thread.java:840)

Thread[Actor Thread 4,5,main]
  java.base@17.0.10/jdk.internal.misc.Unsafe.park(Native Method)
  java.base@17.0.10/java.util.concurrent.locks.LockSupport.park(LockSupport.java:341)
  java.base@17.0.10/java.util.concurrent.SynchronousQueue$TransferStack$SNode.block(SynchronousQueue.java:288)
  java.base@17.0.10/java.util.concurrent.ForkJoinPool.unmanagedBlock(ForkJoinPool.java:3465)
  java.base@17.0.10/java.util.concurrent.ForkJoinPool.managedBlock(ForkJoinPool.java:3436)
  java.base@17.0.10/java.util.concurrent.SynchronousQueue$TransferStack.transfer(SynchronousQueue.java:397)
  java.base@17.0.10/java.util.concurrent.SynchronousQueue.take(SynchronousQueue.java:886)
  java.base@17.0.10/java.util.concurrent.ThreadPoolExecutor.getTask(ThreadPoolExecutor.java:1062)
  java.base@17.0.10/java.util.concurrent.ThreadPoolExecutor.runWorker(ThreadPoolExecutor.java:1122)
  java.base@17.0.10/java.util.concurrent.ThreadPoolExecutor$Worker.run(ThreadPoolExecutor.java:635)
  java.base@17.0.10/java.lang.Thread.run(Thread.java:840)

Thread[Actor Thread 7,5,main]
  java.base@17.0.10/jdk.internal.misc.Unsafe.park(Native Method)
  java.base@17.0.10/java.util.concurrent.locks.LockSupport.park(LockSupport.java:341)
  java.base@17.0.10/java.util.concurrent.SynchronousQueue$TransferStack$SNode.block(SynchronousQueue.java:288)
  java.base@17.0.10/java.util.concurrent.ForkJoinPool.unmanagedBlock(ForkJoinPool.java:3465)
  java.base@17.0.10/java.util.concurrent.ForkJoinPool.managedBlock(ForkJoinPool.java:3436)
  java.base@17.0.10/java.util.concurrent.SynchronousQueue$TransferStack.transfer(SynchronousQueue.java:397)
  java.base@17.0.10/java.util.concurrent.SynchronousQueue.take(SynchronousQueue.java:886)
  java.base@17.0.10/java.util.concurrent.ThreadPoolExecutor.getTask(ThreadPoolExecutor.java:1062)
  java.base@17.0.10/java.util.concurrent.ThreadPoolExecutor.runWorker(ThreadPoolExecutor.java:1122)
  java.base@17.0.10/java.util.concurrent.ThreadPoolExecutor$Worker.run(ThreadPoolExecutor.java:635)
  java.base@17.0.10/java.lang.Thread.run(Thread.java:840)

Thread[Actor Thread 32,5,main]
  java.base@17.0.10/jdk.internal.misc.Unsafe.park(Native Method)
  java.base@17.0.10/java.util.concurrent.locks.LockSupport.park(LockSupport.java:341)
  java.base@17.0.10/java.util.concurrent.SynchronousQueue$TransferStack$SNode.block(SynchronousQueue.java:288)
  java.base@17.0.10/java.util.concurrent.ForkJoinPool.unmanagedBlock(ForkJoinPool.java:3465)
  java.base@17.0.10/java.util.concurrent.ForkJoinPool.managedBlock(ForkJoinPool.java:3436)
  java.base@17.0.10/java.util.concurrent.SynchronousQueue$TransferStack.transfer(SynchronousQueue.java:397)
  java.base@17.0.10/java.util.concurrent.SynchronousQueue.take(SynchronousQueue.java:886)
  java.base@17.0.10/java.util.concurrent.ThreadPoolExecutor.getTask(ThreadPoolExecutor.java:1062)
  java.base@17.0.10/java.util.concurrent.ThreadPoolExecutor.runWorker(ThreadPoolExecutor.java:1122)
  java.base@17.0.10/java.util.concurrent.ThreadPoolExecutor$Worker.run(ThreadPoolExecutor.java:635)
  java.base@17.0.10/java.lang.Thread.run(Thread.java:840)

Thread[TaskFinalizer-1,5,main]
  java.base@17.0.10/java.lang.Thread.dumpThreads(Native Method)
  java.base@17.0.10/java.lang.Thread.getAllStackTraces(Thread.java:1671)
  app//nextflow.util.SysHelper.dumpThreads(SysHelper.groovy:188)
  app//nextflow.Session.abort(Session.groovy:800)
  app//nextflow.Session.fault(Session.groovy:766)
  app//nextflow.processor.TaskPollingMonitor.finalizeTask(TaskPollingMonitor.groovy:695)
  app//nextflow.processor.TaskPollingMonitor.safeFinalizeTask(TaskPollingMonitor.groovy:678)
  java.base@17.0.10/jdk.internal.reflect.NativeMethodAccessorImpl.invoke0(Native Method)
  java.base@17.0.10/jdk.internal.reflect.NativeMethodAccessorImpl.invoke(NativeMethodAccessorImpl.java:77)
  java.base@17.0.10/jdk.internal.reflect.DelegatingMethodAccessorImpl.invoke(DelegatingMethodAccessorImpl.java:43)
  java.base@17.0.10/java.lang.reflect.Method.invoke(Method.java:568)
  app//org.codehaus.groovy.reflection.CachedMethod.invoke(CachedMethod.java:343)
  app//groovy.lang.MetaMethod.doMethodInvoke(MetaMethod.java:328)
  app//groovy.lang.MetaClassImpl.doInvokeMethod(MetaClassImpl.java:1333)
  app//groovy.lang.MetaClassImpl.invokeMethod(MetaClassImpl.java:1088)
  app//groovy.lang.MetaClassImpl.invokeMethod(MetaClassImpl.java:1007)
  app//org.codehaus.groovy.runtime.InvokerHelper.invokePogoMethod(InvokerHelper.java:645)
  app//org.codehaus.groovy.runtime.InvokerHelper.invokeMethod(InvokerHelper.java:628)
  app//org.codehaus.groovy.runtime.InvokerHelper.invokeMethodSafe(InvokerHelper.java:82)
  app//nextflow.processor.TaskPollingMonitor$_checkTaskStatus_lambda8.doCall(TaskPollingMonitor.groovy:668)
  app//nextflow.processor.TaskPollingMonitor$$Lambda$438/0x00002b6321431198.run(Unknown Source)
  java.base@17.0.10/java.util.concurrent.Executors$RunnableAdapter.call(Executors.java:539)
  java.base@17.0.10/java.util.concurrent.FutureTask.run(FutureTask.java:264)
  java.base@17.0.10/java.util.concurrent.ThreadPoolExecutor.runWorker(ThreadPoolExecutor.java:1136)
  java.base@17.0.10/java.util.concurrent.ThreadPoolExecutor$Worker.run(ThreadPoolExecutor.java:635)
  java.base@17.0.10/java.lang.Thread.run(Thread.java:840)

Thread[Actor Thread 38,5,main]
  java.base@17.0.10/jdk.internal.misc.Unsafe.park(Native Method)
  java.base@17.0.10/java.util.concurrent.locks.LockSupport.park(LockSupport.java:341)
  java.base@17.0.10/java.util.concurrent.SynchronousQueue$TransferStack$SNode.block(SynchronousQueue.java:288)
  java.base@17.0.10/java.util.concurrent.ForkJoinPool.unmanagedBlock(ForkJoinPool.java:3465)
  java.base@17.0.10/java.util.concurrent.ForkJoinPool.managedBlock(ForkJoinPool.java:3436)
  java.base@17.0.10/java.util.concurrent.SynchronousQueue$TransferStack.transfer(SynchronousQueue.java:397)
  java.base@17.0.10/java.util.concurrent.SynchronousQueue.take(SynchronousQueue.java:886)
  java.base@17.0.10/java.util.concurrent.ThreadPoolExecutor.getTask(ThreadPoolExecutor.java:1062)
  java.base@17.0.10/java.util.concurrent.ThreadPoolExecutor.runWorker(ThreadPoolExecutor.java:1122)
  java.base@17.0.10/java.util.concurrent.ThreadPoolExecutor$Worker.run(ThreadPoolExecutor.java:635)
  java.base@17.0.10/java.lang.Thread.run(Thread.java:840)

Thread[Actor Thread 34,5,main]
  java.base@17.0.10/jdk.internal.misc.Unsafe.park(Native Method)
  java.base@17.0.10/java.util.concurrent.locks.LockSupport.park(LockSupport.java:341)
  java.base@17.0.10/java.util.concurrent.SynchronousQueue$TransferStack$SNode.block(SynchronousQueue.java:288)
  java.base@17.0.10/java.util.concurrent.ForkJoinPool.unmanagedBlock(ForkJoinPool.java:3465)
  java.base@17.0.10/java.util.concurrent.ForkJoinPool.managedBlock(ForkJoinPool.java:3436)
  java.base@17.0.10/java.util.concurrent.SynchronousQueue$TransferStack.transfer(SynchronousQueue.java:397)
  java.base@17.0.10/java.util.concurrent.SynchronousQueue.take(SynchronousQueue.java:886)
  java.base@17.0.10/java.util.concurrent.ThreadPoolExecutor.getTask(ThreadPoolExecutor.java:1062)
  java.base@17.0.10/java.util.concurrent.ThreadPoolExecutor.runWorker(ThreadPoolExecutor.java:1122)
  java.base@17.0.10/java.util.concurrent.ThreadPoolExecutor$Worker.run(ThreadPoolExecutor.java:635)
  java.base@17.0.10/java.lang.Thread.run(Thread.java:840)

Thread[Actor Thread 1,5,main]
  java.base@17.0.10/jdk.internal.misc.Unsafe.park(Native Method)
  java.base@17.0.10/java.util.concurrent.locks.LockSupport.park(LockSupport.java:341)
  java.base@17.0.10/java.util.concurrent.SynchronousQueue$TransferStack$SNode.block(SynchronousQueue.java:288)
  java.base@17.0.10/java.util.concurrent.ForkJoinPool.unmanagedBlock(ForkJoinPool.java:3465)
  java.base@17.0.10/java.util.concurrent.ForkJoinPool.managedBlock(ForkJoinPool.java:3436)
  java.base@17.0.10/java.util.concurrent.SynchronousQueue$TransferStack.transfer(SynchronousQueue.java:397)
  java.base@17.0.10/java.util.concurrent.SynchronousQueue.take(SynchronousQueue.java:886)
  java.base@17.0.10/java.util.concurrent.ThreadPoolExecutor.getTask(ThreadPoolExecutor.java:1062)
  java.base@17.0.10/java.util.concurrent.ThreadPoolExecutor.runWorker(ThreadPoolExecutor.java:1122)
  java.base@17.0.10/java.util.concurrent.ThreadPoolExecutor$Worker.run(ThreadPoolExecutor.java:635)
  java.base@17.0.10/java.lang.Thread.run(Thread.java:840)

Thread[Actor Thread 15,5,main]
  java.base@17.0.10/jdk.internal.misc.Unsafe.park(Native Method)
  java.base@17.0.10/java.util.concurrent.locks.LockSupport.park(LockSupport.java:341)
  java.base@17.0.10/java.util.concurrent.SynchronousQueue$TransferStack$SNode.block(SynchronousQueue.java:288)
  java.base@17.0.10/java.util.concurrent.ForkJoinPool.unmanagedBlock(ForkJoinPool.java:3465)
  java.base@17.0.10/java.util.concurrent.ForkJoinPool.managedBlock(ForkJoinPool.java:3436)
  java.base@17.0.10/java.util.concurrent.SynchronousQueue$TransferStack.transfer(SynchronousQueue.java:397)
  java.base@17.0.10/java.util.concurrent.SynchronousQueue.take(SynchronousQueue.java:886)
  java.base@17.0.10/java.util.concurrent.ThreadPoolExecutor.getTask(ThreadPoolExecutor.java:1062)
  java.base@17.0.10/java.util.concurrent.ThreadPoolExecutor.runWorker(ThreadPoolExecutor.java:1122)
  java.base@17.0.10/java.util.concurrent.ThreadPoolExecutor$Worker.run(ThreadPoolExecutor.java:635)
  java.base@17.0.10/java.lang.Thread.run(Thread.java:840)

Thread[Actor Thread 37,5,main]
  java.base@17.0.10/jdk.internal.misc.Unsafe.park(Native Method)
  java.base@17.0.10/java.util.concurrent.locks.LockSupport.park(LockSupport.java:341)
  java.base@17.0.10/java.util.concurrent.SynchronousQueue$TransferStack$SNode.block(SynchronousQueue.java:288)
  java.base@17.0.10/java.util.concurrent.ForkJoinPool.unmanagedBlock(ForkJoinPool.java:3465)
  java.base@17.0.10/java.util.concurrent.ForkJoinPool.managedBlock(ForkJoinPool.java:3436)
  java.base@17.0.10/java.util.concurrent.SynchronousQueue$TransferStack.transfer(SynchronousQueue.java:397)
  java.base@17.0.10/java.util.concurrent.SynchronousQueue.take(SynchronousQueue.java:886)
  java.base@17.0.10/java.util.concurrent.ThreadPoolExecutor.getTask(ThreadPoolExecutor.java:1062)
  java.base@17.0.10/java.util.concurrent.ThreadPoolExecutor.runWorker(ThreadPoolExecutor.java:1122)
  java.base@17.0.10/java.util.concurrent.ThreadPoolExecutor$Worker.run(ThreadPoolExecutor.java:635)
  java.base@17.0.10/java.lang.Thread.run(Thread.java:840)

Thread[Actor Thread 6,5,main]
  java.base@17.0.10/jdk.internal.misc.Unsafe.park(Native Method)
  java.base@17.0.10/java.util.concurrent.locks.LockSupport.park(LockSupport.java:341)
  java.base@17.0.10/java.util.concurrent.SynchronousQueue$TransferStack$SNode.block(SynchronousQueue.java:288)
  java.base@17.0.10/java.util.concurrent.ForkJoinPool.unmanagedBlock(ForkJoinPool.java:3465)
  java.base@17.0.10/java.util.concurrent.ForkJoinPool.managedBlock(ForkJoinPool.java:3436)
  java.base@17.0.10/java.util.concurrent.SynchronousQueue$TransferStack.transfer(SynchronousQueue.java:397)
  java.base@17.0.10/java.util.concurrent.SynchronousQueue.take(SynchronousQueue.java:886)
  java.base@17.0.10/java.util.concurrent.ThreadPoolExecutor.getTask(ThreadPoolExecutor.java:1062)
  java.base@17.0.10/java.util.concurrent.ThreadPoolExecutor.runWorker(ThreadPoolExecutor.java:1122)
  java.base@17.0.10/java.util.concurrent.ThreadPoolExecutor$Worker.run(ThreadPoolExecutor.java:635)
  java.base@17.0.10/java.lang.Thread.run(Thread.java:840)

Thread[main,5,main]
  java.base@17.0.10/jdk.internal.misc.Unsafe.park(Native Method)
  java.base@17.0.10/java.util.concurrent.locks.LockSupport.park(LockSupport.java:341)
  java.base@17.0.10/java.util.concurrent.locks.AbstractQueuedSynchronizer$ConditionNode.block(AbstractQueuedSynchronizer.java:506)
  java.base@17.0.10/java.util.concurrent.ForkJoinPool.unmanagedBlock(ForkJoinPool.java:3465)
  java.base@17.0.10/java.util.concurrent.ForkJoinPool.managedBlock(ForkJoinPool.java:3436)
  java.base@17.0.10/java.util.concurrent.locks.AbstractQueuedSynchronizer$ConditionObject.await(AbstractQueuedSynchronizer.java:1623)
  app//nextflow.util.Barrier$_awaitCompletion_closure3.doCall(Barrier.groovy:92)
  app//nextflow.util.Barrier$_awaitCompletion_closure3.call(Barrier.groovy)
  app//nextflow.extension.Bolts.withLock(Bolts.groovy:337)
  app//nextflow.extension.Bolts.withLock(Bolts.groovy)
  app//nextflow.util.Barrier.awaitCompletion(Barrier.groovy:89)
  app//nextflow.Session.await(Session.groovy:679)
  app//nextflow.script.ScriptRunner.await(ScriptRunner.groovy:256)
  app//nextflow.script.ScriptRunner.execute(ScriptRunner.groovy:144)
  app//nextflow.cli.CmdRun.run(CmdRun.groovy:376)
  app//nextflow.cli.Launcher.run(Launcher.groovy:503)
  app//nextflow.cli.Launcher.main(Launcher.groovy:658)

Thread[Actor Thread 33,5,main]
  java.base@17.0.10/jdk.internal.misc.Unsafe.park(Native Method)
  java.base@17.0.10/java.util.concurrent.locks.LockSupport.park(LockSupport.java:341)
  java.base@17.0.10/java.util.concurrent.SynchronousQueue$TransferStack$SNode.block(SynchronousQueue.java:288)
  java.base@17.0.10/java.util.concurrent.ForkJoinPool.unmanagedBlock(ForkJoinPool.java:3465)
  java.base@17.0.10/java.util.concurrent.ForkJoinPool.managedBlock(ForkJoinPool.java:3436)
  java.base@17.0.10/java.util.concurrent.SynchronousQueue$TransferStack.transfer(SynchronousQueue.java:397)
  java.base@17.0.10/java.util.concurrent.SynchronousQueue.take(SynchronousQueue.java:886)
  java.base@17.0.10/java.util.concurrent.ThreadPoolExecutor.getTask(ThreadPoolExecutor.java:1062)
  java.base@17.0.10/java.util.concurrent.ThreadPoolExecutor.runWorker(ThreadPoolExecutor.java:1122)
  java.base@17.0.10/java.util.concurrent.ThreadPoolExecutor$Worker.run(ThreadPoolExecutor.java:635)
  java.base@17.0.10/java.lang.Thread.run(Thread.java:840)

Thread[Actor Thread 41,5,main]
  java.base@17.0.10/jdk.internal.misc.Unsafe.park(Native Method)
  java.base@17.0.10/java.util.concurrent.locks.LockSupport.park(LockSupport.java:341)
  java.base@17.0.10/java.util.concurrent.SynchronousQueue$TransferStack$SNode.block(SynchronousQueue.java:288)
  java.base@17.0.10/java.util.concurrent.ForkJoinPool.unmanagedBlock(ForkJoinPool.java:3465)
  java.base@17.0.10/java.util.concurrent.ForkJoinPool.managedBlock(ForkJoinPool.java:3436)
  java.base@17.0.10/java.util.concurrent.SynchronousQueue$TransferStack.transfer(SynchronousQueue.java:397)
  java.base@17.0.10/java.util.concurrent.SynchronousQueue.take(SynchronousQueue.java:886)
  java.base@17.0.10/java.util.concurrent.ThreadPoolExecutor.getTask(ThreadPoolExecutor.java:1062)
  java.base@17.0.10/java.util.concurrent.ThreadPoolExecutor.runWorker(ThreadPoolExecutor.java:1122)
  java.base@17.0.10/java.util.concurrent.ThreadPoolExecutor$Worker.run(ThreadPoolExecutor.java:635)
  java.base@17.0.10/java.lang.Thread.run(Thread.java:840)

Thread[Thread-1,5,main]
  java.base@17.0.10/jdk.internal.misc.Unsafe.park(Native Method)
  java.base@17.0.10/java.util.concurrent.locks.LockSupport.parkNanos(LockSupport.java:252)
  java.base@17.0.10/java.util.concurrent.locks.AbstractQueuedSynchronizer$ConditionObject.awaitNanos(AbstractQueuedSynchronizer.java:1672)
  java.base@17.0.10/java.util.concurrent.LinkedBlockingDeque.pollFirst(LinkedBlockingDeque.java:515)
  java.base@17.0.10/java.util.concurrent.LinkedBlockingDeque.poll(LinkedBlockingDeque.java:677)
  app//nextflow.util.SimpleAgent.run(SimpleAgent.groovy:89)
  java.base@17.0.10/jdk.internal.reflect.NativeMethodAccessorImpl.invoke0(Native Method)
  java.base@17.0.10/jdk.internal.reflect.NativeMethodAccessorImpl.invoke(NativeMethodAccessorImpl.java:77)
  java.base@17.0.10/jdk.internal.reflect.DelegatingMethodAccessorImpl.invoke(DelegatingMethodAccessorImpl.java:43)
  java.base@17.0.10/java.lang.reflect.Method.invoke(Method.java:568)
  app//org.codehaus.groovy.reflection.CachedMethod.invoke(CachedMethod.java:343)
  app//groovy.lang.MetaMethod.doMethodInvoke(MetaMethod.java:328)
  app//groovy.lang.MetaClassImpl.doInvokeMethod(MetaClassImpl.java:1333)
  app//groovy.lang.MetaClassImpl.invokeMethod(MetaClassImpl.java:1088)
  app//groovy.lang.MetaClassImpl.invokeMethodClosure(MetaClassImpl.java:1017)
  app//groovy.lang.MetaClassImpl.doInvokeMethod(MetaClassImpl.java:1207)
  app//groovy.lang.MetaClassImpl.invokeMethod(MetaClassImpl.java:1088)
  app//groovy.lang.MetaClassImpl.invokeMethod(MetaClassImpl.java:1007)
  app//groovy.lang.Closure.call(Closure.java:433)
  app//groovy.lang.Closure.call(Closure.java:412)
  app//groovy.lang.Closure.run(Closure.java:505)
  java.base@17.0.10/java.lang.Thread.run(Thread.java:840)

Thread[Actor Thread 35,5,main]
  java.base@17.0.10/jdk.internal.misc.Unsafe.park(Native Method)
  java.base@17.0.10/java.util.concurrent.locks.LockSupport.park(LockSupport.java:341)
  java.base@17.0.10/java.util.concurrent.SynchronousQueue$TransferStack$SNode.block(SynchronousQueue.java:288)
  java.base@17.0.10/java.util.concurrent.ForkJoinPool.unmanagedBlock(ForkJoinPool.java:3465)
  java.base@17.0.10/java.util.concurrent.ForkJoinPool.managedBlock(ForkJoinPool.java:3436)
  java.base@17.0.10/java.util.concurrent.SynchronousQueue$TransferStack.transfer(SynchronousQueue.java:397)
  java.base@17.0.10/java.util.concurrent.SynchronousQueue.take(SynchronousQueue.java:886)
  java.base@17.0.10/java.util.concurrent.ThreadPoolExecutor.getTask(ThreadPoolExecutor.java:1062)
  java.base@17.0.10/java.util.concurrent.ThreadPoolExecutor.runWorker(ThreadPoolExecutor.java:1122)
  java.base@17.0.10/java.util.concurrent.ThreadPoolExecutor$Worker.run(ThreadPoolExecutor.java:635)
  java.base@17.0.10/java.lang.Thread.run(Thread.java:840)

Thread[Notification Thread,9,system]

Thread[Reference Handler,10,system]
  java.base@17.0.10/java.lang.ref.Reference.waitForReferencePendingList(Native Method)
  java.base@17.0.10/java.lang.ref.Reference.processPendingReferences(Reference.java:253)
  java.base@17.0.10/java.lang.ref.Reference$ReferenceHandler.run(Reference.java:215)

Thread[Task submitter,5,main]
  java.base@17.0.10/jdk.internal.misc.Unsafe.park(Native Method)
  java.base@17.0.10/java.util.concurrent.locks.LockSupport.park(LockSupport.java:341)
  java.base@17.0.10/java.util.concurrent.locks.AbstractQueuedSynchronizer$ConditionNode.block(AbstractQueuedSynchronizer.java:506)
  java.base@17.0.10/java.util.concurrent.ForkJoinPool.unmanagedBlock(ForkJoinPool.java:3465)
  java.base@17.0.10/java.util.concurrent.ForkJoinPool.managedBlock(ForkJoinPool.java:3436)
  java.base@17.0.10/java.util.concurrent.locks.AbstractQueuedSynchronizer$ConditionObject.await(AbstractQueuedSynchronizer.java:1623)
  app//nextflow.processor.TaskPollingMonitor.awaitTasks(TaskPollingMonitor.groovy:388)
  app//nextflow.processor.TaskPollingMonitor.submitLoop(TaskPollingMonitor.groovy:412)
  java.base@17.0.10/jdk.internal.reflect.NativeMethodAccessorImpl.invoke0(Native Method)
  java.base@17.0.10/jdk.internal.reflect.NativeMethodAccessorImpl.invoke(NativeMethodAccessorImpl.java:77)
  java.base@17.0.10/jdk.internal.reflect.DelegatingMethodAccessorImpl.invoke(DelegatingMethodAccessorImpl.java:43)
  java.base@17.0.10/java.lang.reflect.Method.invoke(Method.java:568)
  app//org.codehaus.groovy.reflection.CachedMethod.invoke(CachedMethod.java:343)
  app//groovy.lang.MetaMethod.doMethodInvoke(MetaMethod.java:328)
  app//groovy.lang.MetaClassImpl.doInvokeMethod(MetaClassImpl.java:1333)
  app//groovy.lang.MetaClassImpl.invokeMethod(MetaClassImpl.java:1088)
  app//groovy.lang.MetaClassImpl.invokeMethodClosure(MetaClassImpl.java:1017)
  app//groovy.lang.MetaClassImpl.doInvokeMethod(MetaClassImpl.java:1207)
  app//groovy.lang.MetaClassImpl.invokeMethod(MetaClassImpl.java:1088)
  app//groovy.lang.MetaClassImpl.invokeMethod(MetaClassImpl.java:1007)
  app//groovy.lang.Closure.call(Closure.java:433)
  app//groovy.lang.Closure.call(Closure.java:412)
  app//groovy.lang.Closure.run(Closure.java:505)
  java.base@17.0.10/java.lang.Thread.run(Thread.java:840)

Thread[Actor Thread 31,5,main]
  java.base@17.0.10/jdk.internal.misc.Unsafe.park(Native Method)
  java.base@17.0.10/java.util.concurrent.locks.LockSupport.park(LockSupport.java:341)
  java.base@17.0.10/java.util.concurrent.SynchronousQueue$TransferStack$SNode.block(SynchronousQueue.java:288)
  java.base@17.0.10/java.util.concurrent.ForkJoinPool.unmanagedBlock(ForkJoinPool.java:3465)
  java.base@17.0.10/java.util.concurrent.ForkJoinPool.managedBlock(ForkJoinPool.java:3436)
  java.base@17.0.10/java.util.concurrent.SynchronousQueue$TransferStack.transfer(SynchronousQueue.java:397)
  java.base@17.0.10/java.util.concurrent.SynchronousQueue.take(SynchronousQueue.java:886)
  java.base@17.0.10/java.util.concurrent.ThreadPoolExecutor.getTask(ThreadPoolExecutor.java:1062)
  java.base@17.0.10/java.util.concurrent.ThreadPoolExecutor.runWorker(ThreadPoolExecutor.java:1122)
  java.base@17.0.10/java.util.concurrent.ThreadPoolExecutor$Worker.run(ThreadPoolExecutor.java:635)
  java.base@17.0.10/java.lang.Thread.run(Thread.java:840)

Thread[Actor Thread 36,5,main]
  java.base@17.0.10/jdk.internal.misc.Unsafe.park(Native Method)
  java.base@17.0.10/java.util.concurrent.locks.LockSupport.park(LockSupport.java:341)
  java.base@17.0.10/java.util.concurrent.SynchronousQueue$TransferStack$SNode.block(SynchronousQueue.java:288)
  java.base@17.0.10/java.util.concurrent.ForkJoinPool.unmanagedBlock(ForkJoinPool.java:3465)
  java.base@17.0.10/java.util.concurrent.ForkJoinPool.managedBlock(ForkJoinPool.java:3436)
  java.base@17.0.10/java.util.concurrent.SynchronousQueue$TransferStack.transfer(SynchronousQueue.java:397)
  java.base@17.0.10/java.util.concurrent.SynchronousQueue.take(SynchronousQueue.java:886)
  java.base@17.0.10/java.util.concurrent.ThreadPoolExecutor.getTask(ThreadPoolExecutor.java:1062)
  java.base@17.0.10/java.util.concurrent.ThreadPoolExecutor.runWorker(ThreadPoolExecutor.java:1122)
  java.base@17.0.10/java.util.concurrent.ThreadPoolExecutor$Worker.run(ThreadPoolExecutor.java:635)
  java.base@17.0.10/java.lang.Thread.run(Thread.java:840)

Thread[Actor Thread 13,5,main]
  java.base@17.0.10/jdk.internal.misc.Unsafe.park(Native Method)
  java.base@17.0.10/java.util.concurrent.locks.LockSupport.park(LockSupport.java:341)
  java.base@17.0.10/java.util.concurrent.SynchronousQueue$TransferStack$SNode.block(SynchronousQueue.java:288)
  java.base@17.0.10/java.util.concurrent.ForkJoinPool.unmanagedBlock(ForkJoinPool.java:3465)
  java.base@17.0.10/java.util.concurrent.ForkJoinPool.managedBlock(ForkJoinPool.java:3436)
  java.base@17.0.10/java.util.concurrent.SynchronousQueue$TransferStack.transfer(SynchronousQueue.java:397)
  java.base@17.0.10/java.util.concurrent.SynchronousQueue.take(SynchronousQueue.java:886)
  java.base@17.0.10/java.util.concurrent.ThreadPoolExecutor.getTask(ThreadPoolExecutor.java:1062)
  java.base@17.0.10/java.util.concurrent.ThreadPoolExecutor.runWorker(ThreadPoolExecutor.java:1122)
  java.base@17.0.10/java.util.concurrent.ThreadPoolExecutor$Worker.run(ThreadPoolExecutor.java:635)
  java.base@17.0.10/java.lang.Thread.run(Thread.java:840)

Thread[process reaper,10,system]
  java.base@17.0.10/jdk.internal.misc.Unsafe.park(Native Method)
  java.base@17.0.10/java.util.concurrent.locks.LockSupport.parkNanos(LockSupport.java:252)
  java.base@17.0.10/java.util.concurrent.SynchronousQueue$TransferStack.transfer(SynchronousQueue.java:401)
  java.base@17.0.10/java.util.concurrent.SynchronousQueue.poll(SynchronousQueue.java:903)
  java.base@17.0.10/java.util.concurrent.ThreadPoolExecutor.getTask(ThreadPoolExecutor.java:1061)
  java.base@17.0.10/java.util.concurrent.ThreadPoolExecutor.runWorker(ThreadPoolExecutor.java:1122)
  java.base@17.0.10/java.util.concurrent.ThreadPoolExecutor$Worker.run(ThreadPoolExecutor.java:635)
  java.base@17.0.10/java.lang.Thread.run(Thread.java:840)

Thread[Actor Thread 14,5,main]
  java.base@17.0.10/jdk.internal.misc.Unsafe.park(Native Method)
  java.base@17.0.10/java.util.concurrent.locks.LockSupport.park(LockSupport.java:341)
  java.base@17.0.10/java.util.concurrent.SynchronousQueue$TransferStack$SNode.block(SynchronousQueue.java:288)
  java.base@17.0.10/java.util.concurrent.ForkJoinPool.unmanagedBlock(ForkJoinPool.java:3465)
  java.base@17.0.10/java.util.concurrent.ForkJoinPool.managedBlock(ForkJoinPool.java:3436)
  java.base@17.0.10/java.util.concurrent.SynchronousQueue$TransferStack.transfer(SynchronousQueue.java:397)
  java.base@17.0.10/java.util.concurrent.SynchronousQueue.take(SynchronousQueue.java:886)
  java.base@17.0.10/java.util.concurrent.ThreadPoolExecutor.getTask(ThreadPoolExecutor.java:1062)
  java.base@17.0.10/java.util.concurrent.ThreadPoolExecutor.runWorker(ThreadPoolExecutor.java:1122)
  java.base@17.0.10/java.util.concurrent.ThreadPoolExecutor$Worker.run(ThreadPoolExecutor.java:635)
  java.base@17.0.10/java.lang.Thread.run(Thread.java:840)

Thread[AnsiLogObserver,5,main]
  java.base@17.0.10/java.lang.Object.wait(Native Method)
  app//nextflow.trace.AnsiLogObserver.render0(AnsiLogObserver.groovy:185)
  java.base@17.0.10/jdk.internal.reflect.NativeMethodAccessorImpl.invoke0(Native Method)
  java.base@17.0.10/jdk.internal.reflect.NativeMethodAccessorImpl.invoke(NativeMethodAccessorImpl.java:77)
  java.base@17.0.10/jdk.internal.reflect.DelegatingMethodAccessorImpl.invoke(DelegatingMethodAccessorImpl.java:43)
  java.base@17.0.10/java.lang.reflect.Method.invoke(Method.java:568)
  app//org.codehaus.groovy.reflection.CachedMethod.invoke(CachedMethod.java:343)
  app//groovy.lang.MetaMethod.doMethodInvoke(MetaMethod.java:328)
  app//groovy.lang.MetaClassImpl.doInvokeMethod(MetaClassImpl.java:1333)
  app//groovy.lang.MetaClassImpl.invokeMethod(MetaClassImpl.java:1088)
  app//groovy.lang.MetaClassImpl.invokeMethodClosure(MetaClassImpl.java:1017)
  app//groovy.lang.MetaClassImpl.doInvokeMethod(MetaClassImpl.java:1207)
  app//groovy.lang.MetaClassImpl.invokeMethod(MetaClassImpl.java:1088)
  app//groovy.lang.MetaClassImpl.invokeMethod(MetaClassImpl.java:1007)
  app//groovy.lang.Closure.call(Closure.java:433)
  app//groovy.lang.Closure.call(Closure.java:412)
  app//groovy.lang.Closure.run(Closure.java:505)
  java.base@17.0.10/java.lang.Thread.run(Thread.java:840)

Thread[Actor Thread 5,5,main]
  java.base@17.0.10/jdk.internal.misc.Unsafe.park(Native Method)
  java.base@17.0.10/java.util.concurrent.locks.LockSupport.park(LockSupport.java:341)
  java.base@17.0.10/java.util.concurrent.SynchronousQueue$TransferStack$SNode.block(SynchronousQueue.java:288)
  java.base@17.0.10/java.util.concurrent.ForkJoinPool.unmanagedBlock(ForkJoinPool.java:3465)
  java.base@17.0.10/java.util.concurrent.ForkJoinPool.managedBlock(ForkJoinPool.java:3436)
  java.base@17.0.10/java.util.concurrent.SynchronousQueue$TransferStack.transfer(SynchronousQueue.java:397)
  java.base@17.0.10/java.util.concurrent.SynchronousQueue.take(SynchronousQueue.java:886)
  java.base@17.0.10/java.util.concurrent.ThreadPoolExecutor.getTask(ThreadPoolExecutor.java:1062)
  java.base@17.0.10/java.util.concurrent.ThreadPoolExecutor.runWorker(ThreadPoolExecutor.java:1122)
  java.base@17.0.10/java.util.concurrent.ThreadPoolExecutor$Worker.run(ThreadPoolExecutor.java:635)
  java.base@17.0.10/java.lang.Thread.run(Thread.java:840)

Thread[PathVisitor-1,5,main]
  java.base@17.0.10/sun.nio.fs.UnixNativeDispatcher.stat0(Native Method)
  java.base@17.0.10/sun.nio.fs.UnixNativeDispatcher.stat(UnixNativeDispatcher.java:277)
  java.base@17.0.10/sun.nio.fs.UnixFileAttributes.get(UnixFileAttributes.java:70)
  java.base@17.0.10/sun.nio.fs.UnixFileAttributeViews$Basic.readAttributes(UnixFileAttributeViews.java:52)
  java.base@17.0.10/sun.nio.fs.UnixFileSystemProvider.readAttributes(UnixFileSystemProvider.java:148)
  java.base@17.0.10/sun.nio.fs.LinuxFileSystemProvider.readAttributes(LinuxFileSystemProvider.java:99)
  java.base@17.0.10/java.nio.file.Files.readAttributes(Files.java:1851)
  java.base@17.0.10/java.nio.file.FileTreeWalker.getAttributes(FileTreeWalker.java:220)
  java.base@17.0.10/java.nio.file.FileTreeWalker.visit(FileTreeWalker.java:277)
  java.base@17.0.10/java.nio.file.FileTreeWalker.next(FileTreeWalker.java:374)
  java.base@17.0.10/java.nio.file.Files.walkFileTree(Files.java:2845)
  app//nextflow.file.FileHelper.visitFiles(FileHelper.groovy:856)
  app//nextflow.file.PathVisitor.pathImpl(PathVisitor.groovy:163)
  app//nextflow.file.PathVisitor.applyGlobPattern0(PathVisitor.groovy:131)
  app//nextflow.file.PathVisitor.apply(PathVisitor.groovy:69)
  app//nextflow.file.PathVisitor$_applyAsync_closure1.doCall(PathVisitor.groovy:78)
  app//nextflow.file.PathVisitor$_applyAsync_closure1.call(PathVisitor.groovy)
  app//groovy.lang.Closure.run(Closure.java:505)
  java.base@17.0.10/java.util.concurrent.CompletableFuture$UniRun.tryFire(CompletableFuture.java:787)
  java.base@17.0.10/java.util.concurrent.CompletableFuture$Completion.run(CompletableFuture.java:482)
  java.base@17.0.10/java.util.concurrent.ThreadPoolExecutor.runWorker(ThreadPoolExecutor.java:1136)
  java.base@17.0.10/java.util.concurrent.ThreadPoolExecutor$Worker.run(ThreadPoolExecutor.java:635)
  java.base@17.0.10/java.lang.Thread.run(Thread.java:840)

Thread[Actor Thread 18,5,main]
  java.base@17.0.10/jdk.internal.misc.Unsafe.park(Native Method)
  java.base@17.0.10/java.util.concurrent.locks.LockSupport.park(LockSupport.java:341)
  java.base@17.0.10/java.util.concurrent.SynchronousQueue$TransferStack$SNode.block(SynchronousQueue.java:288)
  java.base@17.0.10/java.util.concurrent.ForkJoinPool.unmanagedBlock(ForkJoinPool.java:3465)
  java.base@17.0.10/java.util.concurrent.ForkJoinPool.managedBlock(ForkJoinPool.java:3436)
  java.base@17.0.10/java.util.concurrent.SynchronousQueue$TransferStack.transfer(SynchronousQueue.java:397)
  java.base@17.0.10/java.util.concurrent.SynchronousQueue.take(SynchronousQueue.java:886)
  java.base@17.0.10/java.util.concurrent.ThreadPoolExecutor.getTask(ThreadPoolExecutor.java:1062)
  java.base@17.0.10/java.util.concurrent.ThreadPoolExecutor.runWorker(ThreadPoolExecutor.java:1122)
  java.base@17.0.10/java.util.concurrent.ThreadPoolExecutor$Worker.run(ThreadPoolExecutor.java:635)
  java.base@17.0.10/java.lang.Thread.run(Thread.java:840)

Thread[Actor Thread 27,5,main]
  java.base@17.0.10/jdk.internal.misc.Unsafe.park(Native Method)
  java.base@17.0.10/java.util.concurrent.locks.LockSupport.park(LockSupport.java:341)
  java.base@17.0.10/java.util.concurrent.SynchronousQueue$TransferStack$SNode.block(SynchronousQueue.java:288)
  java.base@17.0.10/java.util.concurrent.ForkJoinPool.unmanagedBlock(ForkJoinPool.java:3465)
  java.base@17.0.10/java.util.concurrent.ForkJoinPool.managedBlock(ForkJoinPool.java:3436)
  java.base@17.0.10/java.util.concurrent.SynchronousQueue$TransferStack.transfer(SynchronousQueue.java:397)
  java.base@17.0.10/java.util.concurrent.SynchronousQueue.take(SynchronousQueue.java:886)
  java.base@17.0.10/java.util.concurrent.ThreadPoolExecutor.getTask(ThreadPoolExecutor.java:1062)
  java.base@17.0.10/java.util.concurrent.ThreadPoolExecutor.runWorker(ThreadPoolExecutor.java:1122)
  java.base@17.0.10/java.util.concurrent.ThreadPoolExecutor$Worker.run(ThreadPoolExecutor.java:635)
  java.base@17.0.10/java.lang.Thread.run(Thread.java:840)

Thread[Actor Thread 39,5,main]
  java.base@17.0.10/jdk.internal.misc.Unsafe.park(Native Method)
  java.base@17.0.10/java.util.concurrent.locks.LockSupport.park(LockSupport.java:341)
  java.base@17.0.10/java.util.concurrent.SynchronousQueue$TransferStack$SNode.block(SynchronousQueue.java:288)
  java.base@17.0.10/java.util.concurrent.ForkJoinPool.unmanagedBlock(ForkJoinPool.java:3465)
  java.base@17.0.10/java.util.concurrent.ForkJoinPool.managedBlock(ForkJoinPool.java:3436)
  java.base@17.0.10/java.util.concurrent.SynchronousQueue$TransferStack.transfer(SynchronousQueue.java:397)
  java.base@17.0.10/java.util.concurrent.SynchronousQueue.take(SynchronousQueue.java:886)
  java.base@17.0.10/java.util.concurrent.ThreadPoolExecutor.getTask(ThreadPoolExecutor.java:1062)
  java.base@17.0.10/java.util.concurrent.ThreadPoolExecutor.runWorker(ThreadPoolExecutor.java:1122)
  java.base@17.0.10/java.util.concurrent.ThreadPoolExecutor$Worker.run(ThreadPoolExecutor.java:635)
  java.base@17.0.10/java.lang.Thread.run(Thread.java:840)

Thread[Actor Thread 12,5,main]
  java.base@17.0.10/jdk.internal.misc.Unsafe.park(Native Method)
  java.base@17.0.10/java.util.concurrent.locks.LockSupport.park(LockSupport.java:341)
  java.base@17.0.10/java.util.concurrent.SynchronousQueue$TransferStack$SNode.block(SynchronousQueue.java:288)
  java.base@17.0.10/java.util.concurrent.ForkJoinPool.unmanagedBlock(ForkJoinPool.java:3465)
  java.base@17.0.10/java.util.concurrent.ForkJoinPool.managedBlock(ForkJoinPool.java:3436)
  java.base@17.0.10/java.util.concurrent.SynchronousQueue$TransferStack.transfer(SynchronousQueue.java:397)
  java.base@17.0.10/java.util.concurrent.SynchronousQueue.take(SynchronousQueue.java:886)
  java.base@17.0.10/java.util.concurrent.ThreadPoolExecutor.getTask(ThreadPoolExecutor.java:1062)
  java.base@17.0.10/java.util.concurrent.ThreadPoolExecutor.runWorker(ThreadPoolExecutor.java:1122)
  java.base@17.0.10/java.util.concurrent.ThreadPoolExecutor$Worker.run(ThreadPoolExecutor.java:635)
  java.base@17.0.10/java.lang.Thread.run(Thread.java:840)

Thread[Actor Thread 40,5,main]
  java.base@17.0.10/java.util.zip.Inflater.inflateBytesBytes(Native Method)
  java.base@17.0.10/java.util.zip.Inflater.inflate(Inflater.java:378)
  java.base@17.0.10/java.util.zip.InflaterInputStream.read(InflaterInputStream.java:152)
  java.base@17.0.10/jdk.internal.loader.Resource.getBytes(Resource.java:126)
  java.base@17.0.10/jdk.internal.loader.URLClassPath$JarLoader$2.getBytes(URLClassPath.java:893)
  java.base@17.0.10/jdk.internal.loader.BuiltinClassLoader.defineClass(BuiltinClassLoader.java:859)
  java.base@17.0.10/jdk.internal.loader.BuiltinClassLoader.findClassOnClassPathOrNull(BuiltinClassLoader.java:760)
  java.base@17.0.10/jdk.internal.loader.BuiltinClassLoader.loadClassOrNull(BuiltinClassLoader.java:681)
  java.base@17.0.10/jdk.internal.loader.BuiltinClassLoader.loadClass(BuiltinClassLoader.java:639)
  java.base@17.0.10/jdk.internal.loader.ClassLoaders$AppClassLoader.loadClass(ClassLoaders.java:188)
  java.base@17.0.10/java.lang.ClassLoader.loadClass(ClassLoader.java:525)
  java.base@17.0.10/java.lang.Class.getDeclaredMethods0(Native Method)
  java.base@17.0.10/java.lang.Class.privateGetDeclaredMethods(Class.java:3402)
  java.base@17.0.10/java.lang.Class.getDeclaredMethods(Class.java:2504)
  app//org.codehaus.groovy.reflection.CachedClass$3.lambda$initValue$4(CachedClass.java:84)
  app//org.codehaus.groovy.reflection.CachedClass$3$$Lambda$10/0x00002b63210199c8.run(Unknown Source)
  java.base@17.0.10/java.security.AccessController.executePrivileged(AccessController.java:776)
  java.base@17.0.10/java.security.AccessController.doPrivileged(AccessController.java:318)
  app//org.codehaus.groovy.reflection.CachedClass.doPrivileged(CachedClass.java:160)
  app//org.codehaus.groovy.reflection.CachedClass.access$000(CachedClass.java:45)
  app//org.codehaus.groovy.reflection.CachedClass$3.initValue(CachedClass.java:93)
  app//org.codehaus.groovy.reflection.CachedClass$3.initValue(CachedClass.java:77)
  app//org.codehaus.groovy.util.LazyReference.getLocked(LazyReference.java:50)
  app//org.codehaus.groovy.util.LazyReference.get(LazyReference.java:37)
  app//org.codehaus.groovy.reflection.CachedClass.getMethods(CachedClass.java:268)
  app//groovy.lang.MetaClassImpl.populateMethods(MetaClassImpl.java:394)
  app//groovy.lang.MetaClassImpl.fillMethodIndex(MetaClassImpl.java:375)
  app//groovy.lang.MetaClassImpl.reinitialize(MetaClassImpl.java:3446)
  app//groovy.lang.MetaClassImpl.initialize(MetaClassImpl.java:3441)
  app//org.codehaus.groovy.reflection.ClassInfo.getMetaClassUnderLock(ClassInfo.java:272)
  app//org.codehaus.groovy.reflection.ClassInfo.getMetaClass(ClassInfo.java:314)
  app//org.codehaus.groovy.runtime.metaclass.MetaClassRegistryImpl.getMetaClass(MetaClassRegistryImpl.java:269)
  app//org.codehaus.groovy.vmplugin.v8.Selector$InitSelector.getMetaClass(Selector.java:406)
  app//org.codehaus.groovy.vmplugin.v8.Selector$MethodSelector.setCallSiteTarget(Selector.java:1020)
  app//org.codehaus.groovy.vmplugin.v8.IndyInterface.fallback(IndyInterface.java:360)
  app//org.codehaus.groovy.vmplugin.v8.IndyInterface.access$000(IndyInterface.java:50)
  app//org.codehaus.groovy.vmplugin.v8.IndyInterface$FallbackSupplier.get(IndyInterface.java:282)
  app//org.codehaus.groovy.vmplugin.v8.IndyInterface.lambda$fromCache$1(IndyInterface.java:304)
  app//org.codehaus.groovy.vmplugin.v8.IndyInterface$$Lambda$95/0x00002b63210af000.provide(Unknown Source)
  app//org.codehaus.groovy.vmplugin.v8.CacheableCallSite.getAndPut(CacheableCallSite.java:70)
  app//org.codehaus.groovy.vmplugin.v8.IndyInterface.lambda$fromCache$2(IndyInterface.java:301)
  app//org.codehaus.groovy.vmplugin.v8.IndyInterface$$Lambda$94/0x00002b63210a7aa0.apply(Unknown Source)
  app//org.codehaus.groovy.vmplugin.v8.IndyInterface.doWithCallSite(IndyInterface.java:376)
  app//org.codehaus.groovy.vmplugin.v8.IndyInterface.fromCache(IndyInterface.java:298)
  java.base@17.0.10/java.lang.invoke.LambdaForm$DMH/0x00002b63210a8c00.invokeStatic(LambdaForm$DMH)
  java.base@17.0.10/java.lang.invoke.LambdaForm$MH/0x00002b63210ae400.invoke(LambdaForm$MH)
  java.base@17.0.10/java.lang.invoke.Invokers$Holder.linkToCallSite(Invokers$Holder)
  app//nextflow.util.KryoHelper.newInstance(SerializationHelper.groovy:87)
  java.base@17.0.10/jdk.internal.reflect.NativeMethodAccessorImpl.invoke0(Native Method)
  java.base@17.0.10/jdk.internal.reflect.NativeMethodAccessorImpl.invoke(NativeMethodAccessorImpl.java:77)
  java.base@17.0.10/jdk.internal.reflect.DelegatingMethodAccessorImpl.invoke(DelegatingMethodAccessorImpl.java:43)
  java.base@17.0.10/java.lang.reflect.Method.invoke(Method.java:568)
  app//org.codehaus.groovy.reflection.CachedMethod.invoke(CachedMethod.java:343)
  app//groovy.lang.MetaMethod.doMethodInvoke(MetaMethod.java:328)
  app//groovy.lang.MetaClassImpl.invokeStaticMethod(MetaClassImpl.java:1586)
  app//org.codehaus.groovy.runtime.InvokerHelper.invokeMethod(InvokerHelper.java:611)
  app//org.codehaus.groovy.runtime.ScriptBytecodeAdapter.invokeMethodN(ScriptBytecodeAdapter.java:182)
  app//nextflow.util.KryoHelper$1.methodMissing(SerializationHelper.groovy)
  java.base@17.0.10/jdk.internal.reflect.NativeMethodAccessorImpl.invoke0(Native Method)
  java.base@17.0.10/jdk.internal.reflect.NativeMethodAccessorImpl.invoke(NativeMethodAccessorImpl.java:77)
  java.base@17.0.10/jdk.internal.reflect.DelegatingMethodAccessorImpl.invoke(DelegatingMethodAccessorImpl.java:43)
  java.base@17.0.10/java.lang.reflect.Method.invoke(Method.java:568)
  app//org.codehaus.groovy.reflection.CachedMethod.invoke(CachedMethod.java:343)
  app//groovy.lang.MetaClassImpl.invokeMissingMethod(MetaClassImpl.java:924)
  app//groovy.lang.MetaClassImpl.invokePropertyOrMissing(MetaClassImpl.java:1413)
  app//groovy.lang.MetaClassImpl.doInvokeMethod(MetaClassImpl.java:1335)
  app//groovy.lang.MetaClassImpl.invokeMethod(MetaClassImpl.java:1088)
  app//groovy.lang.MetaClassImpl.invokeMethod(MetaClassImpl.java:1007)
  java.base@17.0.10/java.lang.invoke.LambdaForm$DMH/0x00002b63210b6c00.invokeInterface(LambdaForm$DMH)
  java.base@17.0.10/java.lang.invoke.LambdaForm$MH/0x00002b6321175400.invoke(LambdaForm$MH)
  java.base@17.0.10/java.lang.invoke.LambdaForm$MH/0x00002b6321191c00.invoke(LambdaForm$MH)
  java.base@17.0.10/java.lang.invoke.LambdaForm$MH/0x00002b632115dc00.guardWithCatch(LambdaForm$MH)
  java.base@17.0.10/java.lang.invoke.LambdaForm$MH/0x00002b63210b5400.reinvoke(LambdaForm$MH)
  java.base@17.0.10/java.lang.invoke.LambdaForm$MH/0x00002b63210b5800.guard(LambdaForm$MH)
  java.base@17.0.10/java.lang.invoke.LambdaForm$MH/0x00002b63210b5400.reinvoke(LambdaForm$MH)
  java.base@17.0.10/java.lang.invoke.LambdaForm$MH/0x00002b63210b5800.guard(LambdaForm$MH)
  java.base@17.0.10/java.lang.invoke.LambdaForm$MH/0x00002b63210b5400.reinvoke(LambdaForm$MH)
  java.base@17.0.10/java.lang.invoke.LambdaForm$MH/0x00002b6321134c00.invoke(LambdaForm$MH)
  java.base@17.0.10/java.lang.invoke.LambdaForm$MH/0x00002b63210bc000.invokeExact_MT(LambdaForm$MH)
  app//org.codehaus.groovy.vmplugin.v8.IndyInterface.fromCache(IndyInterface.java:321)
  java.base@17.0.10/java.lang.invoke.LambdaForm$DMH/0x00002b63210a8c00.invokeStatic(LambdaForm$DMH)
  java.base@17.0.10/java.lang.invoke.LambdaForm$MH/0x00002b63210ae400.invoke(LambdaForm$MH)
  java.base@17.0.10/java.lang.invoke.Invokers$Holder.linkToCallSite(Invokers$Holder)
  app//nextflow.util.KryoHelper$1.initialValue(SerializationHelper.groovy:60)
  app//nextflow.util.KryoHelper$1.initialValue(SerializationHelper.groovy)
  java.base@17.0.10/java.lang.ThreadLocal.setInitialValue(ThreadLocal.java:195)
  java.base@17.0.10/java.lang.ThreadLocal.get(ThreadLocal.java:172)
  java.base@17.0.10/java.lang.invoke.DirectMethodHandle$Holder.invokeVirtual(DirectMethodHandle$Holder)
  java.base@17.0.10/java.lang.invoke.LambdaForm$MH/0x00002b632115dc00.guardWithCatch(LambdaForm$MH)
  java.base@17.0.10/java.lang.invoke.LambdaForm$MH/0x00002b63210b5400.reinvoke(LambdaForm$MH)
  java.base@17.0.10/java.lang.invoke.LambdaForm$MH/0x00002b63210b5800.guard(LambdaForm$MH)
  java.base@17.0.10/java.lang.invoke.LambdaForm$MH/0x00002b63210b5400.reinvoke(LambdaForm$MH)
  java.base@17.0.10/java.lang.invoke.LambdaForm$MH/0x00002b63210b5800.guard(LambdaForm$MH)
  java.base@17.0.10/java.lang.invoke.LambdaForm$MH/0x00002b63210b5400.reinvoke(LambdaForm$MH)
  java.base@17.0.10/java.lang.invoke.LambdaForm$MH/0x00002b6321134c00.invoke(LambdaForm$MH)
  java.base@17.0.10/java.lang.invoke.LambdaForm$MH/0x00002b63210bc000.invokeExact_MT(LambdaForm$MH)
  app//org.codehaus.groovy.vmplugin.v8.IndyInterface.fromCache(IndyInterface.java:321)
  java.base@17.0.10/java.lang.invoke.LambdaForm$DMH/0x00002b63210a8c00.invokeStatic(LambdaForm$DMH)
  java.base@17.0.10/java.lang.invoke.LambdaForm$MH/0x00002b63210ae400.invoke(LambdaForm$MH)
  java.base@17.0.10/java.lang.invoke.Invokers$Holder.linkToCallSite(Invokers$Holder)
  app//nextflow.util.KryoHelper.kryo(SerializationHelper.groovy:79)
  java.base@17.0.10/java.lang.invoke.DirectMethodHandle$Holder.invokeStatic(DirectMethodHandle$Holder)
  java.base@17.0.10/java.lang.invoke.LambdaForm$MH/0x00002b632115d400.invoke(LambdaForm$MH)
  java.base@17.0.10/java.lang.invoke.LambdaForm$MH/0x00002b632115dc00.guardWithCatch(LambdaForm$MH)
  java.base@17.0.10/java.lang.invoke.LambdaForm$MH/0x00002b63210b5400.reinvoke(LambdaForm$MH)
  java.base@17.0.10/java.lang.invoke.LambdaForm$MH/0x00002b63210b5800.guard(LambdaForm$MH)
  java.base@17.0.10/java.lang.invoke.LambdaForm$MH/0x00002b63210b5400.reinvoke(LambdaForm$MH)
  java.base@17.0.10/java.lang.invoke.LambdaForm$MH/0x00002b6321134c00.invoke(LambdaForm$MH)
  java.base@17.0.10/java.lang.invoke.LambdaForm$MH/0x00002b63210bc000.invokeExact_MT(LambdaForm$MH)
  app//org.codehaus.groovy.vmplugin.v8.IndyInterface.fromCache(IndyInterface.java:321)
  java.base@17.0.10/java.lang.invoke.LambdaForm$DMH/0x00002b63210a8c00.invokeStatic(LambdaForm$DMH)
  java.base@17.0.10/java.lang.invoke.LambdaForm$MH/0x00002b63210ae400.invoke(LambdaForm$MH)
  java.base@17.0.10/java.lang.invoke.Invokers$Holder.linkToCallSite(Invokers$Holder)
  app//nextflow.util.KryoHelper.serialize(SerializationHelper.groovy:166)
  app//nextflow.trace.TraceRecord.serialize(TraceRecord.groovy:573)
  app//nextflow.cache.CacheDB.writeTaskEntry0(CacheDB.groovy:147)
  java.base@17.0.10/jdk.internal.reflect.NativeMethodAccessorImpl.invoke0(Native Method)
  java.base@17.0.10/jdk.internal.reflect.NativeMethodAccessorImpl.invoke(NativeMethodAccessorImpl.java:77)
  java.base@17.0.10/jdk.internal.reflect.DelegatingMethodAccessorImpl.invoke(DelegatingMethodAccessorImpl.java:43)
  java.base@17.0.10/java.lang.reflect.Method.invoke(Method.java:568)
  app//org.codehaus.groovy.reflection.CachedMethod.invoke(CachedMethod.java:343)
  app//groovy.lang.MetaMethod.doMethodInvoke(MetaMethod.java:328)
  app//groovy.lang.MetaClassImpl.doInvokeMethod(MetaClassImpl.java:1333)
  app//groovy.lang.MetaClassImpl.invokeMethod(MetaClassImpl.java:1088)
  app//groovy.lang.MetaClassImpl.invokeMethod(MetaClassImpl.java:1007)
  app//org.codehaus.groovy.runtime.InvokerHelper.invokePogoMethod(InvokerHelper.java:645)
  app//org.codehaus.groovy.runtime.InvokerHelper.invokeMethod(InvokerHelper.java:628)
  app//org.codehaus.groovy.runtime.InvokerHelper.invokeMethodSafe(InvokerHelper.java:82)
  app//nextflow.cache.CacheDB$_putTaskAsync_closure1.doCall(CacheDB.groovy:157)
  app//nextflow.cache.CacheDB$_putTaskAsync_closure1.call(CacheDB.groovy)
  app//groovyx.gpars.agent.AgentBase.onMessage(AgentBase.java:102)
  app//groovyx.gpars.agent.Agent.handleMessage(Agent.java:84)
  app//groovyx.gpars.agent.AgentCore$1.handleMessage(AgentCore.java:48)
  app//groovyx.gpars.util.AsyncMessagingCore.run(AsyncMessagingCore.java:132)
  java.base@17.0.10/java.util.concurrent.ThreadPoolExecutor.runWorker(ThreadPoolExecutor.java:1136)
  java.base@17.0.10/java.util.concurrent.ThreadPoolExecutor$Worker.run(ThreadPoolExecutor.java:635)
  java.base@17.0.10/java.lang.Thread.run(Thread.java:840)

Thread[Actor Thread 24,5,main]
  java.base@17.0.10/jdk.internal.misc.Unsafe.park(Native Method)
  java.base@17.0.10/java.util.concurrent.locks.LockSupport.park(LockSupport.java:341)
  java.base@17.0.10/java.util.concurrent.SynchronousQueue$TransferStack$SNode.block(SynchronousQueue.java:288)
  java.base@17.0.10/java.util.concurrent.ForkJoinPool.unmanagedBlock(ForkJoinPool.java:3465)
  java.base@17.0.10/java.util.concurrent.ForkJoinPool.managedBlock(ForkJoinPool.java:3436)
  java.base@17.0.10/java.util.concurrent.SynchronousQueue$TransferStack.transfer(SynchronousQueue.java:397)
  java.base@17.0.10/java.util.concurrent.SynchronousQueue.take(SynchronousQueue.java:886)
  java.base@17.0.10/java.util.concurrent.ThreadPoolExecutor.getTask(ThreadPoolExecutor.java:1062)
  java.base@17.0.10/java.util.concurrent.ThreadPoolExecutor.runWorker(ThreadPoolExecutor.java:1122)
  java.base@17.0.10/java.util.concurrent.ThreadPoolExecutor$Worker.run(ThreadPoolExecutor.java:635)
  java.base@17.0.10/java.lang.Thread.run(Thread.java:840)

Thread[Actor Thread 20,5,main]
  java.base@17.0.10/jdk.internal.misc.Unsafe.park(Native Method)
  java.base@17.0.10/java.util.concurrent.locks.LockSupport.park(LockSupport.java:341)
  java.base@17.0.10/java.util.concurrent.SynchronousQueue$TransferStack$SNode.block(SynchronousQueue.java:288)
  java.base@17.0.10/java.util.concurrent.ForkJoinPool.unmanagedBlock(ForkJoinPool.java:3465)
  java.base@17.0.10/java.util.concurrent.ForkJoinPool.managedBlock(ForkJoinPool.java:3436)
  java.base@17.0.10/java.util.concurrent.SynchronousQueue$TransferStack.transfer(SynchronousQueue.java:397)
  java.base@17.0.10/java.util.concurrent.SynchronousQueue.take(SynchronousQueue.java:886)
  java.base@17.0.10/java.util.concurrent.ThreadPoolExecutor.getTask(ThreadPoolExecutor.java:1062)
  java.base@17.0.10/java.util.concurrent.ThreadPoolExecutor.runWorker(ThreadPoolExecutor.java:1122)
  java.base@17.0.10/java.util.concurrent.ThreadPoolExecutor$Worker.run(ThreadPoolExecutor.java:635)
  java.base@17.0.10/java.lang.Thread.run(Thread.java:840)

Thread[Finalizer,8,system]
  java.base@17.0.10/java.lang.Object.wait(Native Method)
  java.base@17.0.10/java.lang.ref.ReferenceQueue.remove(ReferenceQueue.java:155)
  java.base@17.0.10/java.lang.ref.ReferenceQueue.remove(ReferenceQueue.java:176)
  java.base@17.0.10/java.lang.ref.Finalizer$FinalizerThread.run(Finalizer.java:172)

Thread[Actor Thread 8,5,main]
  java.base@17.0.10/jdk.internal.misc.Unsafe.park(Native Method)
  java.base@17.0.10/java.util.concurrent.locks.LockSupport.park(LockSupport.java:341)
  java.base@17.0.10/java.util.concurrent.SynchronousQueue$TransferStack$SNode.block(SynchronousQueue.java:288)
  java.base@17.0.10/java.util.concurrent.ForkJoinPool.unmanagedBlock(ForkJoinPool.java:3465)
  java.base@17.0.10/java.util.concurrent.ForkJoinPool.managedBlock(ForkJoinPool.java:3436)
  java.base@17.0.10/java.util.concurrent.SynchronousQueue$TransferStack.transfer(SynchronousQueue.java:397)
  java.base@17.0.10/java.util.concurrent.SynchronousQueue.take(SynchronousQueue.java:886)
  java.base@17.0.10/java.util.concurrent.ThreadPoolExecutor.getTask(ThreadPoolExecutor.java:1062)
  java.base@17.0.10/java.util.concurrent.ThreadPoolExecutor.runWorker(ThreadPoolExecutor.java:1122)
  java.base@17.0.10/java.util.concurrent.ThreadPoolExecutor$Worker.run(ThreadPoolExecutor.java:635)
  java.base@17.0.10/java.lang.Thread.run(Thread.java:840)

Thread[Actor Thread 21,5,main]
  java.base@17.0.10/jdk.internal.misc.Unsafe.park(Native Method)
  java.base@17.0.10/java.util.concurrent.locks.LockSupport.park(LockSupport.java:341)
  java.base@17.0.10/java.util.concurrent.SynchronousQueue$TransferStack$SNode.block(SynchronousQueue.java:288)
  java.base@17.0.10/java.util.concurrent.ForkJoinPool.unmanagedBlock(ForkJoinPool.java:3465)
  java.base@17.0.10/java.util.concurrent.ForkJoinPool.managedBlock(ForkJoinPool.java:3436)
  java.base@17.0.10/java.util.concurrent.SynchronousQueue$TransferStack.transfer(SynchronousQueue.java:397)
  java.base@17.0.10/java.util.concurrent.SynchronousQueue.take(SynchronousQueue.java:886)
  java.base@17.0.10/java.util.concurrent.ThreadPoolExecutor.getTask(ThreadPoolExecutor.java:1062)
  java.base@17.0.10/java.util.concurrent.ThreadPoolExecutor.runWorker(ThreadPoolExecutor.java:1122)
  java.base@17.0.10/java.util.concurrent.ThreadPoolExecutor$Worker.run(ThreadPoolExecutor.java:635)
  java.base@17.0.10/java.lang.Thread.run(Thread.java:840)

Thread[Actor Thread 16,5,main]
  java.base@17.0.10/jdk.internal.misc.Unsafe.park(Native Method)
  java.base@17.0.10/java.util.concurrent.locks.LockSupport.park(LockSupport.java:341)
  java.base@17.0.10/java.util.concurrent.SynchronousQueue$TransferStack$SNode.block(SynchronousQueue.java:288)
  java.base@17.0.10/java.util.concurrent.ForkJoinPool.unmanagedBlock(ForkJoinPool.java:3465)
  java.base@17.0.10/java.util.concurrent.ForkJoinPool.managedBlock(ForkJoinPool.java:3436)
  java.base@17.0.10/java.util.concurrent.SynchronousQueue$TransferStack.transfer(SynchronousQueue.java:397)
  java.base@17.0.10/java.util.concurrent.SynchronousQueue.take(SynchronousQueue.java:886)
  java.base@17.0.10/java.util.concurrent.ThreadPoolExecutor.getTask(ThreadPoolExecutor.java:1062)
  java.base@17.0.10/java.util.concurrent.ThreadPoolExecutor.runWorker(ThreadPoolExecutor.java:1122)
  java.base@17.0.10/java.util.concurrent.ThreadPoolExecutor$Worker.run(ThreadPoolExecutor.java:635)
  java.base@17.0.10/java.lang.Thread.run(Thread.java:840)

Thread[Common-Cleaner,8,InnocuousThreadGroup]
  java.base@17.0.10/java.lang.Object.wait(Native Method)
  java.base@17.0.10/java.lang.ref.ReferenceQueue.remove(ReferenceQueue.java:155)
  java.base@17.0.10/jdk.internal.ref.CleanerImpl.run(CleanerImpl.java:140)
  java.base@17.0.10/java.lang.Thread.run(Thread.java:840)
  java.base@17.0.10/jdk.internal.misc.InnocuousThread.run(InnocuousThread.java:162)

Thread[Actor Thread 22,5,main]
  java.base@17.0.10/jdk.internal.misc.Unsafe.park(Native Method)
  java.base@17.0.10/java.util.concurrent.locks.LockSupport.park(LockSupport.java:341)
  java.base@17.0.10/java.util.concurrent.SynchronousQueue$TransferStack$SNode.block(SynchronousQueue.java:288)
  java.base@17.0.10/java.util.concurrent.ForkJoinPool.unmanagedBlock(ForkJoinPool.java:3465)
  java.base@17.0.10/java.util.concurrent.ForkJoinPool.managedBlock(ForkJoinPool.java:3436)
  java.base@17.0.10/java.util.concurrent.SynchronousQueue$TransferStack.transfer(SynchronousQueue.java:397)
  java.base@17.0.10/java.util.concurrent.SynchronousQueue.take(SynchronousQueue.java:886)
  java.base@17.0.10/java.util.concurrent.ThreadPoolExecutor.getTask(ThreadPoolExecutor.java:1062)
  java.base@17.0.10/java.util.concurrent.ThreadPoolExecutor.runWorker(ThreadPoolExecutor.java:1122)
  java.base@17.0.10/java.util.concurrent.ThreadPoolExecutor$Worker.run(ThreadPoolExecutor.java:635)
  java.base@17.0.10/java.lang.Thread.run(Thread.java:840)

Thread[Actor Thread 19,5,main]
  java.base@17.0.10/jdk.internal.misc.Unsafe.park(Native Method)
  java.base@17.0.10/java.util.concurrent.locks.LockSupport.park(LockSupport.java:341)
  java.base@17.0.10/java.util.concurrent.SynchronousQueue$TransferStack$SNode.block(SynchronousQueue.java:288)
  java.base@17.0.10/java.util.concurrent.ForkJoinPool.unmanagedBlock(ForkJoinPool.java:3465)
  java.base@17.0.10/java.util.concurrent.ForkJoinPool.managedBlock(ForkJoinPool.java:3436)
  java.base@17.0.10/java.util.concurrent.SynchronousQueue$TransferStack.transfer(SynchronousQueue.java:397)
  java.base@17.0.10/java.util.concurrent.SynchronousQueue.take(SynchronousQueue.java:886)
  java.base@17.0.10/java.util.concurrent.ThreadPoolExecutor.getTask(ThreadPoolExecutor.java:1062)
  java.base@17.0.10/java.util.concurrent.ThreadPoolExecutor.runWorker(ThreadPoolExecutor.java:1122)
  java.base@17.0.10/java.util.concurrent.ThreadPoolExecutor$Worker.run(ThreadPoolExecutor.java:635)
  java.base@17.0.10/java.lang.Thread.run(Thread.java:840)

Thread[Actor Thread 29,5,main]
  java.base@17.0.10/jdk.internal.misc.Unsafe.park(Native Method)
  java.base@17.0.10/java.util.concurrent.locks.LockSupport.park(LockSupport.java:341)
  java.base@17.0.10/java.util.concurrent.SynchronousQueue$TransferStack$SNode.block(SynchronousQueue.java:288)
  java.base@17.0.10/java.util.concurrent.ForkJoinPool.unmanagedBlock(ForkJoinPool.java:3465)
  java.base@17.0.10/java.util.concurrent.ForkJoinPool.managedBlock(ForkJoinPool.java:3436)
  java.base@17.0.10/java.util.concurrent.SynchronousQueue$TransferStack.transfer(SynchronousQueue.java:397)
  java.base@17.0.10/java.util.concurrent.SynchronousQueue.take(SynchronousQueue.java:886)
  java.base@17.0.10/java.util.concurrent.ThreadPoolExecutor.getTask(ThreadPoolExecutor.java:1062)
  java.base@17.0.10/java.util.concurrent.ThreadPoolExecutor.runWorker(ThreadPoolExecutor.java:1122)
  java.base@17.0.10/java.util.concurrent.ThreadPoolExecutor$Worker.run(ThreadPoolExecutor.java:635)
  java.base@17.0.10/java.lang.Thread.run(Thread.java:840)

Thread[Task monitor,5,main]
  java.base@17.0.10/jdk.internal.misc.Unsafe.park(Native Method)
  java.base@17.0.10/java.util.concurrent.locks.LockSupport.parkNanos(LockSupport.java:252)
  java.base@17.0.10/java.util.concurrent.locks.AbstractQueuedSynchronizer$ConditionObject.await(AbstractQueuedSynchronizer.java:1757)
  app//nextflow.processor.TaskPollingMonitor$_await_closure5.doCall(TaskPollingMonitor.groovy:529)
  app//nextflow.processor.TaskPollingMonitor$_await_closure5.call(TaskPollingMonitor.groovy)
  app//nextflow.extension.Bolts.withLock(Bolts.groovy:337)
  app//nextflow.extension.Bolts.withLock(Bolts.groovy)
  app//nextflow.processor.TaskPollingMonitor.await(TaskPollingMonitor.groovy:528)
  app//nextflow.processor.TaskPollingMonitor.pollLoop(TaskPollingMonitor.groovy:453)
  java.base@17.0.10/jdk.internal.reflect.NativeMethodAccessorImpl.invoke0(Native Method)
  java.base@17.0.10/jdk.internal.reflect.NativeMethodAccessorImpl.invoke(NativeMethodAccessorImpl.java:77)
  java.base@17.0.10/jdk.internal.reflect.DelegatingMethodAccessorImpl.invoke(DelegatingMethodAccessorImpl.java:43)
  java.base@17.0.10/java.lang.reflect.Method.invoke(Method.java:568)
  app//org.codehaus.groovy.reflection.CachedMethod.invoke(CachedMethod.java:343)
  app//groovy.lang.MetaMethod.doMethodInvoke(MetaMethod.java:328)
  app//groovy.lang.MetaClassImpl.doInvokeMethod(MetaClassImpl.java:1333)
  app//groovy.lang.MetaClassImpl.invokeMethod(MetaClassImpl.java:1088)
  app//groovy.lang.MetaClassImpl.invokeMethod(MetaClassImpl.java:1007)
  app//org.codehaus.groovy.runtime.InvokerHelper.invokePogoMethod(InvokerHelper.java:645)
  app//org.codehaus.groovy.runtime.InvokerHelper.invokeMethod(InvokerHelper.java:628)
  app//org.codehaus.groovy.runtime.InvokerHelper.invokeMethodSafe(InvokerHelper.java:82)
  app//nextflow.processor.TaskPollingMonitor$_start_closure2.doCall(TaskPollingMonitor.groovy:318)
  app//nextflow.processor.TaskPollingMonitor$_start_closure2.call(TaskPollingMonitor.groovy)
  app//groovy.lang.Closure.run(Closure.java:505)
  java.base@17.0.10/java.lang.Thread.run(Thread.java:840)

Thread[Actor Thread 10,5,main]
  java.base@17.0.10/jdk.internal.misc.Unsafe.park(Native Method)
  java.base@17.0.10/java.util.concurrent.locks.LockSupport.park(LockSupport.java:341)
  java.base@17.0.10/java.util.concurrent.SynchronousQueue$TransferStack$SNode.block(SynchronousQueue.java:288)
  java.base@17.0.10/java.util.concurrent.ForkJoinPool.unmanagedBlock(ForkJoinPool.java:3465)
  java.base@17.0.10/java.util.concurrent.ForkJoinPool.managedBlock(ForkJoinPool.java:3436)
  java.base@17.0.10/java.util.concurrent.SynchronousQueue$TransferStack.transfer(SynchronousQueue.java:397)
  java.base@17.0.10/java.util.concurrent.SynchronousQueue.take(SynchronousQueue.java:886)
  java.base@17.0.10/java.util.concurrent.ThreadPoolExecutor.getTask(ThreadPoolExecutor.java:1062)
  java.base@17.0.10/java.util.concurrent.ThreadPoolExecutor.runWorker(ThreadPoolExecutor.java:1122)
  java.base@17.0.10/java.util.concurrent.ThreadPoolExecutor$Worker.run(ThreadPoolExecutor.java:635)
  java.base@17.0.10/java.lang.Thread.run(Thread.java:840)

Thread[Actor Thread 9,5,main]
  java.base@17.0.10/jdk.internal.misc.Unsafe.park(Native Method)
  java.base@17.0.10/java.util.concurrent.locks.LockSupport.park(LockSupport.java:341)
  java.base@17.0.10/java.util.concurrent.SynchronousQueue$TransferStack$SNode.block(SynchronousQueue.java:288)
  java.base@17.0.10/java.util.concurrent.ForkJoinPool.unmanagedBlock(ForkJoinPool.java:3465)
  java.base@17.0.10/java.util.concurrent.ForkJoinPool.managedBlock(ForkJoinPool.java:3436)
  java.base@17.0.10/java.util.concurrent.SynchronousQueue$TransferStack.transfer(SynchronousQueue.java:397)
  java.base@17.0.10/java.util.concurrent.SynchronousQueue.take(SynchronousQueue.java:886)
  java.base@17.0.10/java.util.concurrent.ThreadPoolExecutor.getTask(ThreadPoolExecutor.java:1062)
  java.base@17.0.10/java.util.concurrent.ThreadPoolExecutor.runWorker(ThreadPoolExecutor.java:1122)
  java.base@17.0.10/java.util.concurrent.ThreadPoolExecutor$Worker.run(ThreadPoolExecutor.java:635)
  java.base@17.0.10/java.lang.Thread.run(Thread.java:840)

Thread[Actor Thread 2,5,main]
  java.base@17.0.10/jdk.internal.misc.Unsafe.park(Native Method)
  java.base@17.0.10/java.util.concurrent.locks.LockSupport.park(LockSupport.java:341)
  java.base@17.0.10/java.util.concurrent.SynchronousQueue$TransferStack$SNode.block(SynchronousQueue.java:288)
  java.base@17.0.10/java.util.concurrent.ForkJoinPool.unmanagedBlock(ForkJoinPool.java:3465)
  java.base@17.0.10/java.util.concurrent.ForkJoinPool.managedBlock(ForkJoinPool.java:3436)
  java.base@17.0.10/java.util.concurrent.SynchronousQueue$TransferStack.transfer(SynchronousQueue.java:397)
  java.base@17.0.10/java.util.concurrent.SynchronousQueue.take(SynchronousQueue.java:886)
  java.base@17.0.10/java.util.concurrent.ThreadPoolExecutor.getTask(ThreadPoolExecutor.java:1062)
  java.base@17.0.10/java.util.concurrent.ThreadPoolExecutor.runWorker(ThreadPoolExecutor.java:1122)
  java.base@17.0.10/java.util.concurrent.ThreadPoolExecutor$Worker.run(ThreadPoolExecutor.java:635)
  java.base@17.0.10/java.lang.Thread.run(Thread.java:840)

Thread[Actor Thread 28,5,main]
  java.base@17.0.10/jdk.internal.misc.Unsafe.park(Native Method)
  java.base@17.0.10/java.util.concurrent.locks.LockSupport.park(LockSupport.java:341)
  java.base@17.0.10/java.util.concurrent.SynchronousQueue$TransferStack$SNode.block(SynchronousQueue.java:288)
  java.base@17.0.10/java.util.concurrent.ForkJoinPool.unmanagedBlock(ForkJoinPool.java:3465)
  java.base@17.0.10/java.util.concurrent.ForkJoinPool.managedBlock(ForkJoinPool.java:3436)
  java.base@17.0.10/java.util.concurrent.SynchronousQueue$TransferStack.transfer(SynchronousQueue.java:397)
  java.base@17.0.10/java.util.concurrent.SynchronousQueue.take(SynchronousQueue.java:886)
  java.base@17.0.10/java.util.concurrent.ThreadPoolExecutor.getTask(ThreadPoolExecutor.java:1062)
  java.base@17.0.10/java.util.concurrent.ThreadPoolExecutor.runWorker(ThreadPoolExecutor.java:1122)
  java.base@17.0.10/java.util.concurrent.ThreadPoolExecutor$Worker.run(ThreadPoolExecutor.java:635)
  java.base@17.0.10/java.lang.Thread.run(Thread.java:840)

Thread[Actor Thread 25,5,main]
  java.base@17.0.10/jdk.internal.misc.Unsafe.park(Native Method)
  java.base@17.0.10/java.util.concurrent.locks.LockSupport.park(LockSupport.java:341)
  java.base@17.0.10/java.util.concurrent.SynchronousQueue$TransferStack$SNode.block(SynchronousQueue.java:288)
  java.base@17.0.10/java.util.concurrent.ForkJoinPool.unmanagedBlock(ForkJoinPool.java:3465)
  java.base@17.0.10/java.util.concurrent.ForkJoinPool.managedBlock(ForkJoinPool.java:3436)
  java.base@17.0.10/java.util.concurrent.SynchronousQueue$TransferStack.transfer(SynchronousQueue.java:397)
  java.base@17.0.10/java.util.concurrent.SynchronousQueue.take(SynchronousQueue.java:886)
  java.base@17.0.10/java.util.concurrent.ThreadPoolExecutor.getTask(ThreadPoolExecutor.java:1062)
  java.base@17.0.10/java.util.concurrent.ThreadPoolExecutor.runWorker(ThreadPoolExecutor.java:1122)
  java.base@17.0.10/java.util.concurrent.ThreadPoolExecutor$Worker.run(ThreadPoolExecutor.java:635)
  java.base@17.0.10/java.lang.Thread.run(Thread.java:840)

Thread[Actor Thread 26,5,main]
  java.base@17.0.10/jdk.internal.misc.Unsafe.park(Native Method)
  java.base@17.0.10/java.util.concurrent.locks.LockSupport.park(LockSupport.java:341)
  java.base@17.0.10/java.util.concurrent.SynchronousQueue$TransferStack$SNode.block(SynchronousQueue.java:288)
  java.base@17.0.10/java.util.concurrent.ForkJoinPool.unmanagedBlock(ForkJoinPool.java:3465)
  java.base@17.0.10/java.util.concurrent.ForkJoinPool.managedBlock(ForkJoinPool.java:3436)
  java.base@17.0.10/java.util.concurrent.SynchronousQueue$TransferStack.transfer(SynchronousQueue.java:397)
  java.base@17.0.10/java.util.concurrent.SynchronousQueue.take(SynchronousQueue.java:886)
  java.base@17.0.10/java.util.concurrent.ThreadPoolExecutor.getTask(ThreadPoolExecutor.java:1062)
  java.base@17.0.10/java.util.concurrent.ThreadPoolExecutor.runWorker(ThreadPoolExecutor.java:1122)
  java.base@17.0.10/java.util.concurrent.ThreadPoolExecutor$Worker.run(ThreadPoolExecutor.java:635)
  java.base@17.0.10/java.lang.Thread.run(Thread.java:840)

Jun-17 11:14:54.690 [main] DEBUG nextflow.Session - Session await > all barriers passed
Jun-17 11:14:54.690 [Task monitor] DEBUG n.processor.TaskPollingMonitor - <<< barrier arrives (monitor: slurm) - terminating tasks monitor poll loop
Jun-17 11:14:54.710 [main] DEBUG n.trace.WorkflowStatsObserver - Workflow completed > WorkflowStats[succeededCount=0; failedCount=1; ignoredCount=0; cachedCount=0; pendingCount=0; submittedCount=0; runningCount=0; retriesCount=0; abortedCount=0; succeedDuration=0ms; failedDuration=15s; cachedDuration=0ms;loadCpus=0; loadMemory=0; peakRunning=1; peakCpus=1; peakMemory=0; ]
Jun-17 11:14:54.710 [main] DEBUG nextflow.trace.TraceFileObserver - Workflow completed -- saving trace file
Jun-17 11:14:54.712 [main] DEBUG nextflow.trace.ReportObserver - Workflow completed -- rendering execution report
Jun-17 11:14:55.369 [main] DEBUG nextflow.trace.TimelineObserver - Workflow completed -- rendering execution timeline
Jun-17 11:14:55.443 [main] DEBUG nextflow.cache.CacheDB - Closing CacheDB done
Jun-17 11:14:55.485 [main] DEBUG nextflow.script.ScriptRunner - > Execution complete -- Goodbye
