May-06 12:51:00.889 [main] DEBUG nextflow.cli.Launcher - $> nextflow run /lustre/smriti.a/samhita/src/rnaseqCounts_pipeline/alignment_quant_Main.nf -c /lustre/smriti.a/samhita/src/rnaseqCounts_pipeline/dengue80.config -with-trace /lustre/smriti.a/samhita/src/rnaseqCounts_pipeline/runStats/dengue80Run_06May2025_salmonMap_kd/trace.txt -with-timeline /lustre/smriti.a/samhita/src/rnaseqCounts_pipeline/runStats/dengue80Run_06May2025_salmonMap_kd/timeline.html -with-report /lustre/smriti.a/samhita/src/rnaseqCounts_pipeline/runStats/dengue80Run_06May2025_salmonMap_kd/report.html --runName dengue80Run_06May2025_salmonMap_kd
May-06 12:51:01.297 [main] DEBUG nextflow.cli.CmdRun - N E X T F L O W  ~  version 24.10.5
May-06 12:51:01.318 [main] DEBUG nextflow.plugin.PluginsFacade - Setting up plugin manager > mode=prod; embedded=false; plugins-dir=/home/smriti.a/.nextflow/plugins; core-plugins: nf-amazon@2.9.2,nf-azure@1.10.2,nf-cloudcache@0.4.2,nf-codecommit@0.2.2,nf-console@1.1.4,nf-google@1.15.4,nf-tower@1.9.3,nf-wave@1.7.4
May-06 12:51:01.344 [main] INFO  o.pf4j.DefaultPluginStatusProvider - Enabled plugins: []
May-06 12:51:01.345 [main] INFO  o.pf4j.DefaultPluginStatusProvider - Disabled plugins: []
May-06 12:51:01.349 [main] INFO  org.pf4j.DefaultPluginManager - PF4J version 3.12.0 in 'deployment' mode
May-06 12:51:01.363 [main] INFO  org.pf4j.AbstractPluginManager - No plugins
May-06 12:51:01.391 [main] DEBUG nextflow.config.ConfigBuilder - User config file: /lustre/smriti.a/samhita/src/rnaseqCounts_pipeline/dengue80.config
May-06 12:51:01.393 [main] DEBUG nextflow.config.ConfigBuilder - Parsing config file: /lustre/smriti.a/samhita/src/rnaseqCounts_pipeline/dengue80.config
May-06 12:51:01.425 [main] DEBUG n.secret.LocalSecretsProvider - Secrets store: /home/smriti.a/.nextflow/secrets/store.json
May-06 12:51:01.429 [main] DEBUG nextflow.secret.SecretsLoader - Discovered secrets providers: [nextflow.secret.LocalSecretsProvider@1ad926d3] - activable => nextflow.secret.LocalSecretsProvider@1ad926d3
May-06 12:51:01.446 [main] DEBUG nextflow.config.ConfigBuilder - Applying config profile: `standard`
May-06 12:51:02.029 [main] DEBUG nextflow.cli.CmdRun - Applied DSL=2 from script declaration
May-06 12:51:02.048 [main] DEBUG nextflow.cli.CmdRun - Launching `/lustre/smriti.a/samhita/src/rnaseqCounts_pipeline/alignment_quant_Main.nf` [angry_raman] DSL2 - revision: e358a77d30
May-06 12:51:02.050 [main] DEBUG nextflow.plugin.PluginsFacade - Plugins default=[]
May-06 12:51:02.050 [main] DEBUG nextflow.plugin.PluginsFacade - Plugins resolved requirement=[]
May-06 12:51:02.103 [main] DEBUG nextflow.Session - Session UUID: c0030553-c8ec-4545-b5b9-6954beecf72b
May-06 12:51:02.103 [main] DEBUG nextflow.Session - Run name: angry_raman
May-06 12:51:02.104 [main] DEBUG nextflow.Session - Executor pool size: 40
May-06 12:51:02.112 [main] DEBUG nextflow.file.FilePorter - File porter settings maxRetries=3; maxTransfers=50; pollTimeout=null
May-06 12:51:02.118 [main] DEBUG nextflow.util.ThreadPoolBuilder - Creating thread pool 'FileTransfer' minSize=10; maxSize=120; workQueue=LinkedBlockingQueue[-1]; allowCoreThreadTimeout=false
May-06 12:51:02.146 [main] DEBUG nextflow.cli.CmdRun - 
  Version: 24.10.5 build 5935
  Created: 04-03-2025 17:55 UTC (23:25 IDT)
  System: Linux 3.10.0-1062.el7.x86_64
  Runtime: Groovy 4.0.23 on OpenJDK 64-Bit Server VM 17.0.10+7
  Encoding: UTF-8 (UTF-8)
  Process: 20186@hn1.dc [192.168.28.10]
  CPUs: 40 - Mem: 377.4 GB (151.1 GB) - Swap: 64 GB (63.8 GB)
May-06 12:51:02.258 [main] DEBUG nextflow.Session - Work-dir: /lustre/smriti.a/samhita/src/rnaseqCounts_pipeline/work [lustre]
May-06 12:51:02.259 [main] DEBUG nextflow.Session - Script base path does not exist or is not a directory: /lustre/smriti.a/samhita/src/rnaseqCounts_pipeline/bin
May-06 12:51:02.268 [main] DEBUG nextflow.executor.ExecutorFactory - Extension executors providers=[]
May-06 12:51:02.278 [main] DEBUG nextflow.Session - Observer factory: DefaultObserverFactory
May-06 12:51:02.351 [main] DEBUG nextflow.cache.CacheFactory - Using Nextflow cache factory: nextflow.cache.DefaultCacheFactory
May-06 12:51:02.364 [main] DEBUG nextflow.util.CustomThreadPool - Creating default thread pool > poolSize: 41; maxThreads: 1000
May-06 12:51:02.606 [main] DEBUG nextflow.Session - Session start
May-06 12:51:02.612 [main] DEBUG nextflow.trace.TraceFileObserver - Workflow started -- trace file: /lustre/smriti.a/samhita/src/rnaseqCounts_pipeline/runStats/dengue80Run_06May2025_salmonMap_kd/trace.txt
May-06 12:51:02.919 [main] DEBUG nextflow.script.ScriptRunner - > Launching execution
May-06 12:51:03.181 [main] DEBUG nextflow.script.ProcessConfig - Config settings `withName:SALMON_MAP_KD` matches process SALMON_MAP_KD
May-06 12:51:03.193 [main] DEBUG nextflow.executor.ExecutorFactory - << taskConfig executor: slurm
May-06 12:51:03.193 [main] DEBUG nextflow.executor.ExecutorFactory - >> processorType: 'slurm'
May-06 12:51:03.203 [main] DEBUG nextflow.executor.Executor - [warm up] executor > slurm
May-06 12:51:03.210 [main] DEBUG n.processor.TaskPollingMonitor - Creating task monitor for executor 'slurm' > capacity: 100; pollInterval: 5s; dumpInterval: 5m 
May-06 12:51:03.212 [main] DEBUG n.processor.TaskPollingMonitor - >>> barrier register (monitor: slurm)
May-06 12:51:03.215 [main] DEBUG n.executor.AbstractGridExecutor - Creating executor 'slurm' > queue-stat-interval: 1m
May-06 12:51:03.275 [main] DEBUG nextflow.Session - Workflow process names [dsl2]: SALMON_MAP_KD
May-06 12:51:03.289 [main] WARN  nextflow.Session - There's no process matching config selector: FASTQC*
May-06 12:51:03.291 [main] WARN  nextflow.Session - There's no process matching config selector: TRIM
May-06 12:51:03.291 [main] WARN  nextflow.Session - There's no process matching config selector: SALMON_MAP -- Did you mean: SALMON_MAP_KD?
May-06 12:51:03.291 [main] WARN  nextflow.Session - There's no process matching config selector: SALMON_ALIGN -- Did you mean: SALMON_MAP_KD?
May-06 12:51:03.291 [main] WARN  nextflow.Session - There's no process matching config selector: STAR_GENCODE
May-06 12:51:03.291 [main] WARN  nextflow.Session - There's no process matching config selector: MULTI_QC
May-06 12:51:03.291 [main] DEBUG nextflow.Session - Igniting dataflow network (2)
May-06 12:51:03.297 [main] DEBUG nextflow.processor.TaskProcessor - Starting process > SALMON_MAP_KD
May-06 12:51:03.297 [PathVisitor-1] DEBUG nextflow.file.PathVisitor - files for syntax: glob; folder: /lustre/smriti.a/samhita/results_dengue_80/; pattern: **/**/*_R{1,2}_paired.fq.gz; options: [:]
May-06 12:51:03.298 [main] DEBUG nextflow.script.ScriptRunner - Parsed script files:
  Script_9278d0033db67c93: /lustre/smriti.a/samhita/src/rnaseqCounts_pipeline/alignment_quant_Main.nf
  Script_e714bd25942f27d5: /lustre/smriti.a/samhita/src/rnaseqCounts_pipeline/./processes/salmon_mappingMode_keepDuplicates.nf
May-06 12:51:03.298 [main] DEBUG nextflow.script.ScriptRunner - > Awaiting termination 
May-06 12:51:03.298 [main] DEBUG nextflow.Session - Session await
May-06 12:51:03.669 [Task submitter] DEBUG nextflow.executor.GridTaskHandler - [SLURM] submitted process SALMON_MAP_KD (DEN0084_Aviti_Non-Severe) > jobId: 432890; workDir: /lustre/smriti.a/samhita/src/rnaseqCounts_pipeline/work/8d/cf603327883f550f7fbdfbfb32b8db
May-06 12:51:03.670 [Task submitter] INFO  nextflow.Session - [8d/cf6033] Submitted process > SALMON_MAP_KD (DEN0084_Aviti_Non-Severe)
May-06 12:51:03.858 [Task submitter] DEBUG nextflow.executor.GridTaskHandler - [SLURM] submitted process SALMON_MAP_KD (DEN0121_Aviti_Severe) > jobId: 432891; workDir: /lustre/smriti.a/samhita/src/rnaseqCounts_pipeline/work/fe/7244fb6c29e2b961f6ae1548b934f3
May-06 12:51:03.859 [Task submitter] INFO  nextflow.Session - [fe/7244fb] Submitted process > SALMON_MAP_KD (DEN0121_Aviti_Severe)
May-06 12:51:04.582 [Task submitter] DEBUG nextflow.executor.GridTaskHandler - [SLURM] submitted process SALMON_MAP_KD (IGIB11301144292n_Nextseq_Negative) > jobId: 432892; workDir: /lustre/smriti.a/samhita/src/rnaseqCounts_pipeline/work/4f/88aa219fbf43fd980d414dcf3241cb
May-06 12:51:04.583 [Task submitter] INFO  nextflow.Session - [4f/88aa21] Submitted process > SALMON_MAP_KD (IGIB11301144292n_Nextseq_Negative)
May-06 12:51:04.857 [Task submitter] DEBUG nextflow.executor.GridTaskHandler - [SLURM] submitted process SALMON_MAP_KD (DEN0048_Aviti_Severe) > jobId: 432893; workDir: /lustre/smriti.a/samhita/src/rnaseqCounts_pipeline/work/5c/647e965e01ba9674e86d7612f79a7f
May-06 12:51:04.857 [Task submitter] INFO  nextflow.Session - [5c/647e96] Submitted process > SALMON_MAP_KD (DEN0048_Aviti_Severe)
May-06 12:51:05.168 [Task submitter] DEBUG nextflow.executor.GridTaskHandler - [SLURM] submitted process SALMON_MAP_KD (DEN0251_Nextseq_Severe) > jobId: 432894; workDir: /lustre/smriti.a/samhita/src/rnaseqCounts_pipeline/work/94/9777758661c82dafccd29964ae4da3
May-06 12:51:05.169 [Task submitter] INFO  nextflow.Session - [94/977775] Submitted process > SALMON_MAP_KD (DEN0251_Nextseq_Severe)
May-06 12:51:05.372 [Task submitter] DEBUG nextflow.executor.GridTaskHandler - [SLURM] submitted process SALMON_MAP_KD (DEN0258_Nextseq_Severe) > jobId: 432895; workDir: /lustre/smriti.a/samhita/src/rnaseqCounts_pipeline/work/f0/79642270a02af43036233604f5d32e
May-06 12:51:05.375 [Task submitter] INFO  nextflow.Session - [f0/796422] Submitted process > SALMON_MAP_KD (DEN0258_Nextseq_Severe)
May-06 12:51:05.834 [Task submitter] DEBUG nextflow.executor.GridTaskHandler - [SLURM] submitted process SALMON_MAP_KD (IGIB1130398710n_Nextseq_Negative) > jobId: 432896; workDir: /lustre/smriti.a/samhita/src/rnaseqCounts_pipeline/work/67/453c9f72839c71df8f788adf81486e
May-06 12:51:05.835 [Task submitter] INFO  nextflow.Session - [67/453c9f] Submitted process > SALMON_MAP_KD (IGIB1130398710n_Nextseq_Negative)
May-06 12:51:06.355 [Task submitter] DEBUG nextflow.executor.GridTaskHandler - [SLURM] submitted process SALMON_MAP_KD (IGIB11305135728n_Nextseq_Negative) > jobId: 432897; workDir: /lustre/smriti.a/samhita/src/rnaseqCounts_pipeline/work/92/dd9babe3290f8d26d0db715decde3f
May-06 12:51:06.356 [Task submitter] INFO  nextflow.Session - [92/dd9bab] Submitted process > SALMON_MAP_KD (IGIB11305135728n_Nextseq_Negative)
May-06 12:51:06.638 [Task submitter] DEBUG nextflow.executor.GridTaskHandler - [SLURM] submitted process SALMON_MAP_KD (DEN0317_Nextseq_Non-Severe) > jobId: 432898; workDir: /lustre/smriti.a/samhita/src/rnaseqCounts_pipeline/work/dc/220fd33eba44699c851b88ade5aebb
May-06 12:51:06.638 [Task submitter] INFO  nextflow.Session - [dc/220fd3] Submitted process > SALMON_MAP_KD (DEN0317_Nextseq_Non-Severe)
May-06 12:51:06.984 [Task submitter] DEBUG nextflow.executor.GridTaskHandler - [SLURM] submitted process SALMON_MAP_KD (DEN0123_Nextseq_Non-Severe) > jobId: 432899; workDir: /lustre/smriti.a/samhita/src/rnaseqCounts_pipeline/work/86/14d896c4134a959dd9dfbe72e2b350
May-06 12:51:06.985 [Task submitter] INFO  nextflow.Session - [86/14d896] Submitted process > SALMON_MAP_KD (DEN0123_Nextseq_Non-Severe)
May-06 12:51:07.374 [Task submitter] DEBUG nextflow.executor.GridTaskHandler - [SLURM] submitted process SALMON_MAP_KD (DEN0243_Aviti_Non-Severe) > jobId: 432900; workDir: /lustre/smriti.a/samhita/src/rnaseqCounts_pipeline/work/84/f4cf073757ca1654b0c53dc8247287
May-06 12:51:07.375 [Task submitter] INFO  nextflow.Session - [84/f4cf07] Submitted process > SALMON_MAP_KD (DEN0243_Aviti_Non-Severe)
May-06 12:51:07.705 [Task submitter] DEBUG nextflow.executor.GridTaskHandler - [SLURM] submitted process SALMON_MAP_KD (DEN0010_Aviti_Non-Severe) > jobId: 432901; workDir: /lustre/smriti.a/samhita/src/rnaseqCounts_pipeline/work/33/c840433558ca78f19d8a721dab53e7
May-06 12:51:07.706 [Task submitter] INFO  nextflow.Session - [33/c84043] Submitted process > SALMON_MAP_KD (DEN0010_Aviti_Non-Severe)
May-06 12:51:08.155 [Task submitter] DEBUG nextflow.executor.GridTaskHandler - [SLURM] submitted process SALMON_MAP_KD (IGIB1130398948n_Nextseq_Negative) > jobId: 432902; workDir: /lustre/smriti.a/samhita/src/rnaseqCounts_pipeline/work/41/b48c0c21d732c8d451ca2551e65da6
May-06 12:51:08.156 [Task submitter] INFO  nextflow.Session - [41/b48c0c] Submitted process > SALMON_MAP_KD (IGIB1130398948n_Nextseq_Negative)
May-06 12:51:08.504 [Task submitter] DEBUG nextflow.executor.GridTaskHandler - [SLURM] submitted process SALMON_MAP_KD (DEN0235_Aviti_Severe) > jobId: 432903; workDir: /lustre/smriti.a/samhita/src/rnaseqCounts_pipeline/work/f3/de26208be0d8008e360a10ab57d60d
May-06 12:51:08.505 [Task submitter] INFO  nextflow.Session - [f3/de2620] Submitted process > SALMON_MAP_KD (DEN0235_Aviti_Severe)
May-06 12:51:08.879 [Task submitter] DEBUG nextflow.executor.GridTaskHandler - [SLURM] submitted process SALMON_MAP_KD (DEN0026_Aviti_Severe) > jobId: 432904; workDir: /lustre/smriti.a/samhita/src/rnaseqCounts_pipeline/work/bf/64f06adda7e05415b99b715105be21
May-06 12:51:08.880 [Task submitter] INFO  nextflow.Session - [bf/64f06a] Submitted process > SALMON_MAP_KD (DEN0026_Aviti_Severe)
May-06 12:51:09.322 [Task submitter] DEBUG nextflow.executor.GridTaskHandler - [SLURM] submitted process SALMON_MAP_KD (DEN0280_Aviti_Non-Severe) > jobId: 432905; workDir: /lustre/smriti.a/samhita/src/rnaseqCounts_pipeline/work/7c/5e75839ece055c37a626126742c7fc
May-06 12:51:09.322 [Task submitter] INFO  nextflow.Session - [7c/5e7583] Submitted process > SALMON_MAP_KD (DEN0280_Aviti_Non-Severe)
May-06 12:51:09.677 [Task submitter] DEBUG nextflow.executor.GridTaskHandler - [SLURM] submitted process SALMON_MAP_KD (DEN0278_Aviti_Non-Severe) > jobId: 432906; workDir: /lustre/smriti.a/samhita/src/rnaseqCounts_pipeline/work/d3/257656af35dbc98d6417d1d6944093
May-06 12:51:09.681 [Task submitter] INFO  nextflow.Session - [d3/257656] Submitted process > SALMON_MAP_KD (DEN0278_Aviti_Non-Severe)
May-06 12:51:09.889 [Task submitter] DEBUG nextflow.executor.GridTaskHandler - [SLURM] submitted process SALMON_MAP_KD (DEN0160_Nextseq_Non-Severe) > jobId: 432907; workDir: /lustre/smriti.a/samhita/src/rnaseqCounts_pipeline/work/1e/5b2609a412b853f275fab03b905410
May-06 12:51:09.890 [Task submitter] INFO  nextflow.Session - [1e/5b2609] Submitted process > SALMON_MAP_KD (DEN0160_Nextseq_Non-Severe)
May-06 12:51:10.274 [Task submitter] DEBUG nextflow.executor.GridTaskHandler - [SLURM] submitted process SALMON_MAP_KD (DEN0009_Aviti_Severe) > jobId: 432908; workDir: /lustre/smriti.a/samhita/src/rnaseqCounts_pipeline/work/8a/8adc3b5a88657b7958485093d0cb34
May-06 12:51:10.275 [Task submitter] INFO  nextflow.Session - [8a/8adc3b] Submitted process > SALMON_MAP_KD (DEN0009_Aviti_Severe)
May-06 12:51:10.509 [Task submitter] DEBUG nextflow.executor.GridTaskHandler - [SLURM] submitted process SALMON_MAP_KD (IGIB11301147021n_Nextseq_Negative) > jobId: 432909; workDir: /lustre/smriti.a/samhita/src/rnaseqCounts_pipeline/work/34/3b33de319c00051a7065d0af9211ca
May-06 12:51:10.509 [Task submitter] INFO  nextflow.Session - [34/3b33de] Submitted process > SALMON_MAP_KD (IGIB11301147021n_Nextseq_Negative)
May-06 12:51:10.831 [Task submitter] DEBUG nextflow.executor.GridTaskHandler - [SLURM] submitted process SALMON_MAP_KD (DEN0247_Aviti_Non-Severe) > jobId: 432910; workDir: /lustre/smriti.a/samhita/src/rnaseqCounts_pipeline/work/63/8bc91ac4bacdb1885ab7dddc07866e
May-06 12:51:10.832 [Task submitter] INFO  nextflow.Session - [63/8bc91a] Submitted process > SALMON_MAP_KD (DEN0247_Aviti_Non-Severe)
May-06 12:51:11.194 [Task submitter] DEBUG nextflow.executor.GridTaskHandler - [SLURM] submitted process SALMON_MAP_KD (DEN0287_Aviti_Severe) > jobId: 432911; workDir: /lustre/smriti.a/samhita/src/rnaseqCounts_pipeline/work/3d/e9b8a9182b9afaa0e32ecc487f6725
May-06 12:51:11.195 [Task submitter] INFO  nextflow.Session - [3d/e9b8a9] Submitted process > SALMON_MAP_KD (DEN0287_Aviti_Severe)
May-06 12:51:11.517 [Task submitter] DEBUG nextflow.executor.GridTaskHandler - [SLURM] submitted process SALMON_MAP_KD (DEN0255_Nextseq_Severe) > jobId: 432912; workDir: /lustre/smriti.a/samhita/src/rnaseqCounts_pipeline/work/1d/9d6922d1e854b2f7de7e8b38ecd2d1
May-06 12:51:11.517 [Task submitter] INFO  nextflow.Session - [1d/9d6922] Submitted process > SALMON_MAP_KD (DEN0255_Nextseq_Severe)
May-06 12:51:12.003 [Task submitter] DEBUG nextflow.executor.GridTaskHandler - [SLURM] submitted process SALMON_MAP_KD (DEN0069_Nextseq_Non-Severe) > jobId: 432913; workDir: /lustre/smriti.a/samhita/src/rnaseqCounts_pipeline/work/5d/4b9c4a037fa9664d5939981405b375
May-06 12:51:12.004 [Task submitter] INFO  nextflow.Session - [5d/4b9c4a] Submitted process > SALMON_MAP_KD (DEN0069_Nextseq_Non-Severe)
May-06 12:51:12.385 [Task submitter] DEBUG nextflow.executor.GridTaskHandler - [SLURM] submitted process SALMON_MAP_KD (IGIB1130863008n_Nextseq_Negative) > jobId: 432914; workDir: /lustre/smriti.a/samhita/src/rnaseqCounts_pipeline/work/85/867c362e8882bb7d10f2e184f8cef4
May-06 12:51:12.385 [Task submitter] INFO  nextflow.Session - [85/867c36] Submitted process > SALMON_MAP_KD (IGIB1130863008n_Nextseq_Negative)
May-06 12:51:12.932 [Task submitter] DEBUG nextflow.executor.GridTaskHandler - [SLURM] submitted process SALMON_MAP_KD (DEN0090_Nextseq_Non-Severe) > jobId: 432915; workDir: /lustre/smriti.a/samhita/src/rnaseqCounts_pipeline/work/4c/0915c6245ea7757d494a85bb0ce522
May-06 12:51:12.933 [Task submitter] INFO  nextflow.Session - [4c/0915c6] Submitted process > SALMON_MAP_KD (DEN0090_Nextseq_Non-Severe)
May-06 12:51:13.282 [Task submitter] DEBUG nextflow.executor.GridTaskHandler - [SLURM] submitted process SALMON_MAP_KD (IGIB1130409267n_Nextseq_Negative) > jobId: 432916; workDir: /lustre/smriti.a/samhita/src/rnaseqCounts_pipeline/work/63/348689f0b70294226474e207502937
May-06 12:51:13.283 [Task submitter] INFO  nextflow.Session - [63/348689] Submitted process > SALMON_MAP_KD (IGIB1130409267n_Nextseq_Negative)
May-06 12:51:13.650 [Task submitter] DEBUG nextflow.executor.GridTaskHandler - [SLURM] submitted process SALMON_MAP_KD (DEN0218_Nextseq_Non-Severe) > jobId: 432917; workDir: /lustre/smriti.a/samhita/src/rnaseqCounts_pipeline/work/f6/99f51ca509d7f3151f2a2fb5e01fed
May-06 12:51:13.650 [Task submitter] INFO  nextflow.Session - [f6/99f51c] Submitted process > SALMON_MAP_KD (DEN0218_Nextseq_Non-Severe)
May-06 12:51:14.059 [Task submitter] DEBUG nextflow.executor.GridTaskHandler - [SLURM] submitted process SALMON_MAP_KD (DEN0288_Aviti_Non-Severe) > jobId: 432918; workDir: /lustre/smriti.a/samhita/src/rnaseqCounts_pipeline/work/db/33b34e21afde6af7e627db1b7fa102
May-06 12:51:14.060 [Task submitter] INFO  nextflow.Session - [db/33b34e] Submitted process > SALMON_MAP_KD (DEN0288_Aviti_Non-Severe)
May-06 12:51:14.229 [Task submitter] DEBUG nextflow.executor.GridTaskHandler - [SLURM] submitted process SALMON_MAP_KD (IGIB1130739946n_Nextseq_Negative) > jobId: 432919; workDir: /lustre/smriti.a/samhita/src/rnaseqCounts_pipeline/work/29/be7a891a6e4c596a215cd2c6f99db9
May-06 12:51:14.230 [Task submitter] INFO  nextflow.Session - [29/be7a89] Submitted process > SALMON_MAP_KD (IGIB1130739946n_Nextseq_Negative)
May-06 12:51:14.468 [Task submitter] DEBUG nextflow.executor.GridTaskHandler - [SLURM] submitted process SALMON_MAP_KD (DEN0137_Nextseq_Non-Severe) > jobId: 432920; workDir: /lustre/smriti.a/samhita/src/rnaseqCounts_pipeline/work/d7/bb6e7dd14274be12ea8107acafcc9e
May-06 12:51:14.469 [Task submitter] INFO  nextflow.Session - [d7/bb6e7d] Submitted process > SALMON_MAP_KD (DEN0137_Nextseq_Non-Severe)
May-06 12:51:14.772 [Task submitter] DEBUG nextflow.executor.GridTaskHandler - [SLURM] submitted process SALMON_MAP_KD (DEN0283_Aviti_Severe) > jobId: 432921; workDir: /lustre/smriti.a/samhita/src/rnaseqCounts_pipeline/work/b8/e0f6611f0445442e07190da13f6a9c
May-06 12:51:14.773 [Task submitter] INFO  nextflow.Session - [b8/e0f661] Submitted process > SALMON_MAP_KD (DEN0283_Aviti_Severe)
May-06 12:51:15.009 [Task submitter] DEBUG nextflow.executor.GridTaskHandler - [SLURM] submitted process SALMON_MAP_KD (DEN0100_Aviti_Severe) > jobId: 432922; workDir: /lustre/smriti.a/samhita/src/rnaseqCounts_pipeline/work/6d/97fc489dcbc8af6ce70a5aeacc9385
May-06 12:51:15.010 [Task submitter] INFO  nextflow.Session - [6d/97fc48] Submitted process > SALMON_MAP_KD (DEN0100_Aviti_Severe)
May-06 12:51:15.173 [Task submitter] DEBUG nextflow.executor.GridTaskHandler - [SLURM] submitted process SALMON_MAP_KD (DEN0294_Aviti_Severe) > jobId: 432923; workDir: /lustre/smriti.a/samhita/src/rnaseqCounts_pipeline/work/61/1547c2f97fd7c2491a36554d0ee4a9
May-06 12:51:15.174 [Task submitter] INFO  nextflow.Session - [61/1547c2] Submitted process > SALMON_MAP_KD (DEN0294_Aviti_Severe)
May-06 12:51:15.400 [Task submitter] DEBUG nextflow.executor.GridTaskHandler - [SLURM] submitted process SALMON_MAP_KD (IGIB1130739961n_Nextseq_Negative) > jobId: 432924; workDir: /lustre/smriti.a/samhita/src/rnaseqCounts_pipeline/work/86/569afd96513f1891f414532c01a67f
May-06 12:51:15.401 [Task submitter] INFO  nextflow.Session - [86/569afd] Submitted process > SALMON_MAP_KD (IGIB1130739961n_Nextseq_Negative)
May-06 12:51:15.638 [Task submitter] DEBUG nextflow.executor.GridTaskHandler - [SLURM] submitted process SALMON_MAP_KD (DEN0126_Nextseq_Non-Severe) > jobId: 432925; workDir: /lustre/smriti.a/samhita/src/rnaseqCounts_pipeline/work/d8/e84cc3d6c90ff13c29b7835efdfde2
May-06 12:51:15.639 [Task submitter] INFO  nextflow.Session - [d8/e84cc3] Submitted process > SALMON_MAP_KD (DEN0126_Nextseq_Non-Severe)
May-06 12:51:15.887 [Task submitter] DEBUG nextflow.executor.GridTaskHandler - [SLURM] submitted process SALMON_MAP_KD (DEN0035_Aviti_Severe) > jobId: 432926; workDir: /lustre/smriti.a/samhita/src/rnaseqCounts_pipeline/work/9c/78b148026146b567846498f51128c9
May-06 12:51:15.887 [Task submitter] INFO  nextflow.Session - [9c/78b148] Submitted process > SALMON_MAP_KD (DEN0035_Aviti_Severe)
May-06 12:51:16.123 [Task submitter] DEBUG nextflow.executor.GridTaskHandler - [SLURM] submitted process SALMON_MAP_KD (DEN0107_Aviti_Severe) > jobId: 432927; workDir: /lustre/smriti.a/samhita/src/rnaseqCounts_pipeline/work/35/41bfb739157c89fee3c37dbaf1a342
May-06 12:51:16.124 [Task submitter] INFO  nextflow.Session - [35/41bfb7] Submitted process > SALMON_MAP_KD (DEN0107_Aviti_Severe)
May-06 12:51:16.351 [Task submitter] DEBUG nextflow.executor.GridTaskHandler - [SLURM] submitted process SALMON_MAP_KD (DEN0058_Aviti_Non-Severe) > jobId: 432928; workDir: /lustre/smriti.a/samhita/src/rnaseqCounts_pipeline/work/b9/c540920c3ad10b51abf617e1779dae
May-06 12:51:16.352 [Task submitter] INFO  nextflow.Session - [b9/c54092] Submitted process > SALMON_MAP_KD (DEN0058_Aviti_Non-Severe)
May-06 12:51:16.491 [Task submitter] DEBUG nextflow.executor.GridTaskHandler - [SLURM] submitted process SALMON_MAP_KD (IGIB1130738517n_Nextseq_Negative) > jobId: 432929; workDir: /lustre/smriti.a/samhita/src/rnaseqCounts_pipeline/work/32/5b5cfd0c471d5d671226146a2ff784
May-06 12:51:16.492 [Task submitter] INFO  nextflow.Session - [32/5b5cfd] Submitted process > SALMON_MAP_KD (IGIB1130738517n_Nextseq_Negative)
May-06 12:51:16.656 [Task submitter] DEBUG nextflow.executor.GridTaskHandler - [SLURM] submitted process SALMON_MAP_KD (DEN0012_Aviti_Non-Severe) > jobId: 432930; workDir: /lustre/smriti.a/samhita/src/rnaseqCounts_pipeline/work/84/50755081fbf6cf0267acc6c9474a2c
May-06 12:51:16.657 [Task submitter] INFO  nextflow.Session - [84/507550] Submitted process > SALMON_MAP_KD (DEN0012_Aviti_Non-Severe)
May-06 12:51:17.047 [Task submitter] DEBUG nextflow.executor.GridTaskHandler - [SLURM] submitted process SALMON_MAP_KD (IGIB1130746713n_Nextseq_Negative) > jobId: 432931; workDir: /lustre/smriti.a/samhita/src/rnaseqCounts_pipeline/work/b5/099e5a909e6e33d6a68c0f5abeb217
May-06 12:51:17.048 [Task submitter] INFO  nextflow.Session - [b5/099e5a] Submitted process > SALMON_MAP_KD (IGIB1130746713n_Nextseq_Negative)
May-06 12:51:17.211 [Task submitter] DEBUG nextflow.executor.GridTaskHandler - [SLURM] submitted process SALMON_MAP_KD (DEN0264_Nextseq_Severe) > jobId: 432932; workDir: /lustre/smriti.a/samhita/src/rnaseqCounts_pipeline/work/cd/b19200f1fee2aaa9c81932efa47cbe
May-06 12:51:17.212 [Task submitter] INFO  nextflow.Session - [cd/b19200] Submitted process > SALMON_MAP_KD (DEN0264_Nextseq_Severe)
May-06 12:51:17.376 [Task submitter] DEBUG nextflow.executor.GridTaskHandler - [SLURM] submitted process SALMON_MAP_KD (DEN0168_Aviti_Severe) > jobId: 432933; workDir: /lustre/smriti.a/samhita/src/rnaseqCounts_pipeline/work/61/e539d45506b6f08f43a45a8157a45f
May-06 12:51:17.377 [Task submitter] INFO  nextflow.Session - [61/e539d4] Submitted process > SALMON_MAP_KD (DEN0168_Aviti_Severe)
May-06 12:51:17.617 [Task submitter] DEBUG nextflow.executor.GridTaskHandler - [SLURM] submitted process SALMON_MAP_KD (DEN0284_Aviti_Non-Severe) > jobId: 432934; workDir: /lustre/smriti.a/samhita/src/rnaseqCounts_pipeline/work/37/db627a55ed3f7eba34581af6e8f1a9
May-06 12:51:17.618 [Task submitter] INFO  nextflow.Session - [37/db627a] Submitted process > SALMON_MAP_KD (DEN0284_Aviti_Non-Severe)
May-06 12:51:17.830 [Task submitter] DEBUG nextflow.executor.GridTaskHandler - [SLURM] submitted process SALMON_MAP_KD (DEN0179_Aviti_Non-Severe) > jobId: 432935; workDir: /lustre/smriti.a/samhita/src/rnaseqCounts_pipeline/work/ef/33c5fb1158209cf069a8047750c96a
May-06 12:51:17.831 [Task submitter] INFO  nextflow.Session - [ef/33c5fb] Submitted process > SALMON_MAP_KD (DEN0179_Aviti_Non-Severe)
May-06 12:51:18.063 [Task submitter] DEBUG nextflow.executor.GridTaskHandler - [SLURM] submitted process SALMON_MAP_KD (DEN0023_Aviti_Non-Severe) > jobId: 432936; workDir: /lustre/smriti.a/samhita/src/rnaseqCounts_pipeline/work/43/a381b146ff2eaedcac6ec6a9138515
May-06 12:51:18.064 [Task submitter] INFO  nextflow.Session - [43/a381b1] Submitted process > SALMON_MAP_KD (DEN0023_Aviti_Non-Severe)
May-06 12:51:18.395 [Task submitter] DEBUG nextflow.executor.GridTaskHandler - [SLURM] submitted process SALMON_MAP_KD (DEN0108_Aviti_Severe) > jobId: 432937; workDir: /lustre/smriti.a/samhita/src/rnaseqCounts_pipeline/work/32/b8c25f3dea168ecc2fa97269f0740b
May-06 12:51:18.395 [Task submitter] INFO  nextflow.Session - [32/b8c25f] Submitted process > SALMON_MAP_KD (DEN0108_Aviti_Severe)
May-06 12:51:18.642 [Task submitter] DEBUG nextflow.executor.GridTaskHandler - [SLURM] submitted process SALMON_MAP_KD (DEN0271_Aviti_Severe) > jobId: 432938; workDir: /lustre/smriti.a/samhita/src/rnaseqCounts_pipeline/work/db/2bcb6291d6f2415fe5a2d68787ae7f
May-06 12:51:18.642 [Task submitter] INFO  nextflow.Session - [db/2bcb62] Submitted process > SALMON_MAP_KD (DEN0271_Aviti_Severe)
May-06 12:51:18.919 [Task submitter] DEBUG nextflow.executor.GridTaskHandler - [SLURM] submitted process SALMON_MAP_KD (DEN0242_Aviti_Non-Severe) > jobId: 432939; workDir: /lustre/smriti.a/samhita/src/rnaseqCounts_pipeline/work/1c/a3068d4a6029d839cfb571ac8d49a3
May-06 12:51:18.920 [Task submitter] INFO  nextflow.Session - [1c/a3068d] Submitted process > SALMON_MAP_KD (DEN0242_Aviti_Non-Severe)
May-06 12:51:19.225 [Task submitter] DEBUG nextflow.executor.GridTaskHandler - [SLURM] submitted process SALMON_MAP_KD (DEN0270_Aviti_Non-Severe) > jobId: 432940; workDir: /lustre/smriti.a/samhita/src/rnaseqCounts_pipeline/work/48/9a8b1237644c5e1b35ab4220f19147
May-06 12:51:19.226 [Task submitter] INFO  nextflow.Session - [48/9a8b12] Submitted process > SALMON_MAP_KD (DEN0270_Aviti_Non-Severe)
May-06 12:51:19.436 [Task submitter] DEBUG nextflow.executor.GridTaskHandler - [SLURM] submitted process SALMON_MAP_KD (DEN0088_Aviti_Non-Severe) > jobId: 432941; workDir: /lustre/smriti.a/samhita/src/rnaseqCounts_pipeline/work/e8/3cc9e203393ddd7ddfc084ab001683
May-06 12:51:19.437 [Task submitter] INFO  nextflow.Session - [e8/3cc9e2] Submitted process > SALMON_MAP_KD (DEN0088_Aviti_Non-Severe)
May-06 12:51:19.639 [Task submitter] DEBUG nextflow.executor.GridTaskHandler - [SLURM] submitted process SALMON_MAP_KD (IGIB11301155721n_Nextseq_Negative) > jobId: 432942; workDir: /lustre/smriti.a/samhita/src/rnaseqCounts_pipeline/work/db/c0ce3a358b450cbf3bf2d5045d415e
May-06 12:51:19.639 [Task submitter] INFO  nextflow.Session - [db/c0ce3a] Submitted process > SALMON_MAP_KD (IGIB11301155721n_Nextseq_Negative)
May-06 12:51:19.856 [Task submitter] DEBUG nextflow.executor.GridTaskHandler - [SLURM] submitted process SALMON_MAP_KD (IGIB1130741560n_Nextseq_Negative) > jobId: 432943; workDir: /lustre/smriti.a/samhita/src/rnaseqCounts_pipeline/work/df/bd3d571681f82b0b9ea35f616c6940
May-06 12:51:19.856 [Task submitter] INFO  nextflow.Session - [df/bd3d57] Submitted process > SALMON_MAP_KD (IGIB1130741560n_Nextseq_Negative)
May-06 12:51:20.224 [Task submitter] DEBUG nextflow.executor.GridTaskHandler - [SLURM] submitted process SALMON_MAP_KD (DEN0170_Aviti_Severe) > jobId: 432944; workDir: /lustre/smriti.a/samhita/src/rnaseqCounts_pipeline/work/c0/8727635de314b51812d595599e8009
May-06 12:51:20.225 [Task submitter] INFO  nextflow.Session - [c0/872763] Submitted process > SALMON_MAP_KD (DEN0170_Aviti_Severe)
May-06 12:51:20.428 [Task submitter] DEBUG nextflow.executor.GridTaskHandler - [SLURM] submitted process SALMON_MAP_KD (DEN0061_Aviti_Non-Severe) > jobId: 432945; workDir: /lustre/smriti.a/samhita/src/rnaseqCounts_pipeline/work/8e/9b474aa501773f1c0749cf3ac518d6
May-06 12:51:20.429 [Task submitter] INFO  nextflow.Session - [8e/9b474a] Submitted process > SALMON_MAP_KD (DEN0061_Aviti_Non-Severe)
May-06 12:51:20.702 [Task submitter] DEBUG nextflow.executor.GridTaskHandler - [SLURM] submitted process SALMON_MAP_KD (IGIB11301147582n_Nextseq_Negative) > jobId: 432946; workDir: /lustre/smriti.a/samhita/src/rnaseqCounts_pipeline/work/af/fe68373492adaa25629adfe1fadb94
May-06 12:51:20.702 [Task submitter] INFO  nextflow.Session - [af/fe6837] Submitted process > SALMON_MAP_KD (IGIB11301147582n_Nextseq_Negative)
May-06 12:51:20.871 [Task submitter] DEBUG nextflow.executor.GridTaskHandler - [SLURM] submitted process SALMON_MAP_KD (IGIB1130733000n_Nextseq_Negative) > jobId: 432947; workDir: /lustre/smriti.a/samhita/src/rnaseqCounts_pipeline/work/39/982418a003ed7d50dbde0bd3dc4465
May-06 12:51:20.871 [Task submitter] INFO  nextflow.Session - [39/982418] Submitted process > SALMON_MAP_KD (IGIB1130733000n_Nextseq_Negative)
May-06 12:51:21.104 [Task submitter] DEBUG nextflow.executor.GridTaskHandler - [SLURM] submitted process SALMON_MAP_KD (DEN0001_Aviti_Non-Severe) > jobId: 432948; workDir: /lustre/smriti.a/samhita/src/rnaseqCounts_pipeline/work/58/8596eac7d3c53cdb91d6d84d5cfc2e
May-06 12:51:21.104 [Task submitter] INFO  nextflow.Session - [58/8596ea] Submitted process > SALMON_MAP_KD (DEN0001_Aviti_Non-Severe)
May-06 12:51:21.386 [Task submitter] DEBUG nextflow.executor.GridTaskHandler - [SLURM] submitted process SALMON_MAP_KD (IGIB1130407799n_Nextseq_Negative) > jobId: 432949; workDir: /lustre/smriti.a/samhita/src/rnaseqCounts_pipeline/work/c5/0512420e7176dc60f4b36466835f1e
May-06 12:51:21.387 [Task submitter] INFO  nextflow.Session - [c5/051242] Submitted process > SALMON_MAP_KD (IGIB1130407799n_Nextseq_Negative)
May-06 12:51:21.634 [Task submitter] DEBUG nextflow.executor.GridTaskHandler - [SLURM] submitted process SALMON_MAP_KD (DEN0171_Aviti_Non-Severe) > jobId: 432950; workDir: /lustre/smriti.a/samhita/src/rnaseqCounts_pipeline/work/80/5a629c936a7b0734b9072be2fb33bd
May-06 12:51:21.635 [Task submitter] INFO  nextflow.Session - [80/5a629c] Submitted process > SALMON_MAP_KD (DEN0171_Aviti_Non-Severe)
May-06 12:51:21.904 [Task submitter] DEBUG nextflow.executor.GridTaskHandler - [SLURM] submitted process SALMON_MAP_KD (DEN0344_Nextseq_Non-Severe) > jobId: 432951; workDir: /lustre/smriti.a/samhita/src/rnaseqCounts_pipeline/work/9e/dc0794512f486bb4373e4bf85221f1
May-06 12:51:21.905 [Task submitter] INFO  nextflow.Session - [9e/dc0794] Submitted process > SALMON_MAP_KD (DEN0344_Nextseq_Non-Severe)
May-06 12:51:22.104 [Task submitter] DEBUG nextflow.executor.GridTaskHandler - [SLURM] submitted process SALMON_MAP_KD (IGIB1130430586n_Nextseq_Negative) > jobId: 432952; workDir: /lustre/smriti.a/samhita/src/rnaseqCounts_pipeline/work/fa/a545375cf6b914ed5bafaab88a8b5e
May-06 12:51:22.105 [Task submitter] INFO  nextflow.Session - [fa/a54537] Submitted process > SALMON_MAP_KD (IGIB1130430586n_Nextseq_Negative)
May-06 12:51:22.449 [Task submitter] DEBUG nextflow.executor.GridTaskHandler - [SLURM] submitted process SALMON_MAP_KD (DEN0343_Aviti_Severe) > jobId: 432953; workDir: /lustre/smriti.a/samhita/src/rnaseqCounts_pipeline/work/00/adbd88691129d0ed88742a9951d089
May-06 12:51:22.450 [Task submitter] INFO  nextflow.Session - [00/adbd88] Submitted process > SALMON_MAP_KD (DEN0343_Aviti_Severe)
May-06 12:51:22.638 [Task submitter] DEBUG nextflow.executor.GridTaskHandler - [SLURM] submitted process SALMON_MAP_KD (DEN0083_Aviti_Non-Severe) > jobId: 432954; workDir: /lustre/smriti.a/samhita/src/rnaseqCounts_pipeline/work/bc/2f06fb0745b99609f29de705292d4b
May-06 12:51:22.638 [Task submitter] INFO  nextflow.Session - [bc/2f06fb] Submitted process > SALMON_MAP_KD (DEN0083_Aviti_Non-Severe)
May-06 12:51:22.959 [Task submitter] DEBUG nextflow.executor.GridTaskHandler - [SLURM] submitted process SALMON_MAP_KD (DEN0173_Nextseq_Non-Severe) > jobId: 432955; workDir: /lustre/smriti.a/samhita/src/rnaseqCounts_pipeline/work/08/c4cf49a47786c7243ba69999a4d54f
May-06 12:51:22.960 [Task submitter] INFO  nextflow.Session - [08/c4cf49] Submitted process > SALMON_MAP_KD (DEN0173_Nextseq_Non-Severe)
May-06 12:51:23.434 [Task submitter] DEBUG nextflow.executor.GridTaskHandler - [SLURM] submitted process SALMON_MAP_KD (DEN0128_Aviti_Severe) > jobId: 432956; workDir: /lustre/smriti.a/samhita/src/rnaseqCounts_pipeline/work/28/93511eac177007806249d38ecce77e
May-06 12:51:23.435 [Task submitter] INFO  nextflow.Session - [28/93511e] Submitted process > SALMON_MAP_KD (DEN0128_Aviti_Severe)
May-06 12:51:23.777 [Task submitter] DEBUG nextflow.executor.GridTaskHandler - [SLURM] submitted process SALMON_MAP_KD (DEN0292_Aviti_Severe) > jobId: 432957; workDir: /lustre/smriti.a/samhita/src/rnaseqCounts_pipeline/work/1e/da1772a9a3236a533ae9facb7fbf99
May-06 12:51:23.777 [Task submitter] INFO  nextflow.Session - [1e/da1772] Submitted process > SALMON_MAP_KD (DEN0292_Aviti_Severe)
May-06 12:51:24.196 [Task submitter] DEBUG nextflow.executor.GridTaskHandler - [SLURM] submitted process SALMON_MAP_KD (DEN0232_Aviti_Severe) > jobId: 432958; workDir: /lustre/smriti.a/samhita/src/rnaseqCounts_pipeline/work/a6/87498f71438d4b0dce4c7a550e415e
May-06 12:51:24.197 [Task submitter] INFO  nextflow.Session - [a6/87498f] Submitted process > SALMON_MAP_KD (DEN0232_Aviti_Severe)
May-06 12:51:24.614 [Task submitter] DEBUG nextflow.executor.GridTaskHandler - [SLURM] submitted process SALMON_MAP_KD (DEN0095_Nextseq_Non-Severe) > jobId: 432959; workDir: /lustre/smriti.a/samhita/src/rnaseqCounts_pipeline/work/d1/ddc9dda9251dc51e5a6b8ca6b5f4c1
May-06 12:51:24.615 [Task submitter] INFO  nextflow.Session - [d1/ddc9dd] Submitted process > SALMON_MAP_KD (DEN0095_Nextseq_Non-Severe)
May-06 12:51:24.850 [Task submitter] DEBUG nextflow.executor.GridTaskHandler - [SLURM] submitted process SALMON_MAP_KD (IGIB1130721728n_Nextseq_Negative) > jobId: 432960; workDir: /lustre/smriti.a/samhita/src/rnaseqCounts_pipeline/work/aa/880805d904d80e2afdcc56da5bf7dc
May-06 12:51:24.851 [Task submitter] INFO  nextflow.Session - [aa/880805] Submitted process > SALMON_MAP_KD (IGIB1130721728n_Nextseq_Negative)
May-06 12:51:25.057 [Task submitter] DEBUG nextflow.executor.GridTaskHandler - [SLURM] submitted process SALMON_MAP_KD (IGIB1130883477n_Nextseq_Negative) > jobId: 432961; workDir: /lustre/smriti.a/samhita/src/rnaseqCounts_pipeline/work/b4/1e370eb80395b312bd6eb5773a1b49
May-06 12:51:25.057 [Task submitter] INFO  nextflow.Session - [b4/1e370e] Submitted process > SALMON_MAP_KD (IGIB1130883477n_Nextseq_Negative)
May-06 12:51:25.515 [Task submitter] DEBUG nextflow.executor.GridTaskHandler - [SLURM] submitted process SALMON_MAP_KD (DEN0189_Aviti_Severe) > jobId: 432962; workDir: /lustre/smriti.a/samhita/src/rnaseqCounts_pipeline/work/e2/d5f8fbf15ba82b9c66786cd0d69de6
May-06 12:51:25.516 [Task submitter] INFO  nextflow.Session - [e2/d5f8fb] Submitted process > SALMON_MAP_KD (DEN0189_Aviti_Severe)
May-06 12:51:25.879 [Task submitter] DEBUG nextflow.executor.GridTaskHandler - [SLURM] submitted process SALMON_MAP_KD (DEN0252_Nextseq_Severe) > jobId: 432963; workDir: /lustre/smriti.a/samhita/src/rnaseqCounts_pipeline/work/b8/8cef12e44d53cd99d9bfd1f3b5ad5a
May-06 12:51:25.879 [Task submitter] INFO  nextflow.Session - [b8/8cef12] Submitted process > SALMON_MAP_KD (DEN0252_Nextseq_Severe)
May-06 12:51:26.182 [Task submitter] DEBUG nextflow.executor.GridTaskHandler - [SLURM] submitted process SALMON_MAP_KD (DEN0043_Nextseq_Non-Severe) > jobId: 432964; workDir: /lustre/smriti.a/samhita/src/rnaseqCounts_pipeline/work/71/b13d742a2851d9d8762f6105780b79
May-06 12:51:26.183 [Task submitter] INFO  nextflow.Session - [71/b13d74] Submitted process > SALMON_MAP_KD (DEN0043_Nextseq_Non-Severe)
May-06 12:51:26.377 [Task submitter] DEBUG nextflow.executor.GridTaskHandler - [SLURM] submitted process SALMON_MAP_KD (DEN0342_Nextseq_Severe) > jobId: 432965; workDir: /lustre/smriti.a/samhita/src/rnaseqCounts_pipeline/work/ce/22205510c4de9526b0b177ad90bcee
May-06 12:51:26.377 [Task submitter] INFO  nextflow.Session - [ce/222055] Submitted process > SALMON_MAP_KD (DEN0342_Nextseq_Severe)
May-06 12:51:26.591 [Task submitter] DEBUG nextflow.executor.GridTaskHandler - [SLURM] submitted process SALMON_MAP_KD (IGIB1130746708n_Nextseq_Negative) > jobId: 432966; workDir: /lustre/smriti.a/samhita/src/rnaseqCounts_pipeline/work/45/a7aad6453ed1bea00379b928ee0b5c
May-06 12:51:26.591 [Task submitter] INFO  nextflow.Session - [45/a7aad6] Submitted process > SALMON_MAP_KD (IGIB1130746708n_Nextseq_Negative)
May-06 12:51:26.879 [Task submitter] DEBUG nextflow.executor.GridTaskHandler - [SLURM] submitted process SALMON_MAP_KD (DEN0049_Aviti_Non-Severe) > jobId: 432967; workDir: /lustre/smriti.a/samhita/src/rnaseqCounts_pipeline/work/2e/b5b303f417693ad733b45515a1babc
May-06 12:51:26.880 [Task submitter] INFO  nextflow.Session - [2e/b5b303] Submitted process > SALMON_MAP_KD (DEN0049_Aviti_Non-Severe)
May-06 12:54:23.260 [Task monitor] DEBUG n.processor.TaskPollingMonitor - Task completed > TaskHandler[jobId: 432933; id: 44; name: SALMON_MAP_KD (DEN0168_Aviti_Severe); status: COMPLETED; exit: 0; error: -; workDir: /lustre/smriti.a/samhita/src/rnaseqCounts_pipeline/work/61/e539d45506b6f08f43a45a8157a45f started: 1746516083257; exited: 2025-05-06T07:24:22Z; ]
May-06 12:54:23.261 [Task monitor] DEBUG nextflow.util.ThreadPoolBuilder - Creating thread pool 'TaskFinalizer' minSize=10; maxSize=120; workQueue=LinkedBlockingQueue[-1]; allowCoreThreadTimeout=false
May-06 12:54:23.324 [TaskFinalizer-1] DEBUG nextflow.util.ThreadPoolBuilder - Creating thread pool 'PublishDir' minSize=10; maxSize=120; workQueue=LinkedBlockingQueue[-1]; allowCoreThreadTimeout=false
May-06 12:54:53.260 [Task monitor] DEBUG n.processor.TaskPollingMonitor - Task completed > TaskHandler[jobId: 432912; id: 23; name: SALMON_MAP_KD (DEN0255_Nextseq_Severe); status: COMPLETED; exit: 0; error: -; workDir: /lustre/smriti.a/samhita/src/rnaseqCounts_pipeline/work/1d/9d6922d1e854b2f7de7e8b38ecd2d1 started: 1746516078246; exited: 2025-05-06T07:24:31Z; ]
May-06 12:55:18.366 [Task monitor] DEBUG n.processor.TaskPollingMonitor - Task completed > TaskHandler[jobId: 432944; id: 55; name: SALMON_MAP_KD (DEN0170_Aviti_Severe); status: COMPLETED; exit: 0; error: -; workDir: /lustre/smriti.a/samhita/src/rnaseqCounts_pipeline/work/c0/8727635de314b51812d595599e8009 started: 1746516083271; exited: 2025-05-06T07:25:05Z; ]
May-06 12:55:28.267 [Task monitor] DEBUG n.processor.TaskPollingMonitor - Task completed > TaskHandler[jobId: 432951; id: 62; name: SALMON_MAP_KD (DEN0344_Nextseq_Non-Severe); status: COMPLETED; exit: 0; error: -; workDir: /lustre/smriti.a/samhita/src/rnaseqCounts_pipeline/work/9e/dc0794512f486bb4373e4bf85221f1 started: 1746516083277; exited: 2025-05-06T07:25:14Z; ]
May-06 12:55:33.266 [Task monitor] DEBUG n.processor.TaskPollingMonitor - Task completed > TaskHandler[jobId: 432962; id: 73; name: SALMON_MAP_KD (DEN0189_Aviti_Severe); status: COMPLETED; exit: 0; error: -; workDir: /lustre/smriti.a/samhita/src/rnaseqCounts_pipeline/work/e2/d5f8fbf15ba82b9c66786cd0d69de6 started: 1746516088264; exited: 2025-05-06T07:25:28Z; ]
May-06 12:55:43.252 [Task monitor] DEBUG n.processor.TaskPollingMonitor - Task completed > TaskHandler[jobId: 432893; id: 4; name: SALMON_MAP_KD (DEN0048_Aviti_Severe); status: COMPLETED; exit: 0; error: -; workDir: /lustre/smriti.a/samhita/src/rnaseqCounts_pipeline/work/5c/647e965e01ba9674e86d7612f79a7f started: 1746516068256; exited: 2025-05-06T07:25:41Z; ]
May-06 12:55:43.261 [Task monitor] DEBUG n.processor.TaskPollingMonitor - Task completed > TaskHandler[jobId: 432908; id: 19; name: SALMON_MAP_KD (DEN0009_Aviti_Severe); status: COMPLETED; exit: 0; error: -; workDir: /lustre/smriti.a/samhita/src/rnaseqCounts_pipeline/work/8a/8adc3b5a88657b7958485093d0cb34 started: 1746516073243; exited: 2025-05-06T07:25:21Z; ]
May-06 12:55:43.266 [Task monitor] DEBUG n.processor.TaskPollingMonitor - Task completed > TaskHandler[jobId: 432917; id: 28; name: SALMON_MAP_KD (DEN0218_Nextseq_Non-Severe); status: COMPLETED; exit: 0; error: -; workDir: /lustre/smriti.a/samhita/src/rnaseqCounts_pipeline/work/f6/99f51ca509d7f3151f2a2fb5e01fed started: 1746516078255; exited: 2025-05-06T07:25:21Z; ]
May-06 12:55:48.265 [Task monitor] DEBUG n.processor.TaskPollingMonitor - Task completed > TaskHandler[jobId: 432931; id: 42; name: SALMON_MAP_KD (IGIB1130746713n_Nextseq_Negative); status: COMPLETED; exit: 0; error: -; workDir: /lustre/smriti.a/samhita/src/rnaseqCounts_pipeline/work/b5/099e5a909e6e33d6a68c0f5abeb217 started: 1746516083252; exited: 2025-05-06T07:25:43Z; ]
May-06 12:55:53.255 [Task monitor] DEBUG n.processor.TaskPollingMonitor - Task completed > TaskHandler[jobId: 432894; id: 5; name: SALMON_MAP_KD (DEN0251_Nextseq_Severe); status: COMPLETED; exit: 0; error: -; workDir: /lustre/smriti.a/samhita/src/rnaseqCounts_pipeline/work/94/9777758661c82dafccd29964ae4da3 started: 1746516068258; exited: 2025-05-06T07:25:48Z; ]
May-06 12:55:53.277 [Task monitor] DEBUG n.processor.TaskPollingMonitor - Task completed > TaskHandler[jobId: 432946; id: 57; name: SALMON_MAP_KD (IGIB11301147582n_Nextseq_Negative); status: COMPLETED; exit: 0; error: -; workDir: /lustre/smriti.a/samhita/src/rnaseqCounts_pipeline/work/af/fe68373492adaa25629adfe1fadb94 started: 1746516083273; exited: 2025-05-06T07:25:43Z; ]
May-06 12:55:53.283 [Task monitor] DEBUG n.processor.TaskPollingMonitor - Task completed > TaskHandler[jobId: 432955; id: 66; name: SALMON_MAP_KD (DEN0173_Nextseq_Non-Severe); status: COMPLETED; exit: 0; error: -; workDir: /lustre/smriti.a/samhita/src/rnaseqCounts_pipeline/work/08/c4cf49a47786c7243ba69999a4d54f started: 1746516088256; exited: 2025-05-06T07:25:39Z; ]
May-06 12:56:03.266 [Task monitor] DEBUG n.processor.TaskPollingMonitor - Task completed > TaskHandler[jobId: 432932; id: 43; name: SALMON_MAP_KD (DEN0264_Nextseq_Severe); status: COMPLETED; exit: 0; error: -; workDir: /lustre/smriti.a/samhita/src/rnaseqCounts_pipeline/work/cd/b19200f1fee2aaa9c81932efa47cbe started: 1746516083255; exited: 2025-05-06T07:26:02Z; ]
May-06 12:56:03.274 [Task monitor] DEBUG n.processor.TaskPollingMonitor - Task completed > TaskHandler[jobId: 432963; id: 74; name: SALMON_MAP_KD (DEN0252_Nextseq_Severe); status: COMPLETED; exit: 0; error: -; workDir: /lustre/smriti.a/samhita/src/rnaseqCounts_pipeline/work/b8/8cef12e44d53cd99d9bfd1f3b5ad5a started: 1746516093275; exited: 2025-05-06T07:26:02Z; ]
May-06 12:56:08.255 [Task monitor] DEBUG n.processor.TaskPollingMonitor - !! executor slurm > tasks to be completed: 64 -- submitted tasks are shown below
~> TaskHandler[jobId: 432890; id: 1; name: SALMON_MAP_KD (DEN0084_Aviti_Non-Severe); status: RUNNING; exit: -; error: -; workDir: /lustre/smriti.a/samhita/src/rnaseqCounts_pipeline/work/8d/cf603327883f550f7fbdfbfb32b8db started: 1746516068225; exited: -; ]
~> TaskHandler[jobId: 432891; id: 2; name: SALMON_MAP_KD (DEN0121_Aviti_Severe); status: RUNNING; exit: -; error: -; workDir: /lustre/smriti.a/samhita/src/rnaseqCounts_pipeline/work/fe/7244fb6c29e2b961f6ae1548b934f3 started: 1746516068252; exited: -; ]
~> TaskHandler[jobId: 432892; id: 3; name: SALMON_MAP_KD (IGIB11301144292n_Nextseq_Negative); status: RUNNING; exit: -; error: -; workDir: /lustre/smriti.a/samhita/src/rnaseqCounts_pipeline/work/4f/88aa219fbf43fd980d414dcf3241cb started: 1746516068254; exited: -; ]
~> TaskHandler[jobId: 432895; id: 6; name: SALMON_MAP_KD (DEN0258_Nextseq_Severe); status: RUNNING; exit: -; error: -; workDir: /lustre/smriti.a/samhita/src/rnaseqCounts_pipeline/work/f0/79642270a02af43036233604f5d32e started: 1746516068259; exited: -; ]
~> TaskHandler[jobId: 432896; id: 7; name: SALMON_MAP_KD (IGIB1130398710n_Nextseq_Negative); status: RUNNING; exit: -; error: -; workDir: /lustre/smriti.a/samhita/src/rnaseqCounts_pipeline/work/67/453c9f72839c71df8f788adf81486e started: 1746516068261; exited: -; ]
~> TaskHandler[jobId: 432897; id: 8; name: SALMON_MAP_KD (IGIB11305135728n_Nextseq_Negative); status: RUNNING; exit: -; error: -; workDir: /lustre/smriti.a/samhita/src/rnaseqCounts_pipeline/work/92/dd9babe3290f8d26d0db715decde3f started: 1746516068263; exited: -; ]
~> TaskHandler[jobId: 432898; id: 9; name: SALMON_MAP_KD (DEN0317_Nextseq_Non-Severe); status: RUNNING; exit: -; error: -; workDir: /lustre/smriti.a/samhita/src/rnaseqCounts_pipeline/work/dc/220fd33eba44699c851b88ade5aebb started: 1746516068265; exited: -; ]
~> TaskHandler[jobId: 432899; id: 10; name: SALMON_MAP_KD (DEN0123_Nextseq_Non-Severe); status: RUNNING; exit: -; error: -; workDir: /lustre/smriti.a/samhita/src/rnaseqCounts_pipeline/work/86/14d896c4134a959dd9dfbe72e2b350 started: 1746516068267; exited: -; ]
~> TaskHandler[jobId: 432900; id: 11; name: SALMON_MAP_KD (DEN0243_Aviti_Non-Severe); status: RUNNING; exit: -; error: -; workDir: /lustre/smriti.a/samhita/src/rnaseqCounts_pipeline/work/84/f4cf073757ca1654b0c53dc8247287 started: 1746516068268; exited: -; ]
~> TaskHandler[jobId: 432901; id: 12; name: SALMON_MAP_KD (DEN0010_Aviti_Non-Severe); status: RUNNING; exit: -; error: -; workDir: /lustre/smriti.a/samhita/src/rnaseqCounts_pipeline/work/33/c840433558ca78f19d8a721dab53e7 started: 1746516073229; exited: -; ]
.. remaining tasks omitted.
May-06 12:56:08.274 [Task monitor] DEBUG n.processor.TaskPollingMonitor - Task completed > TaskHandler[jobId: 432928; id: 39; name: SALMON_MAP_KD (DEN0058_Aviti_Non-Severe); status: COMPLETED; exit: 0; error: -; workDir: /lustre/smriti.a/samhita/src/rnaseqCounts_pipeline/work/b9/c540920c3ad10b51abf617e1779dae started: 1746516078281; exited: 2025-05-06T07:26:03Z; ]
May-06 12:56:13.291 [Task monitor] DEBUG n.processor.TaskPollingMonitor - Task completed > TaskHandler[jobId: 432914; id: 25; name: SALMON_MAP_KD (IGIB1130863008n_Nextseq_Negative); status: COMPLETED; exit: 0; error: -; workDir: /lustre/smriti.a/samhita/src/rnaseqCounts_pipeline/work/85/867c362e8882bb7d10f2e184f8cef4 started: 1746516078249; exited: 2025-05-06T07:25:52Z; ]
May-06 12:56:18.276 [Task monitor] DEBUG n.processor.TaskPollingMonitor - Task completed > TaskHandler[jobId: 432947; id: 58; name: SALMON_MAP_KD (IGIB1130733000n_Nextseq_Negative); status: COMPLETED; exit: 0; error: -; workDir: /lustre/smriti.a/samhita/src/rnaseqCounts_pipeline/work/39/982418a003ed7d50dbde0bd3dc4465 started: 1746516088248; exited: 2025-05-06T07:26:05Z; ]
May-06 12:56:18.290 [Task monitor] DEBUG n.processor.TaskPollingMonitor - Task completed > TaskHandler[jobId: 432952; id: 63; name: SALMON_MAP_KD (IGIB1130430586n_Nextseq_Negative); status: COMPLETED; exit: 0; error: -; workDir: /lustre/smriti.a/samhita/src/rnaseqCounts_pipeline/work/fa/a545375cf6b914ed5bafaab88a8b5e started: 1746516083304; exited: 2025-05-06T07:26:07Z; ]
May-06 12:56:18.297 [Task monitor] DEBUG n.processor.TaskPollingMonitor - Task completed > TaskHandler[jobId: 432964; id: 75; name: SALMON_MAP_KD (DEN0043_Nextseq_Non-Severe); status: COMPLETED; exit: 0; error: -; workDir: /lustre/smriti.a/samhita/src/rnaseqCounts_pipeline/work/71/b13d742a2851d9d8762f6105780b79 started: 1746516093279; exited: 2025-05-06T07:26:13Z; ]
May-06 12:56:23.277 [Task monitor] DEBUG n.processor.TaskPollingMonitor - Task completed > TaskHandler[jobId: 432961; id: 72; name: SALMON_MAP_KD (IGIB1130883477n_Nextseq_Negative); status: COMPLETED; exit: 0; error: -; workDir: /lustre/smriti.a/samhita/src/rnaseqCounts_pipeline/work/b4/1e370eb80395b312bd6eb5773a1b49 started: 1746516088263; exited: 2025-05-06T07:26:21Z; ]
May-06 12:56:23.280 [Task monitor] DEBUG n.processor.TaskPollingMonitor - Task completed > TaskHandler[jobId: 432966; id: 77; name: SALMON_MAP_KD (IGIB1130746708n_Nextseq_Negative); status: COMPLETED; exit: 0; error: -; workDir: /lustre/smriti.a/samhita/src/rnaseqCounts_pipeline/work/45/a7aad6453ed1bea00379b928ee0b5c started: 1746516093283; exited: 2025-05-06T07:26:21Z; ]
May-06 12:56:33.261 [Task monitor] DEBUG n.processor.TaskPollingMonitor - Task completed > TaskHandler[jobId: 432890; id: 1; name: SALMON_MAP_KD (DEN0084_Aviti_Non-Severe); status: COMPLETED; exit: 0; error: -; workDir: /lustre/smriti.a/samhita/src/rnaseqCounts_pipeline/work/8d/cf603327883f550f7fbdfbfb32b8db started: 1746516068225; exited: 2025-05-06T07:26:30Z; ]
May-06 12:56:33.266 [Task monitor] DEBUG n.processor.TaskPollingMonitor - Task completed > TaskHandler[jobId: 432897; id: 8; name: SALMON_MAP_KD (IGIB11305135728n_Nextseq_Negative); status: COMPLETED; exit: 0; error: -; workDir: /lustre/smriti.a/samhita/src/rnaseqCounts_pipeline/work/92/dd9babe3290f8d26d0db715decde3f started: 1746516068263; exited: 2025-05-06T07:26:30Z; ]
May-06 12:56:33.269 [Task monitor] DEBUG n.processor.TaskPollingMonitor - Task completed > TaskHandler[jobId: 432899; id: 10; name: SALMON_MAP_KD (DEN0123_Nextseq_Non-Severe); status: COMPLETED; exit: 0; error: -; workDir: /lustre/smriti.a/samhita/src/rnaseqCounts_pipeline/work/86/14d896c4134a959dd9dfbe72e2b350 started: 1746516068267; exited: 2025-05-06T07:26:32Z; ]
May-06 12:56:33.284 [Task monitor] DEBUG n.processor.TaskPollingMonitor - Task completed > TaskHandler[jobId: 432958; id: 69; name: SALMON_MAP_KD (DEN0232_Aviti_Severe); status: COMPLETED; exit: 0; error: -; workDir: /lustre/smriti.a/samhita/src/rnaseqCounts_pipeline/work/a6/87498f71438d4b0dce4c7a550e415e started: 1746516088260; exited: 2025-05-06T07:26:32Z; ]
May-06 12:56:43.269 [Task monitor] DEBUG n.processor.TaskPollingMonitor - Task completed > TaskHandler[jobId: 432910; id: 21; name: SALMON_MAP_KD (DEN0247_Aviti_Non-Severe); status: COMPLETED; exit: 0; error: -; workDir: /lustre/smriti.a/samhita/src/rnaseqCounts_pipeline/work/63/8bc91ac4bacdb1885ab7dddc07866e started: 1746516078240; exited: 2025-05-06T07:26:21Z; ]
May-06 12:56:43.274 [Task monitor] DEBUG n.processor.TaskPollingMonitor - Task completed > TaskHandler[jobId: 432918; id: 29; name: SALMON_MAP_KD (DEN0288_Aviti_Non-Severe); status: COMPLETED; exit: 0; error: -; workDir: /lustre/smriti.a/samhita/src/rnaseqCounts_pipeline/work/db/33b34e21afde6af7e627db1b7fa102 started: 1746516078256; exited: 2025-05-06T07:26:18Z; ]
May-06 12:56:43.284 [Task monitor] DEBUG n.processor.TaskPollingMonitor - Task completed > TaskHandler[jobId: 432949; id: 60; name: SALMON_MAP_KD (IGIB1130407799n_Nextseq_Negative); status: COMPLETED; exit: 0; error: -; workDir: /lustre/smriti.a/samhita/src/rnaseqCounts_pipeline/work/c5/0512420e7176dc60f4b36466835f1e started: 1746516083275; exited: 2025-05-06T07:26:33Z; ]
May-06 12:56:48.265 [Task monitor] DEBUG n.processor.TaskPollingMonitor - Task completed > TaskHandler[jobId: 432895; id: 6; name: SALMON_MAP_KD (DEN0258_Nextseq_Severe); status: COMPLETED; exit: 0; error: -; workDir: /lustre/smriti.a/samhita/src/rnaseqCounts_pipeline/work/f0/79642270a02af43036233604f5d32e started: 1746516068259; exited: 2025-05-06T07:26:46Z; ]
May-06 12:56:53.273 [Task monitor] DEBUG n.processor.TaskPollingMonitor - Task completed > TaskHandler[jobId: 432927; id: 38; name: SALMON_MAP_KD (DEN0107_Aviti_Severe); status: COMPLETED; exit: 0; error: -; workDir: /lustre/smriti.a/samhita/src/rnaseqCounts_pipeline/work/35/41bfb739157c89fee3c37dbaf1a342 started: 1746516078278; exited: 2025-05-06T07:26:49Z; ]
May-06 12:56:58.265 [Task monitor] DEBUG n.processor.TaskPollingMonitor - Task completed > TaskHandler[jobId: 432892; id: 3; name: SALMON_MAP_KD (IGIB11301144292n_Nextseq_Negative); status: COMPLETED; exit: 0; error: -; workDir: /lustre/smriti.a/samhita/src/rnaseqCounts_pipeline/work/4f/88aa219fbf43fd980d414dcf3241cb started: 1746516068254; exited: 2025-05-06T07:26:54Z; ]
May-06 12:56:58.280 [Task monitor] DEBUG n.processor.TaskPollingMonitor - Task completed > TaskHandler[jobId: 432950; id: 61; name: SALMON_MAP_KD (DEN0171_Aviti_Non-Severe); status: COMPLETED; exit: 0; error: -; workDir: /lustre/smriti.a/samhita/src/rnaseqCounts_pipeline/work/80/5a629c936a7b0734b9072be2fb33bd started: 1746516088252; exited: 2025-05-06T07:26:45Z; ]
May-06 12:56:58.283 [Task monitor] DEBUG n.processor.TaskPollingMonitor - Task completed > TaskHandler[jobId: 432954; id: 65; name: SALMON_MAP_KD (DEN0083_Aviti_Non-Severe); status: COMPLETED; exit: 0; error: -; workDir: /lustre/smriti.a/samhita/src/rnaseqCounts_pipeline/work/bc/2f06fb0745b99609f29de705292d4b started: 1746516088255; exited: 2025-05-06T07:26:44Z; ]
May-06 12:57:08.279 [Task monitor] DEBUG n.processor.TaskPollingMonitor - Task completed > TaskHandler[jobId: 432922; id: 33; name: SALMON_MAP_KD (DEN0100_Aviti_Severe); status: COMPLETED; exit: 0; error: -; workDir: /lustre/smriti.a/samhita/src/rnaseqCounts_pipeline/work/6d/97fc489dcbc8af6ce70a5aeacc9385 started: 1746516078263; exited: 2025-05-06T07:27:04Z; ]
May-06 12:57:13.297 [Task monitor] DEBUG n.processor.TaskPollingMonitor - Task completed > TaskHandler[jobId: 432906; id: 17; name: SALMON_MAP_KD (DEN0278_Aviti_Non-Severe); status: COMPLETED; exit: 0; error: -; workDir: /lustre/smriti.a/samhita/src/rnaseqCounts_pipeline/work/d3/257656af35dbc98d6417d1d6944093 started: 1746516073240; exited: 2025-05-06T07:27:09Z; ]
May-06 12:57:13.301 [Task monitor] DEBUG n.processor.TaskPollingMonitor - Task completed > TaskHandler[jobId: 432909; id: 20; name: SALMON_MAP_KD (IGIB11301147021n_Nextseq_Negative); status: COMPLETED; exit: 0; error: -; workDir: /lustre/smriti.a/samhita/src/rnaseqCounts_pipeline/work/34/3b33de319c00051a7065d0af9211ca started: 1746516078237; exited: 2025-05-06T07:26:51Z; ]
May-06 12:57:23.276 [Task monitor] DEBUG n.processor.TaskPollingMonitor - Task completed > TaskHandler[jobId: 432926; id: 37; name: SALMON_MAP_KD (DEN0035_Aviti_Severe); status: COMPLETED; exit: 0; error: -; workDir: /lustre/smriti.a/samhita/src/rnaseqCounts_pipeline/work/9c/78b148026146b567846498f51128c9 started: 1746516078275; exited: 2025-05-06T07:27:18Z; ]
May-06 12:57:28.272 [Task monitor] DEBUG n.processor.TaskPollingMonitor - Task completed > TaskHandler[jobId: 432913; id: 24; name: SALMON_MAP_KD (DEN0069_Nextseq_Non-Severe); status: COMPLETED; exit: 0; error: -; workDir: /lustre/smriti.a/samhita/src/rnaseqCounts_pipeline/work/5d/4b9c4a037fa9664d5939981405b375 started: 1746516078248; exited: 2025-05-06T07:27:06Z; ]
May-06 12:57:28.276 [Task monitor] DEBUG n.processor.TaskPollingMonitor - Task completed > TaskHandler[jobId: 432915; id: 26; name: SALMON_MAP_KD (DEN0090_Nextseq_Non-Severe); status: COMPLETED; exit: 0; error: -; workDir: /lustre/smriti.a/samhita/src/rnaseqCounts_pipeline/work/4c/0915c6245ea7757d494a85bb0ce522 started: 1746516078251; exited: 2025-05-06T07:27:07Z; ]
May-06 12:57:33.274 [Task monitor] DEBUG n.processor.TaskPollingMonitor - Task completed > TaskHandler[jobId: 432924; id: 35; name: SALMON_MAP_KD (IGIB1130739961n_Nextseq_Negative); status: COMPLETED; exit: 0; error: -; workDir: /lustre/smriti.a/samhita/src/rnaseqCounts_pipeline/work/86/569afd96513f1891f414532c01a67f started: 1746516078271; exited: 2025-05-06T07:27:32Z; ]
May-06 12:57:38.281 [Task monitor] DEBUG n.processor.TaskPollingMonitor - Task completed > TaskHandler[jobId: 432945; id: 56; name: SALMON_MAP_KD (DEN0061_Aviti_Non-Severe); status: COMPLETED; exit: 0; error: -; workDir: /lustre/smriti.a/samhita/src/rnaseqCounts_pipeline/work/8e/9b474aa501773f1c0749cf3ac518d6 started: 1746516083272; exited: 2025-05-06T07:27:26Z; ]
May-06 12:57:43.295 [Task monitor] DEBUG n.processor.TaskPollingMonitor - Task completed > TaskHandler[jobId: 432921; id: 32; name: SALMON_MAP_KD (DEN0283_Aviti_Severe); status: COMPLETED; exit: 0; error: -; workDir: /lustre/smriti.a/samhita/src/rnaseqCounts_pipeline/work/b8/e0f6611f0445442e07190da13f6a9c started: 1746516078261; exited: 2025-05-06T07:27:41Z; ]
May-06 12:57:43.304 [Task monitor] DEBUG n.processor.TaskPollingMonitor - Task completed > TaskHandler[jobId: 432948; id: 59; name: SALMON_MAP_KD (DEN0001_Aviti_Non-Severe); status: COMPLETED; exit: 0; error: -; workDir: /lustre/smriti.a/samhita/src/rnaseqCounts_pipeline/work/58/8596eac7d3c53cdb91d6d84d5cfc2e started: 1746516088250; exited: 2025-05-06T07:27:29Z; ]
May-06 12:57:53.275 [Task monitor] DEBUG n.processor.TaskPollingMonitor - Task completed > TaskHandler[jobId: 432929; id: 40; name: SALMON_MAP_KD (IGIB1130738517n_Nextseq_Negative); status: COMPLETED; exit: 0; error: -; workDir: /lustre/smriti.a/samhita/src/rnaseqCounts_pipeline/work/32/5b5cfd0c471d5d671226146a2ff784 started: 1746516078284; exited: 2025-05-06T07:27:50Z; ]
May-06 12:57:58.274 [Task monitor] DEBUG n.processor.TaskPollingMonitor - Task completed > TaskHandler[jobId: 432930; id: 41; name: SALMON_MAP_KD (DEN0012_Aviti_Non-Severe); status: COMPLETED; exit: 0; error: -; workDir: /lustre/smriti.a/samhita/src/rnaseqCounts_pipeline/work/84/50755081fbf6cf0267acc6c9474a2c started: 1746516083249; exited: 2025-05-06T07:27:55Z; ]
May-06 12:57:58.293 [Task monitor] DEBUG n.processor.TaskPollingMonitor - Task completed > TaskHandler[jobId: 432953; id: 64; name: SALMON_MAP_KD (DEN0343_Aviti_Severe); status: COMPLETED; exit: 0; error: -; workDir: /lustre/smriti.a/samhita/src/rnaseqCounts_pipeline/work/00/adbd88691129d0ed88742a9951d089 started: 1746516088254; exited: 2025-05-06T07:27:44Z; ]
May-06 12:58:08.271 [Task monitor] DEBUG n.processor.TaskPollingMonitor - Task completed > TaskHandler[jobId: 432903; id: 14; name: SALMON_MAP_KD (DEN0235_Aviti_Severe); status: COMPLETED; exit: 0; error: -; workDir: /lustre/smriti.a/samhita/src/rnaseqCounts_pipeline/work/f3/de26208be0d8008e360a10ab57d60d started: 1746516073234; exited: 2025-05-06T07:28:06Z; ]
May-06 12:58:08.278 [Task monitor] DEBUG n.processor.TaskPollingMonitor - Task completed > TaskHandler[jobId: 432936; id: 47; name: SALMON_MAP_KD (DEN0023_Aviti_Non-Severe); status: COMPLETED; exit: 0; error: -; workDir: /lustre/smriti.a/samhita/src/rnaseqCounts_pipeline/work/43/a381b146ff2eaedcac6ec6a9138515 started: 1746516083261; exited: 2025-05-06T07:28:06Z; ]
May-06 12:58:08.282 [Task monitor] DEBUG n.processor.TaskPollingMonitor - Task completed > TaskHandler[jobId: 432939; id: 50; name: SALMON_MAP_KD (DEN0242_Aviti_Non-Severe); status: COMPLETED; exit: 0; error: -; workDir: /lustre/smriti.a/samhita/src/rnaseqCounts_pipeline/work/1c/a3068d4a6029d839cfb571ac8d49a3 started: 1746516083265; exited: 2025-05-06T07:28:08Z; ]
May-06 12:58:13.301 [Task monitor] DEBUG n.processor.TaskPollingMonitor - Task completed > TaskHandler[jobId: 432956; id: 67; name: SALMON_MAP_KD (DEN0128_Aviti_Severe); status: COMPLETED; exit: 0; error: -; workDir: /lustre/smriti.a/samhita/src/rnaseqCounts_pipeline/work/28/93511eac177007806249d38ecce77e started: 1746516088257; exited: 2025-05-06T07:28:10Z; ]
May-06 12:58:18.271 [Task monitor] DEBUG n.processor.TaskPollingMonitor - Task completed > TaskHandler[jobId: 432896; id: 7; name: SALMON_MAP_KD (IGIB1130398710n_Nextseq_Negative); status: COMPLETED; exit: 0; error: -; workDir: /lustre/smriti.a/samhita/src/rnaseqCounts_pipeline/work/67/453c9f72839c71df8f788adf81486e started: 1746516068261; exited: 2025-05-06T07:28:17Z; ]
May-06 12:58:28.271 [Task monitor] DEBUG n.processor.TaskPollingMonitor - Task completed > TaskHandler[jobId: 432900; id: 11; name: SALMON_MAP_KD (DEN0243_Aviti_Non-Severe); status: COMPLETED; exit: 0; error: -; workDir: /lustre/smriti.a/samhita/src/rnaseqCounts_pipeline/work/84/f4cf073757ca1654b0c53dc8247287 started: 1746516068268; exited: 2025-05-06T07:28:24Z; ]
May-06 12:58:28.275 [Task monitor] DEBUG n.processor.TaskPollingMonitor - Task completed > TaskHandler[jobId: 432904; id: 15; name: SALMON_MAP_KD (DEN0026_Aviti_Severe); status: COMPLETED; exit: 0; error: -; workDir: /lustre/smriti.a/samhita/src/rnaseqCounts_pipeline/work/bf/64f06adda7e05415b99b715105be21 started: 1746516073236; exited: 2025-05-06T07:28:23Z; ]
May-06 12:58:28.284 [Task monitor] DEBUG n.processor.TaskPollingMonitor - Task completed > TaskHandler[jobId: 432967; id: 78; name: SALMON_MAP_KD (DEN0049_Aviti_Non-Severe); status: COMPLETED; exit: 0; error: -; workDir: /lustre/smriti.a/samhita/src/rnaseqCounts_pipeline/work/2e/b5b303f417693ad733b45515a1babc started: 1746516093286; exited: 2025-05-06T07:28:27Z; ]
May-06 12:58:33.273 [Task monitor] DEBUG n.processor.TaskPollingMonitor - Task completed > TaskHandler[jobId: 432907; id: 18; name: SALMON_MAP_KD (DEN0160_Nextseq_Non-Severe); status: COMPLETED; exit: 0; error: -; workDir: /lustre/smriti.a/samhita/src/rnaseqCounts_pipeline/work/1e/5b2609a412b853f275fab03b905410 started: 1746516073241; exited: 2025-05-06T07:28:28Z; ]
May-06 12:58:33.281 [Task monitor] DEBUG n.processor.TaskPollingMonitor - Task completed > TaskHandler[jobId: 432957; id: 68; name: SALMON_MAP_KD (DEN0292_Aviti_Severe); status: COMPLETED; exit: 0; error: -; workDir: /lustre/smriti.a/samhita/src/rnaseqCounts_pipeline/work/1e/da1772a9a3236a533ae9facb7fbf99 started: 1746516088258; exited: 2025-05-06T07:28:32Z; ]
May-06 12:58:43.273 [Task monitor] DEBUG n.processor.TaskPollingMonitor - Task completed > TaskHandler[jobId: 432911; id: 22; name: SALMON_MAP_KD (DEN0287_Aviti_Severe); status: COMPLETED; exit: 0; error: -; workDir: /lustre/smriti.a/samhita/src/rnaseqCounts_pipeline/work/3d/e9b8a9182b9afaa0e32ecc487f6725 started: 1746516078243; exited: 2025-05-06T07:28:19Z; ]
May-06 12:58:43.277 [Task monitor] DEBUG n.processor.TaskPollingMonitor - Task completed > TaskHandler[jobId: 432919; id: 30; name: SALMON_MAP_KD (IGIB1130739946n_Nextseq_Negative); status: COMPLETED; exit: 0; error: -; workDir: /lustre/smriti.a/samhita/src/rnaseqCounts_pipeline/work/29/be7a891a6e4c596a215cd2c6f99db9 started: 1746516078258; exited: 2025-05-06T07:28:18Z; ]
May-06 12:58:43.282 [Task monitor] DEBUG n.processor.TaskPollingMonitor - Task completed > TaskHandler[jobId: 432935; id: 46; name: SALMON_MAP_KD (DEN0179_Aviti_Non-Severe); status: COMPLETED; exit: 0; error: -; workDir: /lustre/smriti.a/samhita/src/rnaseqCounts_pipeline/work/ef/33c5fb1158209cf069a8047750c96a started: 1746516083260; exited: 2025-05-06T07:28:38Z; ]
May-06 12:58:48.273 [Task monitor] DEBUG n.processor.TaskPollingMonitor - Task completed > TaskHandler[jobId: 432905; id: 16; name: SALMON_MAP_KD (DEN0280_Aviti_Non-Severe); status: COMPLETED; exit: 0; error: -; workDir: /lustre/smriti.a/samhita/src/rnaseqCounts_pipeline/work/7c/5e75839ece055c37a626126742c7fc started: 1746516073238; exited: 2025-05-06T07:28:44Z; ]
May-06 12:58:53.276 [Task monitor] DEBUG n.processor.TaskPollingMonitor - Task completed > TaskHandler[jobId: 432941; id: 52; name: SALMON_MAP_KD (DEN0088_Aviti_Non-Severe); status: COMPLETED; exit: 0; error: -; workDir: /lustre/smriti.a/samhita/src/rnaseqCounts_pipeline/work/e8/3cc9e203393ddd7ddfc084ab001683 started: 1746516083268; exited: 2025-05-06T07:28:49Z; ]
May-06 12:59:03.274 [Task monitor] DEBUG n.processor.TaskPollingMonitor - Task completed > TaskHandler[jobId: 432937; id: 48; name: SALMON_MAP_KD (DEN0108_Aviti_Severe); status: COMPLETED; exit: 0; error: -; workDir: /lustre/smriti.a/samhita/src/rnaseqCounts_pipeline/work/32/b8c25f3dea168ecc2fa97269f0740b started: 1746516083262; exited: 2025-05-06T07:29:02Z; ]
May-06 12:59:03.280 [Task monitor] DEBUG n.processor.TaskPollingMonitor - Task completed > TaskHandler[jobId: 432960; id: 71; name: SALMON_MAP_KD (IGIB1130721728n_Nextseq_Negative); status: COMPLETED; exit: 0; error: -; workDir: /lustre/smriti.a/samhita/src/rnaseqCounts_pipeline/work/aa/880805d904d80e2afdcc56da5bf7dc started: 1746516088262; exited: 2025-05-06T07:28:58Z; ]
May-06 12:59:08.274 [Task monitor] DEBUG n.processor.TaskPollingMonitor - Task completed > TaskHandler[jobId: 432920; id: 31; name: SALMON_MAP_KD (DEN0137_Nextseq_Non-Severe); status: COMPLETED; exit: 0; error: -; workDir: /lustre/smriti.a/samhita/src/rnaseqCounts_pipeline/work/d7/bb6e7dd14274be12ea8107acafcc9e started: 1746516078260; exited: 2025-05-06T07:29:07Z; ]
May-06 12:59:08.279 [Task monitor] DEBUG n.processor.TaskPollingMonitor - Task completed > TaskHandler[jobId: 432943; id: 54; name: SALMON_MAP_KD (IGIB1130741560n_Nextseq_Negative); status: COMPLETED; exit: 0; error: -; workDir: /lustre/smriti.a/samhita/src/rnaseqCounts_pipeline/work/df/bd3d571681f82b0b9ea35f616c6940 started: 1746516083270; exited: 2025-05-06T07:29:06Z; ]
May-06 12:59:13.299 [Task monitor] DEBUG n.processor.TaskPollingMonitor - Task completed > TaskHandler[jobId: 432902; id: 13; name: SALMON_MAP_KD (IGIB1130398948n_Nextseq_Negative); status: COMPLETED; exit: 0; error: -; workDir: /lustre/smriti.a/samhita/src/rnaseqCounts_pipeline/work/41/b48c0c21d732c8d451ca2551e65da6 started: 1746516073232; exited: 2025-05-06T07:29:13Z; ]
May-06 12:59:13.304 [Task monitor] DEBUG n.processor.TaskPollingMonitor - Task completed > TaskHandler[jobId: 432916; id: 27; name: SALMON_MAP_KD (IGIB1130409267n_Nextseq_Negative); status: COMPLETED; exit: 0; error: -; workDir: /lustre/smriti.a/samhita/src/rnaseqCounts_pipeline/work/63/348689f0b70294226474e207502937 started: 1746516078253; exited: 2025-05-06T07:28:49Z; ]
May-06 12:59:18.275 [Task monitor] DEBUG n.processor.TaskPollingMonitor - Task completed > TaskHandler[jobId: 432898; id: 9; name: SALMON_MAP_KD (DEN0317_Nextseq_Non-Severe); status: COMPLETED; exit: 0; error: -; workDir: /lustre/smriti.a/samhita/src/rnaseqCounts_pipeline/work/dc/220fd33eba44699c851b88ade5aebb started: 1746516068265; exited: 2025-05-06T07:29:16Z; ]
May-06 12:59:18.281 [Task monitor] DEBUG n.processor.TaskPollingMonitor - Task completed > TaskHandler[jobId: 432959; id: 70; name: SALMON_MAP_KD (DEN0095_Nextseq_Non-Severe); status: COMPLETED; exit: 0; error: -; workDir: /lustre/smriti.a/samhita/src/rnaseqCounts_pipeline/work/d1/ddc9dda9251dc51e5a6b8ca6b5f4c1 started: 1746516088261; exited: 2025-05-06T07:29:14Z; ]
May-06 12:59:18.285 [Task monitor] DEBUG n.processor.TaskPollingMonitor - Task completed > TaskHandler[jobId: 432965; id: 76; name: SALMON_MAP_KD (DEN0342_Nextseq_Severe); status: COMPLETED; exit: 0; error: -; workDir: /lustre/smriti.a/samhita/src/rnaseqCounts_pipeline/work/ce/22205510c4de9526b0b177ad90bcee started: 1746516093281; exited: 2025-05-06T07:29:14Z; ]
May-06 12:59:23.274 [Task monitor] DEBUG n.processor.TaskPollingMonitor - Task completed > TaskHandler[jobId: 432901; id: 12; name: SALMON_MAP_KD (DEN0010_Aviti_Non-Severe); status: COMPLETED; exit: 0; error: -; workDir: /lustre/smriti.a/samhita/src/rnaseqCounts_pipeline/work/33/c840433558ca78f19d8a721dab53e7 started: 1746516073229; exited: 2025-05-06T07:29:20Z; ]
May-06 12:59:38.273 [Task monitor] DEBUG n.processor.TaskPollingMonitor - Task completed > TaskHandler[jobId: 432923; id: 34; name: SALMON_MAP_KD (DEN0294_Aviti_Severe); status: COMPLETED; exit: 0; error: -; workDir: /lustre/smriti.a/samhita/src/rnaseqCounts_pipeline/work/61/1547c2f97fd7c2491a36554d0ee4a9 started: 1746516078264; exited: 2025-05-06T07:29:37Z; ]
May-06 12:59:43.276 [Task monitor] DEBUG n.processor.TaskPollingMonitor - Task completed > TaskHandler[jobId: 432940; id: 51; name: SALMON_MAP_KD (DEN0270_Aviti_Non-Severe); status: COMPLETED; exit: 0; error: -; workDir: /lustre/smriti.a/samhita/src/rnaseqCounts_pipeline/work/48/9a8b1237644c5e1b35ab4220f19147 started: 1746516083267; exited: 2025-05-06T07:29:40Z; ]
May-06 12:59:48.277 [Task monitor] DEBUG n.processor.TaskPollingMonitor - Task completed > TaskHandler[jobId: 432934; id: 45; name: SALMON_MAP_KD (DEN0284_Aviti_Non-Severe); status: COMPLETED; exit: 0; error: -; workDir: /lustre/smriti.a/samhita/src/rnaseqCounts_pipeline/work/37/db627a55ed3f7eba34581af6e8f1a9 started: 1746516083258; exited: 2025-05-06T07:29:43Z; ]
May-06 12:59:53.277 [Task monitor] DEBUG n.processor.TaskPollingMonitor - Task completed > TaskHandler[jobId: 432891; id: 2; name: SALMON_MAP_KD (DEN0121_Aviti_Severe); status: COMPLETED; exit: 0; error: -; workDir: /lustre/smriti.a/samhita/src/rnaseqCounts_pipeline/work/fe/7244fb6c29e2b961f6ae1548b934f3 started: 1746516068252; exited: 2025-05-06T07:29:49Z; ]
May-06 13:00:03.281 [Task monitor] DEBUG n.processor.TaskPollingMonitor - Task completed > TaskHandler[jobId: 432942; id: 53; name: SALMON_MAP_KD (IGIB11301155721n_Nextseq_Negative); status: COMPLETED; exit: 0; error: -; workDir: /lustre/smriti.a/samhita/src/rnaseqCounts_pipeline/work/db/c0ce3a358b450cbf3bf2d5045d415e started: 1746516083269; exited: 2025-05-06T07:30:01Z; ]
May-06 13:00:08.281 [Task monitor] DEBUG n.processor.TaskPollingMonitor - Task completed > TaskHandler[jobId: 432925; id: 36; name: SALMON_MAP_KD (DEN0126_Nextseq_Non-Severe); status: COMPLETED; exit: 0; error: -; workDir: /lustre/smriti.a/samhita/src/rnaseqCounts_pipeline/work/d8/e84cc3d6c90ff13c29b7835efdfde2 started: 1746516078272; exited: 2025-05-06T07:30:07Z; ]
May-06 13:01:08.284 [Task monitor] DEBUG n.processor.TaskPollingMonitor - !! executor slurm > tasks to be completed: 1 -- submitted tasks are shown below
~> TaskHandler[jobId: 432938; id: 49; name: SALMON_MAP_KD (DEN0271_Aviti_Severe); status: RUNNING; exit: -; error: -; workDir: /lustre/smriti.a/samhita/src/rnaseqCounts_pipeline/work/db/2bcb6291d6f2415fe5a2d68787ae7f started: 1746516083264; exited: 2025-05-06T07:31:04Z; ]
May-06 13:01:08.288 [Task monitor] DEBUG n.processor.TaskPollingMonitor - Task completed > TaskHandler[jobId: 432938; id: 49; name: SALMON_MAP_KD (DEN0271_Aviti_Severe); status: COMPLETED; exit: 0; error: -; workDir: /lustre/smriti.a/samhita/src/rnaseqCounts_pipeline/work/db/2bcb6291d6f2415fe5a2d68787ae7f started: 1746516083264; exited: 2025-05-06T07:31:04Z; ]
May-06 13:01:08.316 [main] DEBUG nextflow.Session - Session await > all processes finished
May-06 13:01:13.286 [Task monitor] DEBUG n.processor.TaskPollingMonitor - <<< barrier arrives (monitor: slurm) - terminating tasks monitor poll loop
May-06 13:01:13.287 [main] DEBUG nextflow.Session - Session await > all barriers passed
May-06 13:01:13.296 [main] DEBUG nextflow.util.ThreadPoolManager - Thread pool 'TaskFinalizer' shutdown completed (hard=false)
May-06 13:01:13.297 [main] DEBUG nextflow.util.ThreadPoolManager - Thread pool 'PublishDir' shutdown completed (hard=false)
May-06 13:01:13.306 [main] DEBUG n.trace.WorkflowStatsObserver - Workflow completed > WorkflowStats[succeededCount=78; failedCount=0; ignoredCount=0; cachedCount=0; pendingCount=0; submittedCount=0; runningCount=0; retriesCount=0; abortedCount=0; succeedDuration=3d 9h 7m 32s; failedDuration=0ms; cachedDuration=0ms;loadCpus=0; loadMemory=0; peakRunning=78; peakCpus=780; peakMemory=3 TB; ]
May-06 13:01:13.306 [main] DEBUG nextflow.trace.TraceFileObserver - Workflow completed -- saving trace file
May-06 13:01:13.309 [main] DEBUG nextflow.trace.ReportObserver - Workflow completed -- rendering execution report
May-06 13:01:13.981 [main] DEBUG nextflow.trace.TimelineObserver - Workflow completed -- rendering execution timeline
May-06 13:01:14.291 [main] DEBUG nextflow.cache.CacheDB - Closing CacheDB done
May-06 13:01:14.470 [main] DEBUG nextflow.util.ThreadPoolManager - Thread pool 'FileTransfer' shutdown completed (hard=false)
May-06 13:01:14.471 [main] DEBUG nextflow.script.ScriptRunner - > Execution complete -- Goodbye
